[0.124s] DEBUG:colcon:Command line arguments: ['/usr/bin/colcon', 'build']
[0.124s] DEBUG:colcon:Parsed command line arguments: Namespace(allow_overriding=[], ament_cmake_args=None, base_paths=['.'], build_base='build', catkin_cmake_args=None, catkin_skip_building_tests=False, cmake_args=None, cmake_clean_cache=False, cmake_clean_first=False, cmake_force_configure=False, cmake_target=None, cmake_target_skip_unavailable=False, continue_on_error=False, event_handlers=None, executor='parallel', ignore_user_meta=False, install_base='install', log_base=None, log_level=None, main=<bound method BuildVerb.main of <colcon_core.verb.build.BuildVerb object at 0xffff8ee9d280>>, merge_install=False, metas=['./colcon.meta'], packages_above=None, packages_above_and_dependencies=None, packages_above_depth=None, packages_end=None, packages_ignore=None, packages_ignore_regex=None, packages_select=None, packages_select_build_failed=False, packages_select_by_dep=None, packages_select_regex=None, packages_select_test_failures=False, packages_skip=None, packages_skip_build_finished=False, packages_skip_by_dep=None, packages_skip_regex=None, packages_skip_test_passed=False, packages_skip_up_to=None, packages_start=None, packages_up_to=None, packages_up_to_regex=None, parallel_workers=4, paths=None, symlink_install=False, test_result_base=None, verb_extension=<colcon_core.verb.build.BuildVerb object at 0xffff8ee9d280>, verb_name='build', verb_parser=<colcon_defaults.argument_parser.defaults.DefaultArgumentsDecorator object at 0xffff8ee9d7c0>)
[0.143s] Level 1:colcon.colcon_core.package_discovery:discover_packages(colcon_meta) check parameters
[0.143s] Level 1:colcon.colcon_core.package_discovery:discover_packages(recursive) check parameters
[0.143s] Level 1:colcon.colcon_core.package_discovery:discover_packages(ignore) check parameters
[0.143s] Level 1:colcon.colcon_core.package_discovery:discover_packages(path) check parameters
[0.143s] Level 1:colcon.colcon_core.package_discovery:discover_packages(colcon_meta) discover
[0.143s] Level 1:colcon.colcon_core.package_discovery:discover_packages(recursive) discover
[0.143s] INFO:colcon.colcon_core.package_discovery:Crawling recursively for packages in '/home/yifu/turtlebot_4/ros2_ws'
[0.143s] Level 1:colcon.colcon_core.package_identification:_identify(.) by extensions ['ignore', 'ignore_ament_install']
[0.143s] Level 1:colcon.colcon_core.package_identification:_identify(.) by extension 'ignore'
[0.143s] Level 1:colcon.colcon_core.package_identification:_identify(.) by extension 'ignore_ament_install'
[0.144s] Level 1:colcon.colcon_core.package_identification:_identify(.) by extensions ['colcon_pkg']
[0.144s] Level 1:colcon.colcon_core.package_identification:_identify(.) by extension 'colcon_pkg'
[0.144s] Level 1:colcon.colcon_core.package_identification:_identify(.) by extensions ['colcon_meta']
[0.144s] Level 1:colcon.colcon_core.package_identification:_identify(.) by extension 'colcon_meta'
[0.144s] Level 1:colcon.colcon_core.package_identification:_identify(.) by extensions ['ros']
[0.144s] Level 1:colcon.colcon_core.package_identification:_identify(.) by extension 'ros'
[0.159s] Level 1:colcon.colcon_core.package_identification:_identify(.) by extensions ['cmake', 'python']
[0.159s] Level 1:colcon.colcon_core.package_identification:_identify(.) by extension 'cmake'
[0.159s] Level 1:colcon.colcon_core.package_identification:_identify(.) by extension 'python'
[0.159s] Level 1:colcon.colcon_core.package_identification:_identify(.) by extensions ['python_setup_py']
[0.159s] Level 1:colcon.colcon_core.package_identification:_identify(.) by extension 'python_setup_py'
[0.159s] Level 1:colcon.colcon_core.package_identification:_identify(build) by extensions ['ignore', 'ignore_ament_install']
[0.159s] Level 1:colcon.colcon_core.package_identification:_identify(build) by extension 'ignore'
[0.159s] Level 1:colcon.colcon_core.package_identification:_identify(build) ignored
[0.159s] Level 1:colcon.colcon_core.package_identification:_identify(install) by extensions ['ignore', 'ignore_ament_install']
[0.160s] Level 1:colcon.colcon_core.package_identification:_identify(install) by extension 'ignore'
[0.160s] Level 1:colcon.colcon_core.package_identification:_identify(install) ignored
[0.160s] Level 1:colcon.colcon_core.package_identification:_identify(log) by extensions ['ignore', 'ignore_ament_install']
[0.160s] Level 1:colcon.colcon_core.package_identification:_identify(log) by extension 'ignore'
[0.160s] Level 1:colcon.colcon_core.package_identification:_identify(log) ignored
[0.160s] Level 1:colcon.colcon_core.package_identification:_identify(src) by extensions ['ignore', 'ignore_ament_install']
[0.160s] Level 1:colcon.colcon_core.package_identification:_identify(src) by extension 'ignore'
[0.160s] Level 1:colcon.colcon_core.package_identification:_identify(src) by extension 'ignore_ament_install'
[0.160s] Level 1:colcon.colcon_core.package_identification:_identify(src) by extensions ['colcon_pkg']
[0.160s] Level 1:colcon.colcon_core.package_identification:_identify(src) by extension 'colcon_pkg'
[0.160s] Level 1:colcon.colcon_core.package_identification:_identify(src) by extensions ['colcon_meta']
[0.160s] Level 1:colcon.colcon_core.package_identification:_identify(src) by extension 'colcon_meta'
[0.160s] Level 1:colcon.colcon_core.package_identification:_identify(src) by extensions ['ros']
[0.160s] Level 1:colcon.colcon_core.package_identification:_identify(src) by extension 'ros'
[0.160s] Level 1:colcon.colcon_core.package_identification:_identify(src) by extensions ['cmake', 'python']
[0.160s] Level 1:colcon.colcon_core.package_identification:_identify(src) by extension 'cmake'
[0.160s] Level 1:colcon.colcon_core.package_identification:_identify(src) by extension 'python'
[0.161s] Level 1:colcon.colcon_core.package_identification:_identify(src) by extensions ['python_setup_py']
[0.161s] Level 1:colcon.colcon_core.package_identification:_identify(src) by extension 'python_setup_py'
[0.161s] Level 1:colcon.colcon_core.package_identification:_identify(src/build) by extensions ['ignore', 'ignore_ament_install']
[0.161s] Level 1:colcon.colcon_core.package_identification:_identify(src/build) by extension 'ignore'
[0.161s] Level 1:colcon.colcon_core.package_identification:_identify(src/build) ignored
[0.161s] Level 1:colcon.colcon_core.package_identification:_identify(src/install) by extensions ['ignore', 'ignore_ament_install']
[0.161s] Level 1:colcon.colcon_core.package_identification:_identify(src/install) by extension 'ignore'
[0.161s] Level 1:colcon.colcon_core.package_identification:_identify(src/install) ignored
[0.161s] Level 1:colcon.colcon_core.package_identification:_identify(src/log) by extensions ['ignore', 'ignore_ament_install']
[0.161s] Level 1:colcon.colcon_core.package_identification:_identify(src/log) by extension 'ignore'
[0.161s] Level 1:colcon.colcon_core.package_identification:_identify(src/log) ignored
[0.161s] Level 1:colcon.colcon_core.package_identification:_identify(src/proxemic_detector_pkg) by extensions ['ignore', 'ignore_ament_install']
[0.161s] Level 1:colcon.colcon_core.package_identification:_identify(src/proxemic_detector_pkg) by extension 'ignore'
[0.161s] Level 1:colcon.colcon_core.package_identification:_identify(src/proxemic_detector_pkg) by extension 'ignore_ament_install'
[0.161s] Level 1:colcon.colcon_core.package_identification:_identify(src/proxemic_detector_pkg) by extensions ['colcon_pkg']
[0.161s] Level 1:colcon.colcon_core.package_identification:_identify(src/proxemic_detector_pkg) by extension 'colcon_pkg'
[0.161s] Level 1:colcon.colcon_core.package_identification:_identify(src/proxemic_detector_pkg) by extensions ['colcon_meta']
[0.161s] Level 1:colcon.colcon_core.package_identification:_identify(src/proxemic_detector_pkg) by extension 'colcon_meta'
[0.162s] Level 1:colcon.colcon_core.package_identification:_identify(src/proxemic_detector_pkg) by extensions ['ros']
[0.162s] Level 1:colcon.colcon_core.package_identification:_identify(src/proxemic_detector_pkg) by extension 'ros'
[0.164s] DEBUG:colcon.colcon_core.package_identification:Package 'src/proxemic_detector_pkg' with type 'ros.ament_python' and name 'proxemic_detector_pkg'
[0.164s] Level 1:colcon.colcon_core.package_discovery:discover_packages(recursive) using defaults
[0.164s] Level 1:colcon.colcon_core.package_discovery:discover_packages(ignore) discover
[0.164s] Level 1:colcon.colcon_core.package_discovery:discover_packages(ignore) using defaults
[0.164s] Level 1:colcon.colcon_core.package_discovery:discover_packages(path) discover
[0.164s] Level 1:colcon.colcon_core.package_discovery:discover_packages(path) using defaults
[0.177s] Level 1:colcon.colcon_core.package_discovery:discover_packages(prefix_path) check parameters
[0.177s] Level 1:colcon.colcon_core.package_discovery:discover_packages(prefix_path) discover
[0.179s] DEBUG:colcon.colcon_installed_package_information.package_discovery:Found 340 installed packages in /opt/ros/galactic
[0.180s] Level 1:colcon.colcon_core.package_discovery:discover_packages(prefix_path) using defaults
[0.221s] Level 5:colcon.colcon_core.verb:set package 'proxemic_detector_pkg' build argument 'cmake_args' from command line to 'None'
[0.221s] Level 5:colcon.colcon_core.verb:set package 'proxemic_detector_pkg' build argument 'cmake_target' from command line to 'None'
[0.221s] Level 5:colcon.colcon_core.verb:set package 'proxemic_detector_pkg' build argument 'cmake_target_skip_unavailable' from command line to 'False'
[0.221s] Level 5:colcon.colcon_core.verb:set package 'proxemic_detector_pkg' build argument 'cmake_clean_cache' from command line to 'False'
[0.221s] Level 5:colcon.colcon_core.verb:set package 'proxemic_detector_pkg' build argument 'cmake_clean_first' from command line to 'False'
[0.221s] Level 5:colcon.colcon_core.verb:set package 'proxemic_detector_pkg' build argument 'cmake_force_configure' from command line to 'False'
[0.221s] Level 5:colcon.colcon_core.verb:set package 'proxemic_detector_pkg' build argument 'ament_cmake_args' from command line to 'None'
[0.221s] Level 5:colcon.colcon_core.verb:set package 'proxemic_detector_pkg' build argument 'catkin_cmake_args' from command line to 'None'
[0.221s] Level 5:colcon.colcon_core.verb:set package 'proxemic_detector_pkg' build argument 'catkin_skip_building_tests' from command line to 'False'
[0.221s] DEBUG:colcon.colcon_core.verb:Building package 'proxemic_detector_pkg' with the following arguments: {'ament_cmake_args': None, 'build_base': '/home/yifu/turtlebot_4/ros2_ws/build/proxemic_detector_pkg', 'catkin_cmake_args': None, 'catkin_skip_building_tests': False, 'cmake_args': None, 'cmake_clean_cache': False, 'cmake_clean_first': False, 'cmake_force_configure': False, 'cmake_target': None, 'cmake_target_skip_unavailable': False, 'install_base': '/home/yifu/turtlebot_4/ros2_ws/install/proxemic_detector_pkg', 'merge_install': False, 'path': '/home/yifu/turtlebot_4/ros2_ws/src/proxemic_detector_pkg', 'symlink_install': False, 'test_result_base': None}
[0.221s] INFO:colcon.colcon_core.executor:Executing jobs using 'parallel' executor
[0.223s] DEBUG:colcon.colcon_parallel_executor.executor.parallel:run_until_complete
[0.224s] INFO:colcon.colcon_ros.task.ament_python.build:Building ROS package in '/home/yifu/turtlebot_4/ros2_ws/src/proxemic_detector_pkg' with build type 'ament_python'
[0.224s] Level 1:colcon.colcon_core.shell:create_environment_hook('proxemic_detector_pkg', 'ament_prefix_path')
[0.228s] INFO:colcon.colcon_core.plugin_system:Skipping extension 'colcon_core.shell.bat': Not used on non-Windows systems
[0.228s] INFO:colcon.colcon_core.shell:Creating environment hook '/home/yifu/turtlebot_4/ros2_ws/install/proxemic_detector_pkg/share/proxemic_detector_pkg/hook/ament_prefix_path.ps1'
[0.228s] INFO:colcon.colcon_core.shell:Creating environment descriptor '/home/yifu/turtlebot_4/ros2_ws/install/proxemic_detector_pkg/share/proxemic_detector_pkg/hook/ament_prefix_path.dsv'
[0.229s] INFO:colcon.colcon_core.shell:Creating environment hook '/home/yifu/turtlebot_4/ros2_ws/install/proxemic_detector_pkg/share/proxemic_detector_pkg/hook/ament_prefix_path.sh'
[0.230s] INFO:colcon.colcon_core.shell:Skip shell extension 'powershell' for command environment: Not usable outside of PowerShell
[0.230s] DEBUG:colcon.colcon_core.shell:Skip shell extension 'dsv' for command environment
[0.430s] INFO:colcon.colcon_core.task.python.build:Building Python package in '/home/yifu/turtlebot_4/ros2_ws/src/proxemic_detector_pkg'
[0.431s] INFO:colcon.colcon_core.shell:Skip shell extension 'powershell' for command environment: Not usable outside of PowerShell
[0.431s] DEBUG:colcon.colcon_core.shell:Skip shell extension 'dsv' for command environment
[0.751s] DEBUG:colcon.colcon_core.event_handler.log_command:Invoking command in '/home/yifu/turtlebot_4/ros2_ws/src/proxemic_detector_pkg': PYTHONPATH=/home/yifu/turtlebot_4/ros2_ws/install/proxemic_detector_pkg/lib/python3.8/site-packages:${PYTHONPATH} /usr/bin/python3 setup.py egg_info --egg-base ../../build/proxemic_detector_pkg build --build-base /home/yifu/turtlebot_4/ros2_ws/build/proxemic_detector_pkg/build install --prefix /home/yifu/turtlebot_4/ros2_ws/install/proxemic_detector_pkg --record /home/yifu/turtlebot_4/ros2_ws/build/proxemic_detector_pkg/install.log --single-version-externally-managed
[0.962s] DEBUG:colcon.colcon_core.event_handler.log_command:Invoked command in '/home/yifu/turtlebot_4/ros2_ws/src/proxemic_detector_pkg' returned '0': PYTHONPATH=/home/yifu/turtlebot_4/ros2_ws/install/proxemic_detector_pkg/lib/python3.8/site-packages:${PYTHONPATH} /usr/bin/python3 setup.py egg_info --egg-base ../../build/proxemic_detector_pkg build --build-base /home/yifu/turtlebot_4/ros2_ws/build/proxemic_detector_pkg/build install --prefix /home/yifu/turtlebot_4/ros2_ws/install/proxemic_detector_pkg --record /home/yifu/turtlebot_4/ros2_ws/build/proxemic_detector_pkg/install.log --single-version-externally-managed
[0.968s] Level 1:colcon.colcon_core.environment:checking '/home/yifu/turtlebot_4/ros2_ws/install/proxemic_detector_pkg' for CMake module files
[0.969s] Level 1:colcon.colcon_core.environment:checking '/home/yifu/turtlebot_4/ros2_ws/install/proxemic_detector_pkg' for CMake config files
[0.969s] Level 1:colcon.colcon_core.environment:checking '/home/yifu/turtlebot_4/ros2_ws/install/proxemic_detector_pkg/lib'
[0.970s] Level 1:colcon.colcon_core.environment:checking '/home/yifu/turtlebot_4/ros2_ws/install/proxemic_detector_pkg/bin'
[0.970s] Level 1:colcon.colcon_core.environment:checking '/home/yifu/turtlebot_4/ros2_ws/install/proxemic_detector_pkg/lib/pkgconfig/proxemic_detector_pkg.pc'
[0.970s] Level 1:colcon.colcon_core.environment:checking '/home/yifu/turtlebot_4/ros2_ws/install/proxemic_detector_pkg/lib/python3.8/site-packages'
[0.970s] Level 1:colcon.colcon_core.shell:create_environment_hook('proxemic_detector_pkg', 'pythonpath')
[0.971s] INFO:colcon.colcon_core.shell:Creating environment hook '/home/yifu/turtlebot_4/ros2_ws/install/proxemic_detector_pkg/share/proxemic_detector_pkg/hook/pythonpath.ps1'
[0.971s] INFO:colcon.colcon_core.shell:Creating environment descriptor '/home/yifu/turtlebot_4/ros2_ws/install/proxemic_detector_pkg/share/proxemic_detector_pkg/hook/pythonpath.dsv'
[0.971s] INFO:colcon.colcon_core.shell:Creating environment hook '/home/yifu/turtlebot_4/ros2_ws/install/proxemic_detector_pkg/share/proxemic_detector_pkg/hook/pythonpath.sh'
[0.972s] Level 1:colcon.colcon_core.environment:checking '/home/yifu/turtlebot_4/ros2_ws/install/proxemic_detector_pkg/bin'
[0.972s] Level 1:colcon.colcon_core.environment:create_environment_scripts_only(proxemic_detector_pkg)
[0.973s] INFO:colcon.colcon_core.shell:Creating package script '/home/yifu/turtlebot_4/ros2_ws/install/proxemic_detector_pkg/share/proxemic_detector_pkg/package.ps1'
[0.974s] INFO:colcon.colcon_core.shell:Creating package descriptor '/home/yifu/turtlebot_4/ros2_ws/install/proxemic_detector_pkg/share/proxemic_detector_pkg/package.dsv'
[0.975s] INFO:colcon.colcon_core.shell:Creating package script '/home/yifu/turtlebot_4/ros2_ws/install/proxemic_detector_pkg/share/proxemic_detector_pkg/package.sh'
[0.975s] INFO:colcon.colcon_core.shell:Creating package script '/home/yifu/turtlebot_4/ros2_ws/install/proxemic_detector_pkg/share/proxemic_detector_pkg/package.bash'
[0.976s] INFO:colcon.colcon_core.shell:Creating package script '/home/yifu/turtlebot_4/ros2_ws/install/proxemic_detector_pkg/share/proxemic_detector_pkg/package.zsh'
[0.977s] Level 1:colcon.colcon_core.environment:create_file_with_runtime_dependencies(/home/yifu/turtlebot_4/ros2_ws/install/proxemic_detector_pkg/share/colcon-core/packages/proxemic_detector_pkg)
[0.978s] DEBUG:colcon.colcon_parallel_executor.executor.parallel:closing loop
[0.978s] DEBUG:colcon.colcon_parallel_executor.executor.parallel:loop closed
[0.978s] DEBUG:colcon.colcon_parallel_executor.executor.parallel:run_until_complete finished with '0'
[0.978s] DEBUG:colcon.colcon_core.event_reactor:joining thread
[0.986s] INFO:colcon.colcon_core.plugin_system:Skipping extension 'colcon_notification.desktop_notification.terminal_notifier': Not used on non-Darwin systems
[0.986s] INFO:colcon.colcon_core.plugin_system:Skipping extension 'colcon_notification.desktop_notification.win32': Not used on non-Windows systems
[0.987s] INFO:colcon.colcon_notification.desktop_notification:Sending desktop notification using 'notify2'
[1.015s] DEBUG:colcon.colcon_core.event_reactor:joined thread
[1.016s] INFO:colcon.colcon_core.shell:Creating prefix script '/home/yifu/turtlebot_4/ros2_ws/install/local_setup.ps1'
[1.017s] INFO:colcon.colcon_core.shell:Creating prefix util module '/home/yifu/turtlebot_4/ros2_ws/install/_local_setup_util_ps1.py'
[1.018s] INFO:colcon.colcon_core.shell:Creating prefix chain script '/home/yifu/turtlebot_4/ros2_ws/install/setup.ps1'
[1.019s] INFO:colcon.colcon_core.shell:Creating prefix script '/home/yifu/turtlebot_4/ros2_ws/install/local_setup.sh'
[1.024s] INFO:colcon.colcon_core.shell:Creating prefix util module '/home/yifu/turtlebot_4/ros2_ws/install/_local_setup_util_sh.py'
[1.025s] INFO:colcon.colcon_core.shell:Creating prefix chain script '/home/yifu/turtlebot_4/ros2_ws/install/setup.sh'
[1.026s] INFO:colcon.colcon_core.shell:Creating prefix script '/home/yifu/turtlebot_4/ros2_ws/install/local_setup.bash'
[1.028s] INFO:colcon.colcon_core.shell:Creating prefix chain script '/home/yifu/turtlebot_4/ros2_ws/install/setup.bash'
[1.029s] INFO:colcon.colcon_core.shell:Creating prefix script '/home/yifu/turtlebot_4/ros2_ws/install/local_setup.zsh'
[1.030s] INFO:colcon.colcon_core.shell:Creating prefix chain script '/home/yifu/turtlebot_4/ros2_ws/install/setup.zsh'
