running egg_info
creating ../build/proxemic_detector_pkg/proxemic_detector_pkg.egg-info
writing ../build/proxemic_detector_pkg/proxemic_detector_pkg.egg-info/PKG-INFO
writing dependency_links to ../build/proxemic_detector_pkg/proxemic_detector_pkg.egg-info/dependency_links.txt
writing entry points to ../build/proxemic_detector_pkg/proxemic_detector_pkg.egg-info/entry_points.txt
writing requirements to ../build/proxemic_detector_pkg/proxemic_detector_pkg.egg-info/requires.txt
writing top-level names to ../build/proxemic_detector_pkg/proxemic_detector_pkg.egg-info/top_level.txt
writing manifest file '../build/proxemic_detector_pkg/proxemic_detector_pkg.egg-info/SOURCES.txt'
reading manifest file '../build/proxemic_detector_pkg/proxemic_detector_pkg.egg-info/SOURCES.txt'
writing manifest file '../build/proxemic_detector_pkg/proxemic_detector_pkg.egg-info/SOURCES.txt'
running build
running build_py
creating /home/yifu/ros2_ws/src/build/proxemic_detector_pkg/build
creating /home/yifu/ros2_ws/src/build/proxemic_detector_pkg/build/lib
creating /home/yifu/ros2_ws/src/build/proxemic_detector_pkg/build/lib/proxemic_detector_pkg
copying proxemic_detector_pkg/turtlebot_proxemic_detector_node.py -> /home/yifu/ros2_ws/src/build/proxemic_detector_pkg/build/lib/proxemic_detector_pkg
copying proxemic_detector_pkg/__init__.py -> /home/yifu/ros2_ws/src/build/proxemic_detector_pkg/build/lib/proxemic_detector_pkg
running install
running install_lib
creating /home/yifu/ros2_ws/src/install/proxemic_detector_pkg/lib/python3.8/site-packages/proxemic_detector_pkg
copying /home/yifu/ros2_ws/src/build/proxemic_detector_pkg/build/lib/proxemic_detector_pkg/turtlebot_proxemic_detector_node.py -> /home/yifu/ros2_ws/src/install/proxemic_detector_pkg/lib/python3.8/site-packages/proxemic_detector_pkg
copying /home/yifu/ros2_ws/src/build/proxemic_detector_pkg/build/lib/proxemic_detector_pkg/__init__.py -> /home/yifu/ros2_ws/src/install/proxemic_detector_pkg/lib/python3.8/site-packages/proxemic_detector_pkg
byte-compiling /home/yifu/ros2_ws/src/install/proxemic_detector_pkg/lib/python3.8/site-packages/proxemic_detector_pkg/turtlebot_proxemic_detector_node.py to turtlebot_proxemic_detector_node.cpython-38.pyc
byte-compiling /home/yifu/ros2_ws/src/install/proxemic_detector_pkg/lib/python3.8/site-packages/proxemic_detector_pkg/__init__.py to __init__.cpython-38.pyc
running install_data
creating /home/yifu/ros2_ws/src/install/proxemic_detector_pkg/share/ament_index
creating /home/yifu/ros2_ws/src/install/proxemic_detector_pkg/share/ament_index/resource_index
creating /home/yifu/ros2_ws/src/install/proxemic_detector_pkg/share/ament_index/resource_index/packages
copying resource/proxemic_detector_pkg -> /home/yifu/ros2_ws/src/install/proxemic_detector_pkg/share/ament_index/resource_index/packages
copying package.xml -> /home/yifu/ros2_ws/src/install/proxemic_detector_pkg/share/proxemic_detector_pkg
running install_egg_info
Copying ../build/proxemic_detector_pkg/proxemic_detector_pkg.egg-info to /home/yifu/ros2_ws/src/install/proxemic_detector_pkg/lib/python3.8/site-packages/proxemic_detector_pkg-0.0.0-py3.8.egg-info
running install_scripts
Installing turtlebot_proxemic_detector_node script to /home/yifu/ros2_ws/src/install/proxemic_detector_pkg/lib/proxemic_detector_pkg
writing list of installed files to '/home/yifu/ros2_ws/src/build/proxemic_detector_pkg/install.log'
