[0.531s] Invoking command in '/home/yifu/ros2_ws/src/proxemic_detector_pkg': PYTHONPATH=/home/yifu/ros2_ws/src/install/proxemic_detector_pkg/lib/python3.8/site-packages:${PYTHONPATH} /usr/bin/python3 setup.py egg_info --egg-base ../build/proxemic_detector_pkg build --build-base /home/yifu/ros2_ws/src/build/proxemic_detector_pkg/build install --prefix /home/yifu/ros2_ws/src/install/proxemic_detector_pkg --record /home/yifu/ros2_ws/src/build/proxemic_detector_pkg/install.log --single-version-externally-managed
[0.664s] running egg_info
[0.667s] creating ../build/proxemic_detector_pkg/proxemic_detector_pkg.egg-info
[0.667s] writing ../build/proxemic_detector_pkg/proxemic_detector_pkg.egg-info/PKG-INFO
[0.667s] writing dependency_links to ../build/proxemic_detector_pkg/proxemic_detector_pkg.egg-info/dependency_links.txt
[0.667s] writing entry points to ../build/proxemic_detector_pkg/proxemic_detector_pkg.egg-info/entry_points.txt
[0.667s] writing requirements to ../build/proxemic_detector_pkg/proxemic_detector_pkg.egg-info/requires.txt
[0.667s] writing top-level names to ../build/proxemic_detector_pkg/proxemic_detector_pkg.egg-info/top_level.txt
[0.667s] writing manifest file '../build/proxemic_detector_pkg/proxemic_detector_pkg.egg-info/SOURCES.txt'
[0.683s] reading manifest file '../build/proxemic_detector_pkg/proxemic_detector_pkg.egg-info/SOURCES.txt'
[0.684s] writing manifest file '../build/proxemic_detector_pkg/proxemic_detector_pkg.egg-info/SOURCES.txt'
[0.684s] running build
[0.684s] running build_py
[0.684s] creating /home/yifu/ros2_ws/src/build/proxemic_detector_pkg/build
[0.684s] creating /home/yifu/ros2_ws/src/build/proxemic_detector_pkg/build/lib
[0.684s] creating /home/yifu/ros2_ws/src/build/proxemic_detector_pkg/build/lib/proxemic_detector_pkg
[0.684s] copying proxemic_detector_pkg/turtlebot_proxemic_detector_node.py -> /home/yifu/ros2_ws/src/build/proxemic_detector_pkg/build/lib/proxemic_detector_pkg
[0.684s] copying proxemic_detector_pkg/__init__.py -> /home/yifu/ros2_ws/src/build/proxemic_detector_pkg/build/lib/proxemic_detector_pkg
[0.684s] running install
[0.685s] running install_lib
[0.685s] creating /home/yifu/ros2_ws/src/install/proxemic_detector_pkg/lib/python3.8/site-packages/proxemic_detector_pkg
[0.685s] copying /home/yifu/ros2_ws/src/build/proxemic_detector_pkg/build/lib/proxemic_detector_pkg/turtlebot_proxemic_detector_node.py -> /home/yifu/ros2_ws/src/install/proxemic_detector_pkg/lib/python3.8/site-packages/proxemic_detector_pkg
[0.685s] copying /home/yifu/ros2_ws/src/build/proxemic_detector_pkg/build/lib/proxemic_detector_pkg/__init__.py -> /home/yifu/ros2_ws/src/install/proxemic_detector_pkg/lib/python3.8/site-packages/proxemic_detector_pkg
[0.686s] byte-compiling /home/yifu/ros2_ws/src/install/proxemic_detector_pkg/lib/python3.8/site-packages/proxemic_detector_pkg/turtlebot_proxemic_detector_node.py to turtlebot_proxemic_detector_node.cpython-38.pyc
[0.687s] byte-compiling /home/yifu/ros2_ws/src/install/proxemic_detector_pkg/lib/python3.8/site-packages/proxemic_detector_pkg/__init__.py to __init__.cpython-38.pyc
[0.687s] running install_data
[0.687s] creating /home/yifu/ros2_ws/src/install/proxemic_detector_pkg/share/ament_index
[0.687s] creating /home/yifu/ros2_ws/src/install/proxemic_detector_pkg/share/ament_index/resource_index
[0.687s] creating /home/yifu/ros2_ws/src/install/proxemic_detector_pkg/share/ament_index/resource_index/packages
[0.687s] copying resource/proxemic_detector_pkg -> /home/yifu/ros2_ws/src/install/proxemic_detector_pkg/share/ament_index/resource_index/packages
[0.687s] copying package.xml -> /home/yifu/ros2_ws/src/install/proxemic_detector_pkg/share/proxemic_detector_pkg
[0.687s] running install_egg_info
[0.688s] Copying ../build/proxemic_detector_pkg/proxemic_detector_pkg.egg-info to /home/yifu/ros2_ws/src/install/proxemic_detector_pkg/lib/python3.8/site-packages/proxemic_detector_pkg-0.0.0-py3.8.egg-info
[0.688s] running install_scripts
[0.699s] Installing turtlebot_proxemic_detector_node script to /home/yifu/ros2_ws/src/install/proxemic_detector_pkg/lib/proxemic_detector_pkg
[0.700s] writing list of installed files to '/home/yifu/ros2_ws/src/build/proxemic_detector_pkg/install.log'
[0.719s] Invoked command in '/home/yifu/ros2_ws/src/proxemic_detector_pkg' returned '0': PYTHONPATH=/home/yifu/ros2_ws/src/install/proxemic_detector_pkg/lib/python3.8/site-packages:${PYTHONPATH} /usr/bin/python3 setup.py egg_info --egg-base ../build/proxemic_detector_pkg build --build-base /home/yifu/ros2_ws/src/build/proxemic_detector_pkg/build install --prefix /home/yifu/ros2_ws/src/install/proxemic_detector_pkg --record /home/yifu/ros2_ws/src/build/proxemic_detector_pkg/install.log --single-version-externally-managed
