[0.189s] Invoking command in '/home/yifu/ros2_ws/src/build/turtlesim': CMAKE_PREFIX_PATH=/opt/ros/galactic /usr/bin/cmake /home/yifu/ros2_ws/src/ros_tutorials/turtlesim -DCMAKE_INSTALL_PREFIX=/home/yifu/ros2_ws/src/install/turtlesim
[0.288s] -- The C compiler identification is GNU 9.4.0
[0.335s] -- The CXX compiler identification is GNU 9.4.0
[0.338s] -- Check for working C compiler: /usr/bin/cc
[0.444s] -- Check for working C compiler: /usr/bin/cc -- works
[0.445s] -- Detecting C compiler ABI info
[0.541s] -- Detecting C compiler ABI info - done
[0.550s] -- Detecting C compile features
[0.550s] -- Detecting C compile features - done
[0.551s] -- Check for working CXX compiler: /usr/bin/c++
[0.623s] -- Check for working CXX compiler: /usr/bin/c++ -- works
[0.623s] -- Detecting CXX compiler ABI info
[0.707s] -- Detecting CXX compiler ABI info - done
[0.715s] -- Detecting CXX compile features
[0.716s] -- Detecting CXX compile features - done
[0.718s] -- Found ament_cmake: 1.1.5 (/opt/ros/galactic/share/ament_cmake/cmake)
[0.735s] -- Found PythonInterp: /usr/bin/python3 (found suitable version "3.8.10", minimum required is "3") 
[0.735s] -- Using PYTHON_EXECUTABLE: /usr/bin/python3
[0.806s] -- Found ament_index_cpp: 1.2.0 (/opt/ros/galactic/share/ament_index_cpp/cmake)
[0.811s] -- Found geometry_msgs: 2.2.4 (/opt/ros/galactic/share/geometry_msgs/cmake)
[0.839s] -- Using all available rosidl_typesupport_c: rosidl_typesupport_fastrtps_c;rosidl_typesupport_introspection_c
[0.844s] -- Found rosidl_adapter: 2.2.2 (/opt/ros/galactic/share/rosidl_adapter/cmake)
[0.902s] -- Found OpenSSL: /usr/lib/aarch64-linux-gnu/libcrypto.so (found version "1.1.1f")  
[0.926s] -- Found FastRTPS: /opt/ros/galactic/include  
[0.983s] -- Using all available rosidl_typesupport_cpp: rosidl_typesupport_fastrtps_cpp;rosidl_typesupport_introspection_cpp
[1.056s] -- Found rclcpp: 9.2.1 (/opt/ros/galactic/share/rclcpp/cmake)
[1.091s] -- Found rmw_implementation_cmake: 3.3.1 (/opt/ros/galactic/share/rmw_implementation_cmake/cmake)
[1.093s] -- Found rmw_cyclonedds_cpp: 0.22.5 (/opt/ros/galactic/share/rmw_cyclonedds_cpp/cmake)
[1.110s] -- Using RMW implementation 'rmw_cyclonedds_cpp' as default
[1.113s] -- Looking for pthread.h
[1.161s] -- Looking for pthread.h - found
[1.161s] -- Performing Test CMAKE_HAVE_LIBC_PTHREAD
[1.214s] -- Performing Test CMAKE_HAVE_LIBC_PTHREAD - Failed
[1.214s] -- Looking for pthread_create in pthreads
[1.256s] -- Looking for pthread_create in pthreads - not found
[1.256s] -- Looking for pthread_create in pthread
[1.298s] -- Looking for pthread_create in pthread - found
[1.299s] -- Found Threads: TRUE  
[1.406s] -- Found rclcpp_action: 9.2.1 (/opt/ros/galactic/share/rclcpp_action/cmake)
[1.469s] -- Found rosidl_default_generators: 1.1.1 (/opt/ros/galactic/share/rosidl_default_generators/cmake)
[1.478s] -- Found std_srvs: 2.2.4 (/opt/ros/galactic/share/std_srvs/cmake)
[1.500s] -- Found PythonInterp: /usr/bin/python3 (found version "3.8.10") 
[1.623s] -- Found ament_cmake_ros: 0.9.2 (/opt/ros/galactic/share/ament_cmake_ros/cmake)
[1.718s] -- Using all available rosidl_typesupport_c: rosidl_typesupport_fastrtps_c;rosidl_typesupport_introspection_c
[1.739s] -- Using all available rosidl_typesupport_cpp: rosidl_typesupport_fastrtps_cpp;rosidl_typesupport_introspection_cpp
[1.754s] -- Found PythonInterp: /usr/bin/python3 (found suitable version "3.8.10", minimum required is "3.5") 
[1.756s] -- Found python_cmake_module: 0.8.1 (/opt/ros/galactic/share/python_cmake_module/cmake)
[1.773s] -- Found PythonLibs: /usr/lib/aarch64-linux-gnu/libpython3.8.so (found suitable version "3.8.10", minimum required is "3.5") 
[1.773s] -- Using PYTHON_EXECUTABLE: /usr/bin/python3
[1.773s] -- Using PYTHON_INCLUDE_DIRS: /usr/include/python3.8
[1.773s] -- Using PYTHON_LIBRARIES: /usr/lib/aarch64-linux-gnu/libpython3.8.so
[1.785s] -- Found PythonExtra: .so  
[1.830s] -- Configuring done
[1.895s] -- Generating done
[1.897s] -- Build files have been written to: /home/yifu/ros2_ws/src/build/turtlesim
[1.905s] Invoked command in '/home/yifu/ros2_ws/src/build/turtlesim' returned '0': CMAKE_PREFIX_PATH=/opt/ros/galactic /usr/bin/cmake /home/yifu/ros2_ws/src/ros_tutorials/turtlesim -DCMAKE_INSTALL_PREFIX=/home/yifu/ros2_ws/src/install/turtlesim
[1.907s] Invoking command in '/home/yifu/ros2_ws/src/build/turtlesim': CMAKE_PREFIX_PATH=/opt/ros/galactic /usr/bin/cmake --build /home/yifu/ros2_ws/src/build/turtlesim -- -j4 -l4
[1.936s] [35m[1mScanning dependencies of target turtlesim__cpp[0m
[1.936s] [  1%] [34m[1mGenerating C code for ROS interfaces[0m
[1.943s] [  2%] [34m[1mGenerating C++ code for ROS interfaces[0m
[2.486s] [  2%] Built target turtlesim__cpp
[2.493s] [  3%] [34m[1mGenerating C++ type support dispatch for ROS interfaces[0m
[2.513s] [  4%] [34m[1mGenerating C++ introspection for ROS interfaces[0m
[2.580s] [35m[1mScanning dependencies of target turtlesim__rosidl_generator_c[0m
[2.588s] [  5%] [34m[1mGenerating C++ type support for eProsima Fast-RTPS[0m
[2.634s] [  6%] [32mBuilding C object CMakeFiles/turtlesim__rosidl_generator_c.dir/rosidl_generator_c/turtlesim/action/detail/rotate_absolute__functions.c.o[0m
[2.793s] [  7%] [32mBuilding C object CMakeFiles/turtlesim__rosidl_generator_c.dir/rosidl_generator_c/turtlesim/msg/detail/color__functions.c.o[0m
[2.862s] [  8%] [32mBuilding C object CMakeFiles/turtlesim__rosidl_generator_c.dir/rosidl_generator_c/turtlesim/msg/detail/pose__functions.c.o[0m
[2.862s] [35m[1mScanning dependencies of target turtlesim__rosidl_typesupport_cpp[0m
[2.876s] [  9%] [32mBuilding CXX object CMakeFiles/turtlesim__rosidl_typesupport_cpp.dir/rosidl_typesupport_cpp/turtlesim/action/rotate_absolute__type_support.cpp.o[0m
[2.919s] [ 10%] [32mBuilding C object CMakeFiles/turtlesim__rosidl_generator_c.dir/rosidl_generator_c/turtlesim/srv/detail/kill__functions.c.o[0m
[2.966s] [ 11%] [32mBuilding C object CMakeFiles/turtlesim__rosidl_generator_c.dir/rosidl_generator_c/turtlesim/srv/detail/set_pen__functions.c.o[0m
[3.040s] [35m[1mScanning dependencies of target turtlesim__rosidl_typesupport_introspection_cpp[0m
[3.055s] [ 12%] [32mBuilding C object CMakeFiles/turtlesim__rosidl_generator_c.dir/rosidl_generator_c/turtlesim/srv/detail/spawn__functions.c.o[0m
[3.064s] [ 13%] [32mBuilding CXX object CMakeFiles/turtlesim__rosidl_typesupport_introspection_cpp.dir/rosidl_typesupport_introspection_cpp/turtlesim/action/detail/rotate_absolute__type_support.cpp.o[0m
[3.183s] [ 14%] [32mBuilding C object CMakeFiles/turtlesim__rosidl_generator_c.dir/rosidl_generator_c/turtlesim/srv/detail/teleport_absolute__functions.c.o[0m
[3.243s] [ 15%] [32mBuilding CXX object CMakeFiles/turtlesim__rosidl_typesupport_cpp.dir/rosidl_typesupport_cpp/turtlesim/msg/color__type_support.cpp.o[0m
[3.252s] [ 16%] [32mBuilding C object CMakeFiles/turtlesim__rosidl_generator_c.dir/rosidl_generator_c/turtlesim/srv/detail/teleport_relative__functions.c.o[0m
[3.298s] [35m[1mScanning dependencies of target turtlesim__rosidl_typesupport_fastrtps_cpp[0m
[3.332s] [ 17%] [32m[1mLinking C shared library libturtlesim__rosidl_generator_c.so[0m
[3.346s] [ 18%] [32mBuilding CXX object CMakeFiles/turtlesim__rosidl_typesupport_fastrtps_cpp.dir/rosidl_typesupport_fastrtps_cpp/turtlesim/action/detail/dds_fastrtps/rotate_absolute__type_support.cpp.o[0m
[3.428s] [ 19%] [32mBuilding CXX object CMakeFiles/turtlesim__rosidl_typesupport_introspection_cpp.dir/rosidl_typesupport_introspection_cpp/turtlesim/msg/detail/color__type_support.cpp.o[0m
[3.430s] [ 19%] Built target turtlesim__rosidl_generator_c
[3.447s] [ 20%] [32mBuilding CXX object CMakeFiles/turtlesim__rosidl_typesupport_cpp.dir/rosidl_typesupport_cpp/turtlesim/msg/pose__type_support.cpp.o[0m
[3.472s] [ 21%] [34m[1mGenerating C type support dispatch for ROS interfaces[0m
[3.671s] [ 22%] [32mBuilding CXX object CMakeFiles/turtlesim__rosidl_typesupport_cpp.dir/rosidl_typesupport_cpp/turtlesim/srv/kill__type_support.cpp.o[0m
[3.712s] [ 23%] [32mBuilding CXX object CMakeFiles/turtlesim__rosidl_typesupport_introspection_cpp.dir/rosidl_typesupport_introspection_cpp/turtlesim/msg/detail/pose__type_support.cpp.o[0m
[3.888s] [ 24%] [32mBuilding CXX object CMakeFiles/turtlesim__rosidl_typesupport_fastrtps_cpp.dir/rosidl_typesupport_fastrtps_cpp/turtlesim/msg/detail/dds_fastrtps/color__type_support.cpp.o[0m
[3.958s] [ 25%] [32mBuilding CXX object CMakeFiles/turtlesim__rosidl_typesupport_introspection_cpp.dir/rosidl_typesupport_introspection_cpp/turtlesim/srv/detail/kill__type_support.cpp.o[0m
[3.967s] [35m[1mScanning dependencies of target turtlesim__rosidl_typesupport_c[0m
[3.979s] [ 26%] [32mBuilding CXX object CMakeFiles/turtlesim__rosidl_typesupport_c.dir/rosidl_typesupport_c/turtlesim/action/rotate_absolute__type_support.cpp.o[0m
[3.991s] [ 27%] [32mBuilding CXX object CMakeFiles/turtlesim__rosidl_typesupport_cpp.dir/rosidl_typesupport_cpp/turtlesim/srv/set_pen__type_support.cpp.o[0m
[4.052s] [ 28%] [32mBuilding CXX object CMakeFiles/turtlesim__rosidl_typesupport_c.dir/rosidl_typesupport_c/turtlesim/msg/color__type_support.cpp.o[0m
[4.092s] [ 29%] [32mBuilding CXX object CMakeFiles/turtlesim__rosidl_typesupport_c.dir/rosidl_typesupport_c/turtlesim/msg/pose__type_support.cpp.o[0m
[4.156s] [ 30%] [32mBuilding CXX object CMakeFiles/turtlesim__rosidl_typesupport_c.dir/rosidl_typesupport_c/turtlesim/srv/kill__type_support.cpp.o[0m
[4.156s] [ 31%] [32mBuilding CXX object CMakeFiles/turtlesim__rosidl_typesupport_cpp.dir/rosidl_typesupport_cpp/turtlesim/srv/spawn__type_support.cpp.o[0m
[4.171s] [ 32%] [32mBuilding CXX object CMakeFiles/turtlesim__rosidl_typesupport_fastrtps_cpp.dir/rosidl_typesupport_fastrtps_cpp/turtlesim/msg/detail/dds_fastrtps/pose__type_support.cpp.o[0m
[4.206s] [ 33%] [32mBuilding CXX object CMakeFiles/turtlesim__rosidl_typesupport_introspection_cpp.dir/rosidl_typesupport_introspection_cpp/turtlesim/srv/detail/set_pen__type_support.cpp.o[0m
[4.236s] [ 34%] [32mBuilding CXX object CMakeFiles/turtlesim__rosidl_typesupport_c.dir/rosidl_typesupport_c/turtlesim/srv/set_pen__type_support.cpp.o[0m
[4.287s] [ 35%] [32mBuilding CXX object CMakeFiles/turtlesim__rosidl_typesupport_c.dir/rosidl_typesupport_c/turtlesim/srv/spawn__type_support.cpp.o[0m
[4.322s] [ 36%] [32mBuilding CXX object CMakeFiles/turtlesim__rosidl_typesupport_cpp.dir/rosidl_typesupport_cpp/turtlesim/srv/teleport_absolute__type_support.cpp.o[0m
[4.371s] [ 37%] [32mBuilding CXX object CMakeFiles/turtlesim__rosidl_typesupport_c.dir/rosidl_typesupport_c/turtlesim/srv/teleport_absolute__type_support.cpp.o[0m
[4.404s] [ 38%] [32mBuilding CXX object CMakeFiles/turtlesim__rosidl_typesupport_c.dir/rosidl_typesupport_c/turtlesim/srv/teleport_relative__type_support.cpp.o[0m
[4.426s] [ 39%] [32mBuilding CXX object CMakeFiles/turtlesim__rosidl_typesupport_fastrtps_cpp.dir/rosidl_typesupport_fastrtps_cpp/turtlesim/srv/detail/dds_fastrtps/kill__type_support.cpp.o[0m
[4.438s] [ 40%] [32m[1mLinking CXX shared library libturtlesim__rosidl_typesupport_c.so[0m
[4.446s] [ 41%] [32mBuilding CXX object CMakeFiles/turtlesim__rosidl_typesupport_introspection_cpp.dir/rosidl_typesupport_introspection_cpp/turtlesim/srv/detail/spawn__type_support.cpp.o[0m
[4.487s] [ 42%] [32mBuilding CXX object CMakeFiles/turtlesim__rosidl_typesupport_cpp.dir/rosidl_typesupport_cpp/turtlesim/srv/teleport_relative__type_support.cpp.o[0m
[4.499s] [ 42%] Built target turtlesim__rosidl_typesupport_c
[4.515s] [ 43%] [34m[1mGenerating C introspection for ROS interfaces[0m
[4.662s] [ 44%] [32mBuilding CXX object CMakeFiles/turtlesim__rosidl_typesupport_introspection_cpp.dir/rosidl_typesupport_introspection_cpp/turtlesim/srv/detail/teleport_absolute__type_support.cpp.o[0m
[4.667s] [ 45%] [32m[1mLinking CXX shared library libturtlesim__rosidl_typesupport_cpp.so[0m
[4.677s] [ 46%] [32mBuilding CXX object CMakeFiles/turtlesim__rosidl_typesupport_fastrtps_cpp.dir/rosidl_typesupport_fastrtps_cpp/turtlesim/srv/detail/dds_fastrtps/set_pen__type_support.cpp.o[0m
[4.743s] [ 46%] Built target turtlesim__rosidl_typesupport_cpp
[4.775s] [ 47%] [32mBuilding CXX object CMakeFiles/turtlesim__rosidl_typesupport_fastrtps_cpp.dir/rosidl_typesupport_fastrtps_cpp/turtlesim/srv/detail/dds_fastrtps/spawn__type_support.cpp.o[0m
[4.839s] [ 48%] [32mBuilding CXX object CMakeFiles/turtlesim__rosidl_typesupport_introspection_cpp.dir/rosidl_typesupport_introspection_cpp/turtlesim/srv/detail/teleport_relative__type_support.cpp.o[0m
[4.907s] [ 49%] [32mBuilding CXX object CMakeFiles/turtlesim__rosidl_typesupport_fastrtps_cpp.dir/rosidl_typesupport_fastrtps_cpp/turtlesim/srv/detail/dds_fastrtps/teleport_absolute__type_support.cpp.o[0m
[5.049s] [ 50%] [32m[1mLinking CXX shared library libturtlesim__rosidl_typesupport_introspection_cpp.so[0m
[5.054s] [35m[1mScanning dependencies of target turtlesim__rosidl_typesupport_introspection_c[0m
[5.057s] [ 51%] [32mBuilding CXX object CMakeFiles/turtlesim__rosidl_typesupport_fastrtps_cpp.dir/rosidl_typesupport_fastrtps_cpp/turtlesim/srv/detail/dds_fastrtps/teleport_relative__type_support.cpp.o[0m
[5.066s] [ 52%] [32mBuilding C object CMakeFiles/turtlesim__rosidl_typesupport_introspection_c.dir/rosidl_typesupport_introspection_c/turtlesim/action/detail/rotate_absolute__type_support.c.o[0m
[5.097s] [ 52%] Built target turtlesim__rosidl_typesupport_introspection_cpp
[5.107s] [ 53%] [32mBuilding C object CMakeFiles/turtlesim__rosidl_typesupport_introspection_c.dir/rosidl_typesupport_introspection_c/turtlesim/msg/detail/color__type_support.c.o[0m
[5.107s] [ 54%] [32mBuilding C object CMakeFiles/turtlesim__rosidl_typesupport_introspection_c.dir/rosidl_typesupport_introspection_c/turtlesim/msg/detail/pose__type_support.c.o[0m
[5.155s] [ 55%] [32mBuilding C object CMakeFiles/turtlesim__rosidl_typesupport_introspection_c.dir/rosidl_typesupport_introspection_c/turtlesim/srv/detail/kill__type_support.c.o[0m
[5.167s] [ 56%] [32mBuilding C object CMakeFiles/turtlesim__rosidl_typesupport_introspection_c.dir/rosidl_typesupport_introspection_c/turtlesim/srv/detail/set_pen__type_support.c.o[0m
[5.176s] [ 57%] [32mBuilding C object CMakeFiles/turtlesim__rosidl_typesupport_introspection_c.dir/rosidl_typesupport_introspection_c/turtlesim/srv/detail/spawn__type_support.c.o[0m
[5.195s] [ 58%] [32mBuilding C object CMakeFiles/turtlesim__rosidl_typesupport_introspection_c.dir/rosidl_typesupport_introspection_c/turtlesim/srv/detail/teleport_absolute__type_support.c.o[0m
[5.198s] [ 59%] [32mBuilding C object CMakeFiles/turtlesim__rosidl_typesupport_introspection_c.dir/rosidl_typesupport_introspection_c/turtlesim/srv/detail/teleport_relative__type_support.c.o[0m
[5.234s] [ 60%] [32m[1mLinking C shared library libturtlesim__rosidl_typesupport_introspection_c.so[0m
[5.255s] [ 60%] Built target turtlesim__rosidl_typesupport_introspection_c
[5.301s] [ 61%] [32m[1mLinking CXX shared library libturtlesim__rosidl_typesupport_fastrtps_cpp.so[0m
[5.353s] [ 61%] Built target turtlesim__rosidl_typesupport_fastrtps_cpp
[5.359s] [ 62%] [34m[1mGenerating C type support for eProsima Fast-RTPS[0m
[5.766s] [35m[1mScanning dependencies of target turtlesim__rosidl_typesupport_fastrtps_c[0m
[5.787s] [ 65%] [32mBuilding CXX object CMakeFiles/turtlesim__rosidl_typesupport_fastrtps_c.dir/rosidl_typesupport_fastrtps_c/turtlesim/msg/detail/pose__type_support_c.cpp.o[0m
[5.787s] [ 65%] [32mBuilding CXX object CMakeFiles/turtlesim__rosidl_typesupport_fastrtps_c.dir/rosidl_typesupport_fastrtps_c/turtlesim/msg/detail/color__type_support_c.cpp.o[0m
[5.787s] [ 65%] [32mBuilding CXX object CMakeFiles/turtlesim__rosidl_typesupport_fastrtps_c.dir/rosidl_typesupport_fastrtps_c/turtlesim/action/detail/rotate_absolute__type_support_c.cpp.o[0m
[5.788s] [ 66%] [32mBuilding CXX object CMakeFiles/turtlesim__rosidl_typesupport_fastrtps_c.dir/rosidl_typesupport_fastrtps_c/turtlesim/srv/detail/kill__type_support_c.cpp.o[0m
[6.021s] [ 67%] [32mBuilding CXX object CMakeFiles/turtlesim__rosidl_typesupport_fastrtps_c.dir/rosidl_typesupport_fastrtps_c/turtlesim/srv/detail/set_pen__type_support_c.cpp.o[0m
[6.078s] [ 68%] [32mBuilding CXX object CMakeFiles/turtlesim__rosidl_typesupport_fastrtps_c.dir/rosidl_typesupport_fastrtps_c/turtlesim/srv/detail/spawn__type_support_c.cpp.o[0m
[6.096s] [ 69%] [32mBuilding CXX object CMakeFiles/turtlesim__rosidl_typesupport_fastrtps_c.dir/rosidl_typesupport_fastrtps_c/turtlesim/srv/detail/teleport_absolute__type_support_c.cpp.o[0m
[6.106s] [ 70%] [32mBuilding CXX object CMakeFiles/turtlesim__rosidl_typesupport_fastrtps_c.dir/rosidl_typesupport_fastrtps_c/turtlesim/srv/detail/teleport_relative__type_support_c.cpp.o[0m
[6.340s] [ 71%] [32m[1mLinking CXX shared library libturtlesim__rosidl_typesupport_fastrtps_c.so[0m
[6.391s] [ 71%] Built target turtlesim__rosidl_typesupport_fastrtps_c
[6.396s] [35m[1mScanning dependencies of target turtlesim[0m
[6.402s] [ 71%] Built target turtlesim
[6.407s] [35m[1mScanning dependencies of target mimic[0m
[6.408s] [35m[1mScanning dependencies of target draw_square[0m
[6.411s] [35m[1mScanning dependencies of target turtlesim__py[0m
[6.424s] [35m[1mScanning dependencies of target turtle_teleop_key[0m
[6.424s] [ 72%] [34m[1mGenerating Python code for ROS interfaces[0m
[6.452s] [ 73%] [32mBuilding CXX object CMakeFiles/draw_square.dir/tutorials/draw_square.cpp.o[0m
[6.456s] [ 74%] [32mBuilding CXX object CMakeFiles/mimic.dir/tutorials/mimic.cpp.o[0m
[6.495s] [ 75%] [32mBuilding CXX object CMakeFiles/turtle_teleop_key.dir/tutorials/teleop_turtle_key.cpp.o[0m
[8.085s] [ 75%] Built target turtlesim__py
[8.109s] [ 76%] [34m[1mGenerating include/turtlesim/moc_turtle_frame.cpp[0m
[8.299s] [35m[1mScanning dependencies of target turtlesim_node[0m
[8.427s] [ 77%] [32mBuilding CXX object CMakeFiles/turtlesim_node.dir/src/turtlesim.cpp.o[0m
[11.718s] [ 78%] [32m[1mLinking CXX executable turtle_teleop_key[0m
[11.778s] [ 79%] [32mBuilding CXX object CMakeFiles/turtlesim_node.dir/src/turtle.cpp.o[0m
[12.114s] [ 79%] Built target turtle_teleop_key
[12.137s] [35m[1mScanning dependencies of target turtlesim__python[0m
[12.235s] [ 80%] [32mBuilding C object CMakeFiles/turtlesim__python.dir/rosidl_generator_py/turtlesim/action/_rotate_absolute_s.c.o[0m
[12.460s] [ 81%] [32mBuilding C object CMakeFiles/turtlesim__python.dir/rosidl_generator_py/turtlesim/msg/_color_s.c.o[0m
[12.651s] [ 82%] [32mBuilding C object CMakeFiles/turtlesim__python.dir/rosidl_generator_py/turtlesim/msg/_pose_s.c.o[0m
[12.738s] [ 83%] [32mBuilding C object CMakeFiles/turtlesim__python.dir/rosidl_generator_py/turtlesim/srv/_kill_s.c.o[0m
[12.790s] [ 84%] [32m[1mLinking CXX executable mimic[0m
[12.826s] [ 85%] [32mBuilding C object CMakeFiles/turtlesim__python.dir/rosidl_generator_py/turtlesim/srv/_set_pen_s.c.o[0m
[12.910s] [ 86%] [32mBuilding C object CMakeFiles/turtlesim__python.dir/rosidl_generator_py/turtlesim/srv/_spawn_s.c.o[0m
[13.001s] [ 87%] [32mBuilding C object CMakeFiles/turtlesim__python.dir/rosidl_generator_py/turtlesim/srv/_teleport_absolute_s.c.o[0m
[13.084s] [ 87%] Built target mimic
[13.091s] [ 88%] [32mBuilding C object CMakeFiles/turtlesim__python.dir/rosidl_generator_py/turtlesim/srv/_teleport_relative_s.c.o[0m
[13.096s] [ 89%] [32mBuilding CXX object CMakeFiles/turtlesim_node.dir/src/turtle_frame.cpp.o[0m
[13.131s] [ 90%] [32m[1mLinking CXX executable draw_square[0m
[13.220s] [ 91%] [32m[1mLinking C shared library rosidl_generator_py/turtlesim/libturtlesim__python.so[0m
[13.297s] [ 91%] Built target turtlesim__python
[13.307s] [ 92%] [32mBuilding CXX object CMakeFiles/turtlesim_node.dir/include/turtlesim/moc_turtle_frame.cpp.o[0m
[13.424s] [ 92%] Built target draw_square
[13.485s] [35m[1mScanning dependencies of target turtlesim__rosidl_typesupport_introspection_c__pyext[0m
[13.528s] [ 93%] [32mBuilding C object CMakeFiles/turtlesim__rosidl_typesupport_introspection_c__pyext.dir/rosidl_generator_py/turtlesim/_turtlesim_s.ep.rosidl_typesupport_introspection_c.c.o[0m
[13.695s] [ 94%] [32m[1mLinking C shared library rosidl_generator_py/turtlesim/turtlesim_s__rosidl_typesupport_introspection_c.cpython-38-aarch64-linux-gnu.so[0m
[13.772s] [ 94%] Built target turtlesim__rosidl_typesupport_introspection_c__pyext
[13.797s] [35m[1mScanning dependencies of target turtlesim__rosidl_typesupport_fastrtps_c__pyext[0m
[13.863s] [ 95%] [32mBuilding C object CMakeFiles/turtlesim__rosidl_typesupport_fastrtps_c__pyext.dir/rosidl_generator_py/turtlesim/_turtlesim_s.ep.rosidl_typesupport_fastrtps_c.c.o[0m
[14.024s] [ 96%] [32m[1mLinking CXX shared library rosidl_generator_py/turtlesim/turtlesim_s__rosidl_typesupport_fastrtps_c.cpython-38-aarch64-linux-gnu.so[0m
[14.135s] [ 96%] Built target turtlesim__rosidl_typesupport_fastrtps_c__pyext
[14.184s] [35m[1mScanning dependencies of target turtlesim__rosidl_typesupport_c__pyext[0m
[14.224s] [ 97%] [32mBuilding C object CMakeFiles/turtlesim__rosidl_typesupport_c__pyext.dir/rosidl_generator_py/turtlesim/_turtlesim_s.ep.rosidl_typesupport_c.c.o[0m
[14.417s] [ 98%] [32m[1mLinking C shared library rosidl_generator_py/turtlesim/turtlesim_s__rosidl_typesupport_c.cpython-38-aarch64-linux-gnu.so[0m
[14.497s] [ 98%] Built target turtlesim__rosidl_typesupport_c__pyext
[18.454s] [100%] [32m[1mLinking CXX executable turtlesim_node[0m
[19.493s] [100%] Built target turtlesim_node
[19.507s] Invoked command in '/home/yifu/ros2_ws/src/build/turtlesim' returned '0': CMAKE_PREFIX_PATH=/opt/ros/galactic /usr/bin/cmake --build /home/yifu/ros2_ws/src/build/turtlesim -- -j4 -l4
[19.628s] Invoking command in '/home/yifu/ros2_ws/src/build/turtlesim': CMAKE_PREFIX_PATH=/opt/ros/galactic /usr/bin/cmake --install /home/yifu/ros2_ws/src/build/turtlesim
[19.634s] -- Install configuration: ""
[19.635s] -- Installing: /home/yifu/ros2_ws/src/install/turtlesim/share/ament_index/resource_index/rosidl_interfaces/turtlesim
[19.636s] -- Installing: /home/yifu/ros2_ws/src/install/turtlesim/include/turtlesim
[19.636s] -- Installing: /home/yifu/ros2_ws/src/install/turtlesim/include/turtlesim/srv
[19.636s] -- Installing: /home/yifu/ros2_ws/src/install/turtlesim/include/turtlesim/srv/detail
[19.636s] -- Installing: /home/yifu/ros2_ws/src/install/turtlesim/include/turtlesim/srv/detail/kill__functions.c
[19.636s] -- Installing: /home/yifu/ros2_ws/src/install/turtlesim/include/turtlesim/srv/detail/teleport_absolute__functions.h
[19.636s] -- Installing: /home/yifu/ros2_ws/src/install/turtlesim/include/turtlesim/srv/detail/teleport_absolute__type_support.h
[19.636s] -- Installing: /home/yifu/ros2_ws/src/install/turtlesim/include/turtlesim/srv/detail/teleport_absolute__functions.c
[19.637s] -- Installing: /home/yifu/ros2_ws/src/install/turtlesim/include/turtlesim/srv/detail/set_pen__type_support.h
[19.637s] -- Installing: /home/yifu/ros2_ws/src/install/turtlesim/include/turtlesim/srv/detail/spawn__struct.h
[19.637s] -- Installing: /home/yifu/ros2_ws/src/install/turtlesim/include/turtlesim/srv/detail/teleport_absolute__struct.h
[19.637s] -- Installing: /home/yifu/ros2_ws/src/install/turtlesim/include/turtlesim/srv/detail/kill__functions.h
[19.637s] -- Installing: /home/yifu/ros2_ws/src/install/turtlesim/include/turtlesim/srv/detail/set_pen__struct.h
[19.637s] -- Installing: /home/yifu/ros2_ws/src/install/turtlesim/include/turtlesim/srv/detail/teleport_relative__functions.c
[19.637s] -- Installing: /home/yifu/ros2_ws/src/install/turtlesim/include/turtlesim/srv/detail/spawn__type_support.h
[19.637s] -- Installing: /home/yifu/ros2_ws/src/install/turtlesim/include/turtlesim/srv/detail/teleport_relative__type_support.h
[19.637s] -- Installing: /home/yifu/ros2_ws/src/install/turtlesim/include/turtlesim/srv/detail/set_pen__functions.h
[19.638s] -- Installing: /home/yifu/ros2_ws/src/install/turtlesim/include/turtlesim/srv/detail/set_pen__functions.c
[19.638s] -- Installing: /home/yifu/ros2_ws/src/install/turtlesim/include/turtlesim/srv/detail/kill__type_support.h
[19.638s] -- Installing: /home/yifu/ros2_ws/src/install/turtlesim/include/turtlesim/srv/detail/spawn__functions.c
[19.638s] -- Installing: /home/yifu/ros2_ws/src/install/turtlesim/include/turtlesim/srv/detail/spawn__functions.h
[19.639s] -- Installing: /home/yifu/ros2_ws/src/install/turtlesim/include/turtlesim/srv/detail/teleport_relative__struct.h
[19.639s] -- Installing: /home/yifu/ros2_ws/src/install/turtlesim/include/turtlesim/srv/detail/kill__struct.h
[19.639s] -- Installing: /home/yifu/ros2_ws/src/install/turtlesim/include/turtlesim/srv/detail/teleport_relative__functions.h
[19.639s] -- Installing: /home/yifu/ros2_ws/src/install/turtlesim/include/turtlesim/srv/teleport_relative.h
[19.639s] -- Installing: /home/yifu/ros2_ws/src/install/turtlesim/include/turtlesim/srv/spawn.h
[19.639s] -- Installing: /home/yifu/ros2_ws/src/install/turtlesim/include/turtlesim/srv/set_pen.h
[19.640s] -- Installing: /home/yifu/ros2_ws/src/install/turtlesim/include/turtlesim/srv/teleport_absolute.h
[19.640s] -- Installing: /home/yifu/ros2_ws/src/install/turtlesim/include/turtlesim/srv/kill.h
[19.640s] -- Installing: /home/yifu/ros2_ws/src/install/turtlesim/include/turtlesim/action
[19.641s] -- Installing: /home/yifu/ros2_ws/src/install/turtlesim/include/turtlesim/action/detail
[19.641s] -- Installing: /home/yifu/ros2_ws/src/install/turtlesim/include/turtlesim/action/detail/rotate_absolute__struct.h
[19.641s] -- Installing: /home/yifu/ros2_ws/src/install/turtlesim/include/turtlesim/action/detail/rotate_absolute__functions.c
[19.641s] -- Installing: /home/yifu/ros2_ws/src/install/turtlesim/include/turtlesim/action/detail/rotate_absolute__type_support.h
[19.641s] -- Installing: /home/yifu/ros2_ws/src/install/turtlesim/include/turtlesim/action/detail/rotate_absolute__functions.h
[19.642s] -- Installing: /home/yifu/ros2_ws/src/install/turtlesim/include/turtlesim/action/rotate_absolute.h
[19.642s] -- Installing: /home/yifu/ros2_ws/src/install/turtlesim/include/turtlesim/msg
[19.642s] -- Installing: /home/yifu/ros2_ws/src/install/turtlesim/include/turtlesim/msg/detail
[19.642s] -- Installing: /home/yifu/ros2_ws/src/install/turtlesim/include/turtlesim/msg/detail/pose__type_support.h
[19.642s] -- Installing: /home/yifu/ros2_ws/src/install/turtlesim/include/turtlesim/msg/detail/pose__struct.h
[19.642s] -- Installing: /home/yifu/ros2_ws/src/install/turtlesim/include/turtlesim/msg/detail/pose__functions.h
[19.642s] -- Installing: /home/yifu/ros2_ws/src/install/turtlesim/include/turtlesim/msg/detail/color__functions.c
[19.642s] -- Installing: /home/yifu/ros2_ws/src/install/turtlesim/include/turtlesim/msg/detail/pose__functions.c
[19.643s] -- Installing: /home/yifu/ros2_ws/src/install/turtlesim/include/turtlesim/msg/detail/color__functions.h
[19.643s] -- Installing: /home/yifu/ros2_ws/src/install/turtlesim/include/turtlesim/msg/detail/color__type_support.h
[19.643s] -- Installing: /home/yifu/ros2_ws/src/install/turtlesim/include/turtlesim/msg/detail/color__struct.h
[19.643s] -- Installing: /home/yifu/ros2_ws/src/install/turtlesim/include/turtlesim/msg/pose.h
[19.643s] -- Installing: /home/yifu/ros2_ws/src/install/turtlesim/include/turtlesim/msg/color.h
[19.643s] -- Installing: /home/yifu/ros2_ws/src/install/turtlesim/include/turtlesim/msg/rosidl_generator_c__visibility_control.h
[19.644s] -- Installing: /home/yifu/ros2_ws/src/install/turtlesim/share/turtlesim/environment/library_path.sh
[19.645s] -- Installing: /home/yifu/ros2_ws/src/install/turtlesim/share/turtlesim/environment/library_path.dsv
[19.645s] -- Installing: /home/yifu/ros2_ws/src/install/turtlesim/lib/libturtlesim__rosidl_generator_c.so
[19.646s] -- Set runtime path of "/home/yifu/ros2_ws/src/install/turtlesim/lib/libturtlesim__rosidl_generator_c.so" to ""
[19.646s] -- Up-to-date: /home/yifu/ros2_ws/src/install/turtlesim/include/turtlesim
[19.646s] -- Up-to-date: /home/yifu/ros2_ws/src/install/turtlesim/include/turtlesim/srv
[19.646s] -- Up-to-date: /home/yifu/ros2_ws/src/install/turtlesim/include/turtlesim/srv/detail
[19.646s] -- Installing: /home/yifu/ros2_ws/src/install/turtlesim/include/turtlesim/srv/detail/teleport_relative__rosidl_typesupport_fastrtps_c.h
[19.647s] -- Installing: /home/yifu/ros2_ws/src/install/turtlesim/include/turtlesim/srv/detail/set_pen__rosidl_typesupport_fastrtps_c.h
[19.647s] -- Installing: /home/yifu/ros2_ws/src/install/turtlesim/include/turtlesim/srv/detail/kill__rosidl_typesupport_fastrtps_c.h
[19.647s] -- Installing: /home/yifu/ros2_ws/src/install/turtlesim/include/turtlesim/srv/detail/spawn__rosidl_typesupport_fastrtps_c.h
[19.647s] -- Installing: /home/yifu/ros2_ws/src/install/turtlesim/include/turtlesim/srv/detail/teleport_absolute__rosidl_typesupport_fastrtps_c.h
[19.648s] -- Up-to-date: /home/yifu/ros2_ws/src/install/turtlesim/include/turtlesim/action
[19.648s] -- Up-to-date: /home/yifu/ros2_ws/src/install/turtlesim/include/turtlesim/action/detail
[19.648s] -- Installing: /home/yifu/ros2_ws/src/install/turtlesim/include/turtlesim/action/detail/rotate_absolute__rosidl_typesupport_fastrtps_c.h
[19.648s] -- Up-to-date: /home/yifu/ros2_ws/src/install/turtlesim/include/turtlesim/msg
[19.648s] -- Up-to-date: /home/yifu/ros2_ws/src/install/turtlesim/include/turtlesim/msg/detail
[19.649s] -- Installing: /home/yifu/ros2_ws/src/install/turtlesim/include/turtlesim/msg/detail/pose__rosidl_typesupport_fastrtps_c.h
[19.649s] -- Installing: /home/yifu/ros2_ws/src/install/turtlesim/include/turtlesim/msg/detail/color__rosidl_typesupport_fastrtps_c.h
[19.649s] -- Installing: /home/yifu/ros2_ws/src/install/turtlesim/include/turtlesim/msg/rosidl_typesupport_fastrtps_c__visibility_control.h
[19.650s] -- Installing: /home/yifu/ros2_ws/src/install/turtlesim/lib/libturtlesim__rosidl_typesupport_fastrtps_c.so
[19.650s] -- Set runtime path of "/home/yifu/ros2_ws/src/install/turtlesim/lib/libturtlesim__rosidl_typesupport_fastrtps_c.so" to ""
[19.651s] -- Up-to-date: /home/yifu/ros2_ws/src/install/turtlesim/include/turtlesim
[19.651s] -- Up-to-date: /home/yifu/ros2_ws/src/install/turtlesim/include/turtlesim/srv
[19.651s] -- Up-to-date: /home/yifu/ros2_ws/src/install/turtlesim/include/turtlesim/srv/detail
[19.651s] -- Installing: /home/yifu/ros2_ws/src/install/turtlesim/include/turtlesim/srv/detail/kill__rosidl_typesupport_fastrtps_cpp.hpp
[19.651s] -- Installing: /home/yifu/ros2_ws/src/install/turtlesim/include/turtlesim/srv/detail/teleport_relative__rosidl_typesupport_fastrtps_cpp.hpp
[19.652s] -- Installing: /home/yifu/ros2_ws/src/install/turtlesim/include/turtlesim/srv/detail/dds_fastrtps
[19.652s] -- Installing: /home/yifu/ros2_ws/src/install/turtlesim/include/turtlesim/srv/detail/set_pen__rosidl_typesupport_fastrtps_cpp.hpp
[19.652s] -- Installing: /home/yifu/ros2_ws/src/install/turtlesim/include/turtlesim/srv/detail/teleport_absolute__rosidl_typesupport_fastrtps_cpp.hpp
[19.652s] -- Installing: /home/yifu/ros2_ws/src/install/turtlesim/include/turtlesim/srv/detail/spawn__rosidl_typesupport_fastrtps_cpp.hpp
[19.653s] -- Up-to-date: /home/yifu/ros2_ws/src/install/turtlesim/include/turtlesim/action
[19.653s] -- Up-to-date: /home/yifu/ros2_ws/src/install/turtlesim/include/turtlesim/action/detail
[19.653s] -- Installing: /home/yifu/ros2_ws/src/install/turtlesim/include/turtlesim/action/detail/dds_fastrtps
[19.653s] -- Installing: /home/yifu/ros2_ws/src/install/turtlesim/include/turtlesim/action/detail/rotate_absolute__rosidl_typesupport_fastrtps_cpp.hpp
[19.654s] -- Up-to-date: /home/yifu/ros2_ws/src/install/turtlesim/include/turtlesim/msg
[19.654s] -- Up-to-date: /home/yifu/ros2_ws/src/install/turtlesim/include/turtlesim/msg/detail
[19.654s] -- Installing: /home/yifu/ros2_ws/src/install/turtlesim/include/turtlesim/msg/detail/color__rosidl_typesupport_fastrtps_cpp.hpp
[19.655s] -- Installing: /home/yifu/ros2_ws/src/install/turtlesim/include/turtlesim/msg/detail/dds_fastrtps
[19.655s] -- Installing: /home/yifu/ros2_ws/src/install/turtlesim/include/turtlesim/msg/detail/pose__rosidl_typesupport_fastrtps_cpp.hpp
[19.655s] -- Installing: /home/yifu/ros2_ws/src/install/turtlesim/include/turtlesim/msg/rosidl_typesupport_fastrtps_cpp__visibility_control.h
[19.655s] -- Installing: /home/yifu/ros2_ws/src/install/turtlesim/lib/libturtlesim__rosidl_typesupport_fastrtps_cpp.so
[19.656s] -- Set runtime path of "/home/yifu/ros2_ws/src/install/turtlesim/lib/libturtlesim__rosidl_typesupport_fastrtps_cpp.so" to ""
[19.656s] -- Up-to-date: /home/yifu/ros2_ws/src/install/turtlesim/include/turtlesim
[19.656s] -- Up-to-date: /home/yifu/ros2_ws/src/install/turtlesim/include/turtlesim/srv
[19.656s] -- Up-to-date: /home/yifu/ros2_ws/src/install/turtlesim/include/turtlesim/srv/detail
[19.656s] -- Installing: /home/yifu/ros2_ws/src/install/turtlesim/include/turtlesim/srv/detail/teleport_relative__rosidl_typesupport_introspection_c.h
[19.656s] -- Installing: /home/yifu/ros2_ws/src/install/turtlesim/include/turtlesim/srv/detail/spawn__type_support.c
[19.657s] -- Installing: /home/yifu/ros2_ws/src/install/turtlesim/include/turtlesim/srv/detail/set_pen__type_support.c
[19.657s] -- Installing: /home/yifu/ros2_ws/src/install/turtlesim/include/turtlesim/srv/detail/kill__type_support.c
[19.657s] -- Installing: /home/yifu/ros2_ws/src/install/turtlesim/include/turtlesim/srv/detail/set_pen__rosidl_typesupport_introspection_c.h
[19.658s] -- Installing: /home/yifu/ros2_ws/src/install/turtlesim/include/turtlesim/srv/detail/spawn__rosidl_typesupport_introspection_c.h
[19.658s] -- Installing: /home/yifu/ros2_ws/src/install/turtlesim/include/turtlesim/srv/detail/teleport_absolute__type_support.c
[19.658s] -- Installing: /home/yifu/ros2_ws/src/install/turtlesim/include/turtlesim/srv/detail/teleport_relative__type_support.c
[19.658s] -- Installing: /home/yifu/ros2_ws/src/install/turtlesim/include/turtlesim/srv/detail/kill__rosidl_typesupport_introspection_c.h
[19.658s] -- Installing: /home/yifu/ros2_ws/src/install/turtlesim/include/turtlesim/srv/detail/teleport_absolute__rosidl_typesupport_introspection_c.h
[19.659s] -- Up-to-date: /home/yifu/ros2_ws/src/install/turtlesim/include/turtlesim/action
[19.659s] -- Up-to-date: /home/yifu/ros2_ws/src/install/turtlesim/include/turtlesim/action/detail
[19.659s] -- Installing: /home/yifu/ros2_ws/src/install/turtlesim/include/turtlesim/action/detail/rotate_absolute__rosidl_typesupport_introspection_c.h
[19.659s] -- Installing: /home/yifu/ros2_ws/src/install/turtlesim/include/turtlesim/action/detail/rotate_absolute__type_support.c
[19.660s] -- Up-to-date: /home/yifu/ros2_ws/src/install/turtlesim/include/turtlesim/msg
[19.660s] -- Up-to-date: /home/yifu/ros2_ws/src/install/turtlesim/include/turtlesim/msg/detail
[19.660s] -- Installing: /home/yifu/ros2_ws/src/install/turtlesim/include/turtlesim/msg/detail/pose__type_support.c
[19.660s] -- Installing: /home/yifu/ros2_ws/src/install/turtlesim/include/turtlesim/msg/detail/pose__rosidl_typesupport_introspection_c.h
[19.661s] -- Installing: /home/yifu/ros2_ws/src/install/turtlesim/include/turtlesim/msg/detail/color__rosidl_typesupport_introspection_c.h
[19.661s] -- Installing: /home/yifu/ros2_ws/src/install/turtlesim/include/turtlesim/msg/detail/color__type_support.c
[19.661s] -- Installing: /home/yifu/ros2_ws/src/install/turtlesim/include/turtlesim/msg/rosidl_typesupport_introspection_c__visibility_control.h
[19.661s] -- Installing: /home/yifu/ros2_ws/src/install/turtlesim/lib/libturtlesim__rosidl_typesupport_introspection_c.so
[19.662s] -- Set runtime path of "/home/yifu/ros2_ws/src/install/turtlesim/lib/libturtlesim__rosidl_typesupport_introspection_c.so" to ""
[19.662s] -- Installing: /home/yifu/ros2_ws/src/install/turtlesim/lib/libturtlesim__rosidl_typesupport_c.so
[19.662s] -- Set runtime path of "/home/yifu/ros2_ws/src/install/turtlesim/lib/libturtlesim__rosidl_typesupport_c.so" to ""
[19.663s] -- Up-to-date: /home/yifu/ros2_ws/src/install/turtlesim/include/turtlesim
[19.663s] -- Up-to-date: /home/yifu/ros2_ws/src/install/turtlesim/include/turtlesim/srv
[19.663s] -- Up-to-date: /home/yifu/ros2_ws/src/install/turtlesim/include/turtlesim/srv/detail
[19.663s] -- Installing: /home/yifu/ros2_ws/src/install/turtlesim/include/turtlesim/srv/detail/teleport_absolute__traits.hpp
[19.663s] -- Installing: /home/yifu/ros2_ws/src/install/turtlesim/include/turtlesim/srv/detail/spawn__struct.hpp
[19.663s] -- Installing: /home/yifu/ros2_ws/src/install/turtlesim/include/turtlesim/srv/detail/teleport_relative__builder.hpp
[19.663s] -- Installing: /home/yifu/ros2_ws/src/install/turtlesim/include/turtlesim/srv/detail/teleport_relative__struct.hpp
[19.663s] -- Installing: /home/yifu/ros2_ws/src/install/turtlesim/include/turtlesim/srv/detail/set_pen__struct.hpp
[19.663s] -- Installing: /home/yifu/ros2_ws/src/install/turtlesim/include/turtlesim/srv/detail/teleport_absolute__struct.hpp
[19.663s] -- Installing: /home/yifu/ros2_ws/src/install/turtlesim/include/turtlesim/srv/detail/teleport_relative__traits.hpp
[19.663s] -- Installing: /home/yifu/ros2_ws/src/install/turtlesim/include/turtlesim/srv/detail/spawn__builder.hpp
[19.663s] -- Installing: /home/yifu/ros2_ws/src/install/turtlesim/include/turtlesim/srv/detail/teleport_absolute__builder.hpp
[19.663s] -- Installing: /home/yifu/ros2_ws/src/install/turtlesim/include/turtlesim/srv/detail/spawn__traits.hpp
[19.663s] -- Installing: /home/yifu/ros2_ws/src/install/turtlesim/include/turtlesim/srv/detail/set_pen__builder.hpp
[19.664s] -- Installing: /home/yifu/ros2_ws/src/install/turtlesim/include/turtlesim/srv/detail/kill__struct.hpp
[19.664s] -- Installing: /home/yifu/ros2_ws/src/install/turtlesim/include/turtlesim/srv/detail/kill__builder.hpp
[19.664s] -- Installing: /home/yifu/ros2_ws/src/install/turtlesim/include/turtlesim/srv/detail/kill__traits.hpp
[19.664s] -- Installing: /home/yifu/ros2_ws/src/install/turtlesim/include/turtlesim/srv/detail/set_pen__traits.hpp
[19.664s] -- Installing: /home/yifu/ros2_ws/src/install/turtlesim/include/turtlesim/srv/teleport_relative.hpp
[19.664s] -- Installing: /home/yifu/ros2_ws/src/install/turtlesim/include/turtlesim/srv/spawn.hpp
[19.664s] -- Installing: /home/yifu/ros2_ws/src/install/turtlesim/include/turtlesim/srv/set_pen.hpp
[19.664s] -- Installing: /home/yifu/ros2_ws/src/install/turtlesim/include/turtlesim/srv/teleport_absolute.hpp
[19.664s] -- Installing: /home/yifu/ros2_ws/src/install/turtlesim/include/turtlesim/srv/kill.hpp
[19.664s] -- Up-to-date: /home/yifu/ros2_ws/src/install/turtlesim/include/turtlesim/action
[19.664s] -- Up-to-date: /home/yifu/ros2_ws/src/install/turtlesim/include/turtlesim/action/detail
[19.664s] -- Installing: /home/yifu/ros2_ws/src/install/turtlesim/include/turtlesim/action/detail/rotate_absolute__struct.hpp
[19.664s] -- Installing: /home/yifu/ros2_ws/src/install/turtlesim/include/turtlesim/action/detail/rotate_absolute__traits.hpp
[19.664s] -- Installing: /home/yifu/ros2_ws/src/install/turtlesim/include/turtlesim/action/detail/rotate_absolute__builder.hpp
[19.664s] -- Installing: /home/yifu/ros2_ws/src/install/turtlesim/include/turtlesim/action/rotate_absolute.hpp
[19.664s] -- Up-to-date: /home/yifu/ros2_ws/src/install/turtlesim/include/turtlesim/msg
[19.664s] -- Up-to-date: /home/yifu/ros2_ws/src/install/turtlesim/include/turtlesim/msg/detail
[19.664s] -- Installing: /home/yifu/ros2_ws/src/install/turtlesim/include/turtlesim/msg/detail/pose__builder.hpp
[19.665s] -- Installing: /home/yifu/ros2_ws/src/install/turtlesim/include/turtlesim/msg/detail/pose__struct.hpp
[19.665s] -- Installing: /home/yifu/ros2_ws/src/install/turtlesim/include/turtlesim/msg/detail/color__traits.hpp
[19.665s] -- Installing: /home/yifu/ros2_ws/src/install/turtlesim/include/turtlesim/msg/detail/color__builder.hpp
[19.665s] -- Installing: /home/yifu/ros2_ws/src/install/turtlesim/include/turtlesim/msg/detail/color__struct.hpp
[19.665s] -- Installing: /home/yifu/ros2_ws/src/install/turtlesim/include/turtlesim/msg/detail/pose__traits.hpp
[19.665s] -- Installing: /home/yifu/ros2_ws/src/install/turtlesim/include/turtlesim/msg/pose.hpp
[19.665s] -- Installing: /home/yifu/ros2_ws/src/install/turtlesim/include/turtlesim/msg/color.hpp
[19.665s] -- Up-to-date: /home/yifu/ros2_ws/src/install/turtlesim/include/turtlesim
[19.665s] -- Up-to-date: /home/yifu/ros2_ws/src/install/turtlesim/include/turtlesim/srv
[19.665s] -- Up-to-date: /home/yifu/ros2_ws/src/install/turtlesim/include/turtlesim/srv/detail
[19.665s] -- Installing: /home/yifu/ros2_ws/src/install/turtlesim/include/turtlesim/srv/detail/set_pen__type_support.cpp
[19.665s] -- Installing: /home/yifu/ros2_ws/src/install/turtlesim/include/turtlesim/srv/detail/teleport_relative__type_support.cpp
[19.666s] -- Installing: /home/yifu/ros2_ws/src/install/turtlesim/include/turtlesim/srv/detail/kill__rosidl_typesupport_introspection_cpp.hpp
[19.666s] -- Installing: /home/yifu/ros2_ws/src/install/turtlesim/include/turtlesim/srv/detail/teleport_absolute__rosidl_typesupport_introspection_cpp.hpp
[19.666s] -- Installing: /home/yifu/ros2_ws/src/install/turtlesim/include/turtlesim/srv/detail/teleport_relative__rosidl_typesupport_introspection_cpp.hpp
[19.667s] -- Installing: /home/yifu/ros2_ws/src/install/turtlesim/include/turtlesim/srv/detail/spawn__type_support.cpp
[19.667s] -- Installing: /home/yifu/ros2_ws/src/install/turtlesim/include/turtlesim/srv/detail/set_pen__rosidl_typesupport_introspection_cpp.hpp
[19.667s] -- Installing: /home/yifu/ros2_ws/src/install/turtlesim/include/turtlesim/srv/detail/kill__type_support.cpp
[19.667s] -- Installing: /home/yifu/ros2_ws/src/install/turtlesim/include/turtlesim/srv/detail/teleport_absolute__type_support.cpp
[19.667s] -- Installing: /home/yifu/ros2_ws/src/install/turtlesim/include/turtlesim/srv/detail/spawn__rosidl_typesupport_introspection_cpp.hpp
[19.668s] -- Up-to-date: /home/yifu/ros2_ws/src/install/turtlesim/include/turtlesim/action
[19.668s] -- Up-to-date: /home/yifu/ros2_ws/src/install/turtlesim/include/turtlesim/action/detail
[19.668s] -- Installing: /home/yifu/ros2_ws/src/install/turtlesim/include/turtlesim/action/detail/rotate_absolute__type_support.cpp
[19.669s] -- Installing: /home/yifu/ros2_ws/src/install/turtlesim/include/turtlesim/action/detail/rotate_absolute__rosidl_typesupport_introspection_cpp.hpp
[19.669s] -- Up-to-date: /home/yifu/ros2_ws/src/install/turtlesim/include/turtlesim/msg
[19.669s] -- Up-to-date: /home/yifu/ros2_ws/src/install/turtlesim/include/turtlesim/msg/detail
[19.670s] -- Installing: /home/yifu/ros2_ws/src/install/turtlesim/include/turtlesim/msg/detail/pose__type_support.cpp
[19.670s] -- Installing: /home/yifu/ros2_ws/src/install/turtlesim/include/turtlesim/msg/detail/pose__rosidl_typesupport_introspection_cpp.hpp
[19.670s] -- Installing: /home/yifu/ros2_ws/src/install/turtlesim/include/turtlesim/msg/detail/color__rosidl_typesupport_introspection_cpp.hpp
[19.671s] -- Installing: /home/yifu/ros2_ws/src/install/turtlesim/include/turtlesim/msg/detail/color__type_support.cpp
[19.671s] -- Installing: /home/yifu/ros2_ws/src/install/turtlesim/lib/libturtlesim__rosidl_typesupport_introspection_cpp.so
[19.672s] -- Set runtime path of "/home/yifu/ros2_ws/src/install/turtlesim/lib/libturtlesim__rosidl_typesupport_introspection_cpp.so" to ""
[19.672s] -- Installing: /home/yifu/ros2_ws/src/install/turtlesim/lib/libturtlesim__rosidl_typesupport_cpp.so
[19.672s] -- Set runtime path of "/home/yifu/ros2_ws/src/install/turtlesim/lib/libturtlesim__rosidl_typesupport_cpp.so" to ""
[19.672s] -- Installing: /home/yifu/ros2_ws/src/install/turtlesim/share/turtlesim/environment/pythonpath.sh
[19.673s] -- Installing: /home/yifu/ros2_ws/src/install/turtlesim/share/turtlesim/environment/pythonpath.dsv
[19.673s] -- Installing: /home/yifu/ros2_ws/src/install/turtlesim/lib/python3.8/site-packages/turtlesim/__init__.py
[19.731s] Compiling '/home/yifu/ros2_ws/src/install/turtlesim/lib/python3.8/site-packages/turtlesim/__init__.py'...
[19.734s] -- Installing: /home/yifu/ros2_ws/src/install/turtlesim/lib/python3.8/site-packages/turtlesim/action
[19.734s] -- Installing: /home/yifu/ros2_ws/src/install/turtlesim/lib/python3.8/site-packages/turtlesim/action/__init__.py
[19.734s] -- Installing: /home/yifu/ros2_ws/src/install/turtlesim/lib/python3.8/site-packages/turtlesim/action/_rotate_absolute.py
[19.735s] -- Installing: /home/yifu/ros2_ws/src/install/turtlesim/lib/python3.8/site-packages/turtlesim/action/_rotate_absolute_s.c
[19.735s] -- Installing: /home/yifu/ros2_ws/src/install/turtlesim/lib/python3.8/site-packages/turtlesim/msg
[19.735s] -- Installing: /home/yifu/ros2_ws/src/install/turtlesim/lib/python3.8/site-packages/turtlesim/msg/_pose.py
[19.735s] -- Installing: /home/yifu/ros2_ws/src/install/turtlesim/lib/python3.8/site-packages/turtlesim/msg/_color_s.c
[19.735s] -- Installing: /home/yifu/ros2_ws/src/install/turtlesim/lib/python3.8/site-packages/turtlesim/msg/__init__.py
[19.736s] -- Installing: /home/yifu/ros2_ws/src/install/turtlesim/lib/python3.8/site-packages/turtlesim/msg/_color.py
[19.736s] -- Installing: /home/yifu/ros2_ws/src/install/turtlesim/lib/python3.8/site-packages/turtlesim/msg/_pose_s.c
[19.736s] -- Installing: /home/yifu/ros2_ws/src/install/turtlesim/lib/python3.8/site-packages/turtlesim/srv
[19.736s] -- Installing: /home/yifu/ros2_ws/src/install/turtlesim/lib/python3.8/site-packages/turtlesim/srv/_kill.py
[19.736s] -- Installing: /home/yifu/ros2_ws/src/install/turtlesim/lib/python3.8/site-packages/turtlesim/srv/_kill_s.c
[19.736s] -- Installing: /home/yifu/ros2_ws/src/install/turtlesim/lib/python3.8/site-packages/turtlesim/srv/_teleport_absolute_s.c
[19.736s] -- Installing: /home/yifu/ros2_ws/src/install/turtlesim/lib/python3.8/site-packages/turtlesim/srv/_teleport_absolute.py
[19.737s] -- Installing: /home/yifu/ros2_ws/src/install/turtlesim/lib/python3.8/site-packages/turtlesim/srv/__init__.py
[19.737s] -- Installing: /home/yifu/ros2_ws/src/install/turtlesim/lib/python3.8/site-packages/turtlesim/srv/_spawn_s.c
[19.737s] -- Installing: /home/yifu/ros2_ws/src/install/turtlesim/lib/python3.8/site-packages/turtlesim/srv/_spawn.py
[19.737s] -- Installing: /home/yifu/ros2_ws/src/install/turtlesim/lib/python3.8/site-packages/turtlesim/srv/_set_pen_s.c
[19.737s] -- Installing: /home/yifu/ros2_ws/src/install/turtlesim/lib/python3.8/site-packages/turtlesim/srv/_teleport_relative_s.c
[19.737s] -- Installing: /home/yifu/ros2_ws/src/install/turtlesim/lib/python3.8/site-packages/turtlesim/srv/_teleport_relative.py
[19.737s] -- Installing: /home/yifu/ros2_ws/src/install/turtlesim/lib/python3.8/site-packages/turtlesim/srv/_set_pen.py
[19.738s] -- Installing: /home/yifu/ros2_ws/src/install/turtlesim/lib/python3.8/site-packages/turtlesim/turtlesim_s__rosidl_typesupport_fastrtps_c.cpython-38-aarch64-linux-gnu.so
[19.738s] -- Set runtime path of "/home/yifu/ros2_ws/src/install/turtlesim/lib/python3.8/site-packages/turtlesim/turtlesim_s__rosidl_typesupport_fastrtps_c.cpython-38-aarch64-linux-gnu.so" to ""
[19.738s] -- Installing: /home/yifu/ros2_ws/src/install/turtlesim/lib/python3.8/site-packages/turtlesim/turtlesim_s__rosidl_typesupport_introspection_c.cpython-38-aarch64-linux-gnu.so
[19.739s] -- Set runtime path of "/home/yifu/ros2_ws/src/install/turtlesim/lib/python3.8/site-packages/turtlesim/turtlesim_s__rosidl_typesupport_introspection_c.cpython-38-aarch64-linux-gnu.so" to ""
[19.739s] -- Installing: /home/yifu/ros2_ws/src/install/turtlesim/lib/python3.8/site-packages/turtlesim/turtlesim_s__rosidl_typesupport_c.cpython-38-aarch64-linux-gnu.so
[19.739s] -- Set runtime path of "/home/yifu/ros2_ws/src/install/turtlesim/lib/python3.8/site-packages/turtlesim/turtlesim_s__rosidl_typesupport_c.cpython-38-aarch64-linux-gnu.so" to ""
[19.739s] -- Installing: /home/yifu/ros2_ws/src/install/turtlesim/lib/libturtlesim__python.so
[19.739s] -- Set runtime path of "/home/yifu/ros2_ws/src/install/turtlesim/lib/libturtlesim__python.so" to ""
[19.740s] -- Installing: /home/yifu/ros2_ws/src/install/turtlesim/share/turtlesim/action/RotateAbsolute.idl
[19.740s] -- Installing: /home/yifu/ros2_ws/src/install/turtlesim/share/turtlesim/msg/Color.idl
[19.741s] -- Installing: /home/yifu/ros2_ws/src/install/turtlesim/share/turtlesim/msg/Pose.idl
[19.741s] -- Installing: /home/yifu/ros2_ws/src/install/turtlesim/share/turtlesim/srv/Kill.idl
[19.742s] -- Installing: /home/yifu/ros2_ws/src/install/turtlesim/share/turtlesim/srv/SetPen.idl
[19.742s] -- Installing: /home/yifu/ros2_ws/src/install/turtlesim/share/turtlesim/srv/Spawn.idl
[19.742s] -- Installing: /home/yifu/ros2_ws/src/install/turtlesim/share/turtlesim/srv/TeleportAbsolute.idl
[19.742s] -- Installing: /home/yifu/ros2_ws/src/install/turtlesim/share/turtlesim/srv/TeleportRelative.idl
[19.743s] -- Installing: /home/yifu/ros2_ws/src/install/turtlesim/share/turtlesim/action/RotateAbsolute.action
[19.743s] -- Installing: /home/yifu/ros2_ws/src/install/turtlesim/share/turtlesim/msg/Color.msg
[19.744s] -- Installing: /home/yifu/ros2_ws/src/install/turtlesim/share/turtlesim/msg/Pose.msg
[19.744s] -- Installing: /home/yifu/ros2_ws/src/install/turtlesim/share/turtlesim/srv/Kill.srv
[19.745s] -- Installing: /home/yifu/ros2_ws/src/install/turtlesim/share/turtlesim/srv/Kill_Request.msg
[19.745s] -- Installing: /home/yifu/ros2_ws/src/install/turtlesim/share/turtlesim/srv/Kill_Response.msg
[19.745s] -- Installing: /home/yifu/ros2_ws/src/install/turtlesim/share/turtlesim/srv/SetPen.srv
[19.745s] -- Installing: /home/yifu/ros2_ws/src/install/turtlesim/share/turtlesim/srv/SetPen_Request.msg
[19.745s] -- Installing: /home/yifu/ros2_ws/src/install/turtlesim/share/turtlesim/srv/SetPen_Response.msg
[19.746s] -- Installing: /home/yifu/ros2_ws/src/install/turtlesim/share/turtlesim/srv/Spawn.srv
[19.746s] -- Installing: /home/yifu/ros2_ws/src/install/turtlesim/share/turtlesim/srv/Spawn_Request.msg
[19.746s] -- Installing: /home/yifu/ros2_ws/src/install/turtlesim/share/turtlesim/srv/Spawn_Response.msg
[19.746s] -- Installing: /home/yifu/ros2_ws/src/install/turtlesim/share/turtlesim/srv/TeleportAbsolute.srv
[19.747s] -- Installing: /home/yifu/ros2_ws/src/install/turtlesim/share/turtlesim/srv/TeleportAbsolute_Request.msg
[19.747s] -- Installing: /home/yifu/ros2_ws/src/install/turtlesim/share/turtlesim/srv/TeleportAbsolute_Response.msg
[19.747s] -- Installing: /home/yifu/ros2_ws/src/install/turtlesim/share/turtlesim/srv/TeleportRelative.srv
[19.747s] -- Installing: /home/yifu/ros2_ws/src/install/turtlesim/share/turtlesim/srv/TeleportRelative_Request.msg
[19.747s] -- Installing: /home/yifu/ros2_ws/src/install/turtlesim/share/turtlesim/srv/TeleportRelative_Response.msg
[19.748s] -- Installing: /home/yifu/ros2_ws/src/install/turtlesim/lib/turtlesim/turtlesim_node
[19.752s] -- Set runtime path of "/home/yifu/ros2_ws/src/install/turtlesim/lib/turtlesim/turtlesim_node" to ""
[19.752s] -- Installing: /home/yifu/ros2_ws/src/install/turtlesim/lib/turtlesim/turtle_teleop_key
[19.754s] -- Set runtime path of "/home/yifu/ros2_ws/src/install/turtlesim/lib/turtlesim/turtle_teleop_key" to ""
[19.754s] -- Installing: /home/yifu/ros2_ws/src/install/turtlesim/lib/turtlesim/draw_square
[19.756s] -- Set runtime path of "/home/yifu/ros2_ws/src/install/turtlesim/lib/turtlesim/draw_square" to ""
[19.756s] -- Installing: /home/yifu/ros2_ws/src/install/turtlesim/lib/turtlesim/mimic
[19.758s] -- Set runtime path of "/home/yifu/ros2_ws/src/install/turtlesim/lib/turtlesim/mimic" to ""
[19.758s] -- Installing: /home/yifu/ros2_ws/src/install/turtlesim/share/turtlesim/images
[19.759s] -- Installing: /home/yifu/ros2_ws/src/install/turtlesim/share/turtlesim/images/ardent.png
[19.759s] -- Installing: /home/yifu/ros2_ws/src/install/turtlesim/share/turtlesim/images/crystal.png
[19.759s] -- Installing: /home/yifu/ros2_ws/src/install/turtlesim/share/turtlesim/images/bouncy.png
[19.760s] -- Installing: /home/yifu/ros2_ws/src/install/turtlesim/share/turtlesim/images/galactic.png
[19.760s] -- Installing: /home/yifu/ros2_ws/src/install/turtlesim/share/turtlesim/images/foxy.png
[19.760s] -- Installing: /home/yifu/ros2_ws/src/install/turtlesim/share/turtlesim/images/eloquent.png
[19.760s] -- Installing: /home/yifu/ros2_ws/src/install/turtlesim/share/turtlesim/images/dashing.png
[19.761s] -- Installing: /home/yifu/ros2_ws/src/install/turtlesim/share/turtlesim/launch
[19.761s] -- Installing: /home/yifu/ros2_ws/src/install/turtlesim/share/turtlesim/launch/multisim.launch.py
[19.761s] -- Installing: /home/yifu/ros2_ws/src/install/turtlesim/share/ament_index/resource_index/package_run_dependencies/turtlesim
[19.762s] -- Installing: /home/yifu/ros2_ws/src/install/turtlesim/share/ament_index/resource_index/parent_prefix_path/turtlesim
[19.763s] -- Installing: /home/yifu/ros2_ws/src/install/turtlesim/share/turtlesim/environment/ament_prefix_path.sh
[19.763s] -- Installing: /home/yifu/ros2_ws/src/install/turtlesim/share/turtlesim/environment/ament_prefix_path.dsv
[19.764s] -- Installing: /home/yifu/ros2_ws/src/install/turtlesim/share/turtlesim/environment/path.sh
[19.764s] -- Installing: /home/yifu/ros2_ws/src/install/turtlesim/share/turtlesim/environment/path.dsv
[19.764s] -- Installing: /home/yifu/ros2_ws/src/install/turtlesim/share/turtlesim/local_setup.bash
[19.764s] -- Installing: /home/yifu/ros2_ws/src/install/turtlesim/share/turtlesim/local_setup.sh
[19.765s] -- Installing: /home/yifu/ros2_ws/src/install/turtlesim/share/turtlesim/local_setup.zsh
[19.765s] -- Installing: /home/yifu/ros2_ws/src/install/turtlesim/share/turtlesim/local_setup.dsv
[19.765s] -- Installing: /home/yifu/ros2_ws/src/install/turtlesim/share/turtlesim/package.dsv
[19.765s] -- Installing: /home/yifu/ros2_ws/src/install/turtlesim/share/ament_index/resource_index/packages/turtlesim
[19.766s] -- Installing: /home/yifu/ros2_ws/src/install/turtlesim/share/turtlesim/cmake/turtlesim__rosidl_generator_cExport.cmake
[19.766s] -- Installing: /home/yifu/ros2_ws/src/install/turtlesim/share/turtlesim/cmake/turtlesim__rosidl_generator_cExport-noconfig.cmake
[19.767s] -- Installing: /home/yifu/ros2_ws/src/install/turtlesim/share/turtlesim/cmake/turtlesim__rosidl_typesupport_introspection_cExport.cmake
[19.767s] -- Installing: /home/yifu/ros2_ws/src/install/turtlesim/share/turtlesim/cmake/turtlesim__rosidl_typesupport_introspection_cExport-noconfig.cmake
[19.767s] -- Installing: /home/yifu/ros2_ws/src/install/turtlesim/share/turtlesim/cmake/turtlesim__rosidl_typesupport_cExport.cmake
[19.767s] -- Installing: /home/yifu/ros2_ws/src/install/turtlesim/share/turtlesim/cmake/turtlesim__rosidl_typesupport_cExport-noconfig.cmake
[19.768s] -- Installing: /home/yifu/ros2_ws/src/install/turtlesim/share/turtlesim/cmake/turtlesim__rosidl_generator_cppExport.cmake
[19.768s] -- Installing: /home/yifu/ros2_ws/src/install/turtlesim/share/turtlesim/cmake/turtlesim__rosidl_typesupport_introspection_cppExport.cmake
[19.768s] -- Installing: /home/yifu/ros2_ws/src/install/turtlesim/share/turtlesim/cmake/turtlesim__rosidl_typesupport_introspection_cppExport-noconfig.cmake
[19.768s] -- Installing: /home/yifu/ros2_ws/src/install/turtlesim/share/turtlesim/cmake/turtlesim__rosidl_typesupport_cppExport.cmake
[19.769s] -- Installing: /home/yifu/ros2_ws/src/install/turtlesim/share/turtlesim/cmake/turtlesim__rosidl_typesupport_cppExport-noconfig.cmake
[19.769s] -- Installing: /home/yifu/ros2_ws/src/install/turtlesim/share/turtlesim/cmake/rosidl_cmake-extras.cmake
[19.770s] -- Installing: /home/yifu/ros2_ws/src/install/turtlesim/share/turtlesim/cmake/ament_cmake_export_dependencies-extras.cmake
[19.770s] -- Installing: /home/yifu/ros2_ws/src/install/turtlesim/share/turtlesim/cmake/ament_cmake_export_libraries-extras.cmake
[19.771s] -- Installing: /home/yifu/ros2_ws/src/install/turtlesim/share/turtlesim/cmake/ament_cmake_export_targets-extras.cmake
[19.771s] -- Installing: /home/yifu/ros2_ws/src/install/turtlesim/share/turtlesim/cmake/ament_cmake_export_include_directories-extras.cmake
[19.771s] -- Installing: /home/yifu/ros2_ws/src/install/turtlesim/share/turtlesim/cmake/rosidl_cmake_export_typesupport_libraries-extras.cmake
[19.772s] -- Installing: /home/yifu/ros2_ws/src/install/turtlesim/share/turtlesim/cmake/rosidl_cmake_export_typesupport_targets-extras.cmake
[19.772s] -- Installing: /home/yifu/ros2_ws/src/install/turtlesim/share/turtlesim/cmake/turtlesimConfig.cmake
[19.772s] -- Installing: /home/yifu/ros2_ws/src/install/turtlesim/share/turtlesim/cmake/turtlesimConfig-version.cmake
[19.773s] -- Installing: /home/yifu/ros2_ws/src/install/turtlesim/share/turtlesim/package.xml
[19.777s] Invoked command in '/home/yifu/ros2_ws/src/build/turtlesim' returned '0': CMAKE_PREFIX_PATH=/opt/ros/galactic /usr/bin/cmake --install /home/yifu/ros2_ws/src/build/turtlesim
