running egg_info
writing ../../build/proxemic_detector_pkg/proxemic_detector_pkg.egg-info/PKG-INFO
writing dependency_links to ../../build/proxemic_detector_pkg/proxemic_detector_pkg.egg-info/dependency_links.txt
writing entry points to ../../build/proxemic_detector_pkg/proxemic_detector_pkg.egg-info/entry_points.txt
writing requirements to ../../build/proxemic_detector_pkg/proxemic_detector_pkg.egg-info/requires.txt
writing top-level names to ../../build/proxemic_detector_pkg/proxemic_detector_pkg.egg-info/top_level.txt
reading manifest file '../../build/proxemic_detector_pkg/proxemic_detector_pkg.egg-info/SOURCES.txt'
writing manifest file '../../build/proxemic_detector_pkg/proxemic_detector_pkg.egg-info/SOURCES.txt'
running build
running build_py
running install
running install_lib
running install_data
copying package.xml -> /home/yifu/ros2_ws/install/proxemic_detector_pkg/share/proxemic_detector_pkg
running install_egg_info
removing '/home/yifu/ros2_ws/install/proxemic_detector_pkg/lib/python3.8/site-packages/proxemic_detector_pkg-0.0.0-py3.8.egg-info' (and everything under it)
Copying ../../build/proxemic_detector_pkg/proxemic_detector_pkg.egg-info to /home/yifu/ros2_ws/install/proxemic_detector_pkg/lib/python3.8/site-packages/proxemic_detector_pkg-0.0.0-py3.8.egg-info
running install_scripts
Installing turtlebot_proxemic_detector_node script to /home/yifu/ros2_ws/install/proxemic_detector_pkg/lib/proxemic_detector_pkg
writing list of installed files to '/home/yifu/ros2_ws/build/proxemic_detector_pkg/install.log'
