[0.520s] Invoking command in '/home/yifu/turtlebot_4/ros2_ws/src/proxemic_detector_pkg': PYTHONPATH=/home/yifu/turtlebot_4/ros2_ws/install/proxemic_detector_pkg/lib/python3.8/site-packages:${PYTHONPATH} /usr/bin/python3 setup.py egg_info --egg-base ../../build/proxemic_detector_pkg build --build-base /home/yifu/turtlebot_4/ros2_ws/build/proxemic_detector_pkg/build install --prefix /home/yifu/turtlebot_4/ros2_ws/install/proxemic_detector_pkg --record /home/yifu/turtlebot_4/ros2_ws/build/proxemic_detector_pkg/install.log --single-version-externally-managed
[0.649s] running egg_info
[0.650s] writing ../../build/proxemic_detector_pkg/proxemic_detector_pkg.egg-info/PKG-INFO
[0.650s] writing dependency_links to ../../build/proxemic_detector_pkg/proxemic_detector_pkg.egg-info/dependency_links.txt
[0.651s] writing entry points to ../../build/proxemic_detector_pkg/proxemic_detector_pkg.egg-info/entry_points.txt
[0.652s] writing requirements to ../../build/proxemic_detector_pkg/proxemic_detector_pkg.egg-info/requires.txt
[0.655s] writing top-level names to ../../build/proxemic_detector_pkg/proxemic_detector_pkg.egg-info/top_level.txt
[0.677s] reading manifest file '../../build/proxemic_detector_pkg/proxemic_detector_pkg.egg-info/SOURCES.txt'
[0.677s] writing manifest file '../../build/proxemic_detector_pkg/proxemic_detector_pkg.egg-info/SOURCES.txt'
[0.677s] running build
[0.677s] running build_py
[0.677s] running install
[0.679s] running install_lib
[0.680s] running install_data
[0.680s] running install_egg_info
[0.681s] removing '/home/yifu/turtlebot_4/ros2_ws/install/proxemic_detector_pkg/lib/python3.8/site-packages/proxemic_detector_pkg-0.0.0-py3.8.egg-info' (and everything under it)
[0.682s] Copying ../../build/proxemic_detector_pkg/proxemic_detector_pkg.egg-info to /home/yifu/turtlebot_4/ros2_ws/install/proxemic_detector_pkg/lib/python3.8/site-packages/proxemic_detector_pkg-0.0.0-py3.8.egg-info
[0.682s] running install_scripts
[0.693s] Installing turtlebot_proxemic_detector_node script to /home/yifu/turtlebot_4/ros2_ws/install/proxemic_detector_pkg/lib/proxemic_detector_pkg
[0.693s] writing list of installed files to '/home/yifu/turtlebot_4/ros2_ws/build/proxemic_detector_pkg/install.log'
