[0.163s] Invoking command in '/home/yifu/ros2_ws/build/turtlesim': CMAKE_PREFIX_PATH=/opt/ros/galactic /usr/bin/cmake --build /home/yifu/ros2_ws/build/turtlesim -- -j4 -l4
[0.254s] [ 10%] Built target turtlesim__rosidl_generator_c
[0.274s] [ 11%] Built target turtlesim__cpp
[0.282s] [ 21%] Built target turtlesim__rosidl_typesupport_c
[0.301s] [ 31%] Built target turtlesim__rosidl_typesupport_introspection_c
[0.313s] [ 41%] Built target turtlesim__rosidl_typesupport_introspection_cpp
[0.313s] [ 51%] Built target turtlesim__rosidl_typesupport_cpp
[0.331s] [ 61%] Built target turtlesim__rosidl_typesupport_fastrtps_cpp
[0.356s] [ 71%] Built target turtlesim__rosidl_typesupport_fastrtps_c
[0.370s] [ 71%] Built target turtlesim
[0.395s] [ 73%] Built target mimic
[0.416s] [ 75%] Built target turtle_teleop_key
[0.417s] [ 76%] Built target turtlesim__py
[0.419s] [ 78%] Built target draw_square
[0.461s] [ 87%] Built target turtlesim__python
[0.484s] [ 93%] Built target turtlesim_node
[0.488s] [ 95%] Built target turtlesim__rosidl_typesupport_c__pyext
[0.493s] [ 97%] Built target turtlesim__rosidl_typesupport_introspection_c__pyext
[0.497s] [100%] Built target turtlesim__rosidl_typesupport_fastrtps_c__pyext
[0.517s] Invoked command in '/home/yifu/ros2_ws/build/turtlesim' returned '0': CMAKE_PREFIX_PATH=/opt/ros/galactic /usr/bin/cmake --build /home/yifu/ros2_ws/build/turtlesim -- -j4 -l4
[0.895s] Invoking command in '/home/yifu/ros2_ws/build/turtlesim': CMAKE_PREFIX_PATH=/opt/ros/galactic /usr/bin/cmake --install /home/yifu/ros2_ws/build/turtlesim
[0.903s] -- Install configuration: ""
[0.903s] -- Up-to-date: /home/yifu/ros2_ws/install/turtlesim/share/ament_index/resource_index/rosidl_interfaces/turtlesim
[0.903s] -- Up-to-date: /home/yifu/ros2_ws/install/turtlesim/include/turtlesim
[0.904s] -- Up-to-date: /home/yifu/ros2_ws/install/turtlesim/include/turtlesim/srv
[0.904s] -- Up-to-date: /home/yifu/ros2_ws/install/turtlesim/include/turtlesim/srv/detail
[0.904s] -- Up-to-date: /home/yifu/ros2_ws/install/turtlesim/include/turtlesim/srv/detail/kill__functions.c
[0.904s] -- Up-to-date: /home/yifu/ros2_ws/install/turtlesim/include/turtlesim/srv/detail/teleport_absolute__functions.h
[0.904s] -- Up-to-date: /home/yifu/ros2_ws/install/turtlesim/include/turtlesim/srv/detail/teleport_absolute__type_support.h
[0.904s] -- Up-to-date: /home/yifu/ros2_ws/install/turtlesim/include/turtlesim/srv/detail/teleport_absolute__functions.c
[0.904s] -- Up-to-date: /home/yifu/ros2_ws/install/turtlesim/include/turtlesim/srv/detail/set_pen__type_support.h
[0.904s] -- Up-to-date: /home/yifu/ros2_ws/install/turtlesim/include/turtlesim/srv/detail/spawn__struct.h
[0.904s] -- Up-to-date: /home/yifu/ros2_ws/install/turtlesim/include/turtlesim/srv/detail/teleport_absolute__struct.h
[0.904s] -- Up-to-date: /home/yifu/ros2_ws/install/turtlesim/include/turtlesim/srv/detail/kill__functions.h
[0.904s] -- Up-to-date: /home/yifu/ros2_ws/install/turtlesim/include/turtlesim/srv/detail/set_pen__struct.h
[0.904s] -- Up-to-date: /home/yifu/ros2_ws/install/turtlesim/include/turtlesim/srv/detail/teleport_relative__functions.c
[0.904s] -- Up-to-date: /home/yifu/ros2_ws/install/turtlesim/include/turtlesim/srv/detail/spawn__type_support.h
[0.904s] -- Up-to-date: /home/yifu/ros2_ws/install/turtlesim/include/turtlesim/srv/detail/teleport_relative__type_support.h
[0.904s] -- Up-to-date: /home/yifu/ros2_ws/install/turtlesim/include/turtlesim/srv/detail/set_pen__functions.h
[0.904s] -- Up-to-date: /home/yifu/ros2_ws/install/turtlesim/include/turtlesim/srv/detail/set_pen__functions.c
[0.904s] -- Up-to-date: /home/yifu/ros2_ws/install/turtlesim/include/turtlesim/srv/detail/kill__type_support.h
[0.904s] -- Up-to-date: /home/yifu/ros2_ws/install/turtlesim/include/turtlesim/srv/detail/spawn__functions.c
[0.904s] -- Up-to-date: /home/yifu/ros2_ws/install/turtlesim/include/turtlesim/srv/detail/spawn__functions.h
[0.904s] -- Up-to-date: /home/yifu/ros2_ws/install/turtlesim/include/turtlesim/srv/detail/teleport_relative__struct.h
[0.905s] -- Up-to-date: /home/yifu/ros2_ws/install/turtlesim/include/turtlesim/srv/detail/kill__struct.h
[0.905s] -- Up-to-date: /home/yifu/ros2_ws/install/turtlesim/include/turtlesim/srv/detail/teleport_relative__functions.h
[0.905s] -- Up-to-date: /home/yifu/ros2_ws/install/turtlesim/include/turtlesim/srv/teleport_relative.h
[0.905s] -- Up-to-date: /home/yifu/ros2_ws/install/turtlesim/include/turtlesim/srv/spawn.h
[0.905s] -- Up-to-date: /home/yifu/ros2_ws/install/turtlesim/include/turtlesim/srv/set_pen.h
[0.905s] -- Up-to-date: /home/yifu/ros2_ws/install/turtlesim/include/turtlesim/srv/teleport_absolute.h
[0.905s] -- Up-to-date: /home/yifu/ros2_ws/install/turtlesim/include/turtlesim/srv/kill.h
[0.905s] -- Up-to-date: /home/yifu/ros2_ws/install/turtlesim/include/turtlesim/action
[0.905s] -- Up-to-date: /home/yifu/ros2_ws/install/turtlesim/include/turtlesim/action/detail
[0.905s] -- Up-to-date: /home/yifu/ros2_ws/install/turtlesim/include/turtlesim/action/detail/rotate_absolute__struct.h
[0.905s] -- Up-to-date: /home/yifu/ros2_ws/install/turtlesim/include/turtlesim/action/detail/rotate_absolute__functions.c
[0.905s] -- Up-to-date: /home/yifu/ros2_ws/install/turtlesim/include/turtlesim/action/detail/rotate_absolute__type_support.h
[0.905s] -- Up-to-date: /home/yifu/ros2_ws/install/turtlesim/include/turtlesim/action/detail/rotate_absolute__functions.h
[0.906s] -- Up-to-date: /home/yifu/ros2_ws/install/turtlesim/include/turtlesim/action/rotate_absolute.h
[0.906s] -- Up-to-date: /home/yifu/ros2_ws/install/turtlesim/include/turtlesim/msg
[0.906s] -- Up-to-date: /home/yifu/ros2_ws/install/turtlesim/include/turtlesim/msg/detail
[0.906s] -- Up-to-date: /home/yifu/ros2_ws/install/turtlesim/include/turtlesim/msg/detail/pose__type_support.h
[0.906s] -- Up-to-date: /home/yifu/ros2_ws/install/turtlesim/include/turtlesim/msg/detail/pose__struct.h
[0.906s] -- Up-to-date: /home/yifu/ros2_ws/install/turtlesim/include/turtlesim/msg/detail/pose__functions.h
[0.906s] -- Up-to-date: /home/yifu/ros2_ws/install/turtlesim/include/turtlesim/msg/detail/color__functions.c
[0.906s] -- Up-to-date: /home/yifu/ros2_ws/install/turtlesim/include/turtlesim/msg/detail/pose__functions.c
[0.906s] -- Up-to-date: /home/yifu/ros2_ws/install/turtlesim/include/turtlesim/msg/detail/color__functions.h
[0.906s] -- Up-to-date: /home/yifu/ros2_ws/install/turtlesim/include/turtlesim/msg/detail/color__type_support.h
[0.906s] -- Up-to-date: /home/yifu/ros2_ws/install/turtlesim/include/turtlesim/msg/detail/color__struct.h
[0.906s] -- Up-to-date: /home/yifu/ros2_ws/install/turtlesim/include/turtlesim/msg/pose.h
[0.906s] -- Up-to-date: /home/yifu/ros2_ws/install/turtlesim/include/turtlesim/msg/color.h
[0.906s] -- Up-to-date: /home/yifu/ros2_ws/install/turtlesim/include/turtlesim/msg/rosidl_generator_c__visibility_control.h
[0.906s] -- Up-to-date: /home/yifu/ros2_ws/install/turtlesim/share/turtlesim/environment/library_path.sh
[0.906s] -- Up-to-date: /home/yifu/ros2_ws/install/turtlesim/share/turtlesim/environment/library_path.dsv
[0.906s] -- Up-to-date: /home/yifu/ros2_ws/install/turtlesim/lib/libturtlesim__rosidl_generator_c.so
[0.906s] -- Up-to-date: /home/yifu/ros2_ws/install/turtlesim/include/turtlesim
[0.906s] -- Up-to-date: /home/yifu/ros2_ws/install/turtlesim/include/turtlesim/srv
[0.906s] -- Up-to-date: /home/yifu/ros2_ws/install/turtlesim/include/turtlesim/srv/detail
[0.906s] -- Up-to-date: /home/yifu/ros2_ws/install/turtlesim/include/turtlesim/srv/detail/teleport_relative__rosidl_typesupport_fastrtps_c.h
[0.906s] -- Up-to-date: /home/yifu/ros2_ws/install/turtlesim/include/turtlesim/srv/detail/set_pen__rosidl_typesupport_fastrtps_c.h
[0.907s] -- Up-to-date: /home/yifu/ros2_ws/install/turtlesim/include/turtlesim/srv/detail/kill__rosidl_typesupport_fastrtps_c.h
[0.907s] -- Up-to-date: /home/yifu/ros2_ws/install/turtlesim/include/turtlesim/srv/detail/spawn__rosidl_typesupport_fastrtps_c.h
[0.907s] -- Up-to-date: /home/yifu/ros2_ws/install/turtlesim/include/turtlesim/srv/detail/teleport_absolute__rosidl_typesupport_fastrtps_c.h
[0.907s] -- Up-to-date: /home/yifu/ros2_ws/install/turtlesim/include/turtlesim/action
[0.907s] -- Up-to-date: /home/yifu/ros2_ws/install/turtlesim/include/turtlesim/action/detail
[0.907s] -- Up-to-date: /home/yifu/ros2_ws/install/turtlesim/include/turtlesim/action/detail/rotate_absolute__rosidl_typesupport_fastrtps_c.h
[0.907s] -- Up-to-date: /home/yifu/ros2_ws/install/turtlesim/include/turtlesim/msg
[0.907s] -- Up-to-date: /home/yifu/ros2_ws/install/turtlesim/include/turtlesim/msg/detail
[0.907s] -- Up-to-date: /home/yifu/ros2_ws/install/turtlesim/include/turtlesim/msg/detail/pose__rosidl_typesupport_fastrtps_c.h
[0.907s] -- Up-to-date: /home/yifu/ros2_ws/install/turtlesim/include/turtlesim/msg/detail/color__rosidl_typesupport_fastrtps_c.h
[0.907s] -- Up-to-date: /home/yifu/ros2_ws/install/turtlesim/include/turtlesim/msg/rosidl_typesupport_fastrtps_c__visibility_control.h
[0.907s] -- Up-to-date: /home/yifu/ros2_ws/install/turtlesim/lib/libturtlesim__rosidl_typesupport_fastrtps_c.so
[0.907s] -- Up-to-date: /home/yifu/ros2_ws/install/turtlesim/include/turtlesim
[0.907s] -- Up-to-date: /home/yifu/ros2_ws/install/turtlesim/include/turtlesim/srv
[0.908s] -- Up-to-date: /home/yifu/ros2_ws/install/turtlesim/include/turtlesim/srv/detail
[0.908s] -- Up-to-date: /home/yifu/ros2_ws/install/turtlesim/include/turtlesim/srv/detail/kill__rosidl_typesupport_fastrtps_cpp.hpp
[0.908s] -- Up-to-date: /home/yifu/ros2_ws/install/turtlesim/include/turtlesim/srv/detail/teleport_relative__rosidl_typesupport_fastrtps_cpp.hpp
[0.908s] -- Up-to-date: /home/yifu/ros2_ws/install/turtlesim/include/turtlesim/srv/detail/dds_fastrtps
[0.908s] -- Up-to-date: /home/yifu/ros2_ws/install/turtlesim/include/turtlesim/srv/detail/set_pen__rosidl_typesupport_fastrtps_cpp.hpp
[0.908s] -- Up-to-date: /home/yifu/ros2_ws/install/turtlesim/include/turtlesim/srv/detail/teleport_absolute__rosidl_typesupport_fastrtps_cpp.hpp
[0.908s] -- Up-to-date: /home/yifu/ros2_ws/install/turtlesim/include/turtlesim/srv/detail/spawn__rosidl_typesupport_fastrtps_cpp.hpp
[0.908s] -- Up-to-date: /home/yifu/ros2_ws/install/turtlesim/include/turtlesim/action
[0.908s] -- Up-to-date: /home/yifu/ros2_ws/install/turtlesim/include/turtlesim/action/detail
[0.908s] -- Up-to-date: /home/yifu/ros2_ws/install/turtlesim/include/turtlesim/action/detail/dds_fastrtps
[0.908s] -- Up-to-date: /home/yifu/ros2_ws/install/turtlesim/include/turtlesim/action/detail/rotate_absolute__rosidl_typesupport_fastrtps_cpp.hpp
[0.908s] -- Up-to-date: /home/yifu/ros2_ws/install/turtlesim/include/turtlesim/msg
[0.909s] -- Up-to-date: /home/yifu/ros2_ws/install/turtlesim/include/turtlesim/msg/detail
[0.909s] -- Up-to-date: /home/yifu/ros2_ws/install/turtlesim/include/turtlesim/msg/detail/color__rosidl_typesupport_fastrtps_cpp.hpp
[0.909s] -- Up-to-date: /home/yifu/ros2_ws/install/turtlesim/include/turtlesim/msg/detail/dds_fastrtps
[0.909s] -- Up-to-date: /home/yifu/ros2_ws/install/turtlesim/include/turtlesim/msg/detail/pose__rosidl_typesupport_fastrtps_cpp.hpp
[0.909s] -- Up-to-date: /home/yifu/ros2_ws/install/turtlesim/include/turtlesim/msg/rosidl_typesupport_fastrtps_cpp__visibility_control.h
[0.909s] -- Up-to-date: /home/yifu/ros2_ws/install/turtlesim/lib/libturtlesim__rosidl_typesupport_fastrtps_cpp.so
[0.909s] -- Up-to-date: /home/yifu/ros2_ws/install/turtlesim/include/turtlesim
[0.909s] -- Up-to-date: /home/yifu/ros2_ws/install/turtlesim/include/turtlesim/srv
[0.909s] -- Up-to-date: /home/yifu/ros2_ws/install/turtlesim/include/turtlesim/srv/detail
[0.910s] -- Up-to-date: /home/yifu/ros2_ws/install/turtlesim/include/turtlesim/srv/detail/teleport_relative__rosidl_typesupport_introspection_c.h
[0.910s] -- Up-to-date: /home/yifu/ros2_ws/install/turtlesim/include/turtlesim/srv/detail/spawn__type_support.c
[0.910s] -- Up-to-date: /home/yifu/ros2_ws/install/turtlesim/include/turtlesim/srv/detail/set_pen__type_support.c
[0.910s] -- Up-to-date: /home/yifu/ros2_ws/install/turtlesim/include/turtlesim/srv/detail/kill__type_support.c
[0.910s] -- Up-to-date: /home/yifu/ros2_ws/install/turtlesim/include/turtlesim/srv/detail/set_pen__rosidl_typesupport_introspection_c.h
[0.910s] -- Up-to-date: /home/yifu/ros2_ws/install/turtlesim/include/turtlesim/srv/detail/spawn__rosidl_typesupport_introspection_c.h
[0.910s] -- Up-to-date: /home/yifu/ros2_ws/install/turtlesim/include/turtlesim/srv/detail/teleport_absolute__type_support.c
[0.910s] -- Up-to-date: /home/yifu/ros2_ws/install/turtlesim/include/turtlesim/srv/detail/teleport_relative__type_support.c
[0.910s] -- Up-to-date: /home/yifu/ros2_ws/install/turtlesim/include/turtlesim/srv/detail/kill__rosidl_typesupport_introspection_c.h
[0.910s] -- Up-to-date: /home/yifu/ros2_ws/install/turtlesim/include/turtlesim/srv/detail/teleport_absolute__rosidl_typesupport_introspection_c.h
[0.910s] -- Up-to-date: /home/yifu/ros2_ws/install/turtlesim/include/turtlesim/action
[0.910s] -- Up-to-date: /home/yifu/ros2_ws/install/turtlesim/include/turtlesim/action/detail
[0.910s] -- Up-to-date: /home/yifu/ros2_ws/install/turtlesim/include/turtlesim/action/detail/rotate_absolute__rosidl_typesupport_introspection_c.h
[0.910s] -- Up-to-date: /home/yifu/ros2_ws/install/turtlesim/include/turtlesim/action/detail/rotate_absolute__type_support.c
[0.910s] -- Up-to-date: /home/yifu/ros2_ws/install/turtlesim/include/turtlesim/msg
[0.910s] -- Up-to-date: /home/yifu/ros2_ws/install/turtlesim/include/turtlesim/msg/detail
[0.910s] -- Up-to-date: /home/yifu/ros2_ws/install/turtlesim/include/turtlesim/msg/detail/pose__type_support.c
[0.910s] -- Up-to-date: /home/yifu/ros2_ws/install/turtlesim/include/turtlesim/msg/detail/pose__rosidl_typesupport_introspection_c.h
[0.910s] -- Up-to-date: /home/yifu/ros2_ws/install/turtlesim/include/turtlesim/msg/detail/color__rosidl_typesupport_introspection_c.h
[0.910s] -- Up-to-date: /home/yifu/ros2_ws/install/turtlesim/include/turtlesim/msg/detail/color__type_support.c
[0.910s] -- Up-to-date: /home/yifu/ros2_ws/install/turtlesim/include/turtlesim/msg/rosidl_typesupport_introspection_c__visibility_control.h
[0.910s] -- Up-to-date: /home/yifu/ros2_ws/install/turtlesim/lib/libturtlesim__rosidl_typesupport_introspection_c.so
[0.910s] -- Up-to-date: /home/yifu/ros2_ws/install/turtlesim/lib/libturtlesim__rosidl_typesupport_c.so
[0.910s] -- Up-to-date: /home/yifu/ros2_ws/install/turtlesim/include/turtlesim
[0.910s] -- Up-to-date: /home/yifu/ros2_ws/install/turtlesim/include/turtlesim/srv
[0.911s] -- Up-to-date: /home/yifu/ros2_ws/install/turtlesim/include/turtlesim/srv/detail
[0.911s] -- Up-to-date: /home/yifu/ros2_ws/install/turtlesim/include/turtlesim/srv/detail/teleport_absolute__traits.hpp
[0.911s] -- Up-to-date: /home/yifu/ros2_ws/install/turtlesim/include/turtlesim/srv/detail/spawn__struct.hpp
[0.911s] -- Up-to-date: /home/yifu/ros2_ws/install/turtlesim/include/turtlesim/srv/detail/teleport_relative__builder.hpp
[0.911s] -- Up-to-date: /home/yifu/ros2_ws/install/turtlesim/include/turtlesim/srv/detail/teleport_relative__struct.hpp
[0.911s] -- Up-to-date: /home/yifu/ros2_ws/install/turtlesim/include/turtlesim/srv/detail/set_pen__struct.hpp
[0.911s] -- Up-to-date: /home/yifu/ros2_ws/install/turtlesim/include/turtlesim/srv/detail/teleport_absolute__struct.hpp
[0.911s] -- Up-to-date: /home/yifu/ros2_ws/install/turtlesim/include/turtlesim/srv/detail/teleport_relative__traits.hpp
[0.911s] -- Up-to-date: /home/yifu/ros2_ws/install/turtlesim/include/turtlesim/srv/detail/spawn__builder.hpp
[0.911s] -- Up-to-date: /home/yifu/ros2_ws/install/turtlesim/include/turtlesim/srv/detail/teleport_absolute__builder.hpp
[0.911s] -- Up-to-date: /home/yifu/ros2_ws/install/turtlesim/include/turtlesim/srv/detail/spawn__traits.hpp
[0.911s] -- Up-to-date: /home/yifu/ros2_ws/install/turtlesim/include/turtlesim/srv/detail/set_pen__builder.hpp
[0.911s] -- Up-to-date: /home/yifu/ros2_ws/install/turtlesim/include/turtlesim/srv/detail/kill__struct.hpp
[0.911s] -- Up-to-date: /home/yifu/ros2_ws/install/turtlesim/include/turtlesim/srv/detail/kill__builder.hpp
[0.911s] -- Up-to-date: /home/yifu/ros2_ws/install/turtlesim/include/turtlesim/srv/detail/kill__traits.hpp
[0.911s] -- Up-to-date: /home/yifu/ros2_ws/install/turtlesim/include/turtlesim/srv/detail/set_pen__traits.hpp
[0.911s] -- Up-to-date: /home/yifu/ros2_ws/install/turtlesim/include/turtlesim/srv/teleport_relative.hpp
[0.911s] -- Up-to-date: /home/yifu/ros2_ws/install/turtlesim/include/turtlesim/srv/spawn.hpp
[0.911s] -- Up-to-date: /home/yifu/ros2_ws/install/turtlesim/include/turtlesim/srv/set_pen.hpp
[0.911s] -- Up-to-date: /home/yifu/ros2_ws/install/turtlesim/include/turtlesim/srv/teleport_absolute.hpp
[0.911s] -- Up-to-date: /home/yifu/ros2_ws/install/turtlesim/include/turtlesim/srv/kill.hpp
[0.911s] -- Up-to-date: /home/yifu/ros2_ws/install/turtlesim/include/turtlesim/action
[0.911s] -- Up-to-date: /home/yifu/ros2_ws/install/turtlesim/include/turtlesim/action/detail
[0.911s] -- Up-to-date: /home/yifu/ros2_ws/install/turtlesim/include/turtlesim/action/detail/rotate_absolute__struct.hpp
[0.911s] -- Up-to-date: /home/yifu/ros2_ws/install/turtlesim/include/turtlesim/action/detail/rotate_absolute__traits.hpp
[0.911s] -- Up-to-date: /home/yifu/ros2_ws/install/turtlesim/include/turtlesim/action/detail/rotate_absolute__builder.hpp
[0.911s] -- Up-to-date: /home/yifu/ros2_ws/install/turtlesim/include/turtlesim/action/rotate_absolute.hpp
[0.911s] -- Up-to-date: /home/yifu/ros2_ws/install/turtlesim/include/turtlesim/msg
[0.911s] -- Up-to-date: /home/yifu/ros2_ws/install/turtlesim/include/turtlesim/msg/detail
[0.911s] -- Up-to-date: /home/yifu/ros2_ws/install/turtlesim/include/turtlesim/msg/detail/pose__builder.hpp
[0.912s] -- Up-to-date: /home/yifu/ros2_ws/install/turtlesim/include/turtlesim/msg/detail/pose__struct.hpp
[0.912s] -- Up-to-date: /home/yifu/ros2_ws/install/turtlesim/include/turtlesim/msg/detail/color__traits.hpp
[0.912s] -- Up-to-date: /home/yifu/ros2_ws/install/turtlesim/include/turtlesim/msg/detail/color__builder.hpp
[0.912s] -- Up-to-date: /home/yifu/ros2_ws/install/turtlesim/include/turtlesim/msg/detail/color__struct.hpp
[0.912s] -- Up-to-date: /home/yifu/ros2_ws/install/turtlesim/include/turtlesim/msg/detail/pose__traits.hpp
[0.912s] -- Up-to-date: /home/yifu/ros2_ws/install/turtlesim/include/turtlesim/msg/pose.hpp
[0.912s] -- Up-to-date: /home/yifu/ros2_ws/install/turtlesim/include/turtlesim/msg/color.hpp
[0.912s] -- Up-to-date: /home/yifu/ros2_ws/install/turtlesim/include/turtlesim
[0.912s] -- Up-to-date: /home/yifu/ros2_ws/install/turtlesim/include/turtlesim/srv
[0.912s] -- Up-to-date: /home/yifu/ros2_ws/install/turtlesim/include/turtlesim/srv/detail
[0.912s] -- Up-to-date: /home/yifu/ros2_ws/install/turtlesim/include/turtlesim/srv/detail/set_pen__type_support.cpp
[0.912s] -- Up-to-date: /home/yifu/ros2_ws/install/turtlesim/include/turtlesim/srv/detail/teleport_relative__type_support.cpp
[0.912s] -- Up-to-date: /home/yifu/ros2_ws/install/turtlesim/include/turtlesim/srv/detail/kill__rosidl_typesupport_introspection_cpp.hpp
[0.912s] -- Up-to-date: /home/yifu/ros2_ws/install/turtlesim/include/turtlesim/srv/detail/teleport_absolute__rosidl_typesupport_introspection_cpp.hpp
[0.912s] -- Up-to-date: /home/yifu/ros2_ws/install/turtlesim/include/turtlesim/srv/detail/teleport_relative__rosidl_typesupport_introspection_cpp.hpp
[0.912s] -- Up-to-date: /home/yifu/ros2_ws/install/turtlesim/include/turtlesim/srv/detail/spawn__type_support.cpp
[0.912s] -- Up-to-date: /home/yifu/ros2_ws/install/turtlesim/include/turtlesim/srv/detail/set_pen__rosidl_typesupport_introspection_cpp.hpp
[0.912s] -- Up-to-date: /home/yifu/ros2_ws/install/turtlesim/include/turtlesim/srv/detail/kill__type_support.cpp
[0.912s] -- Up-to-date: /home/yifu/ros2_ws/install/turtlesim/include/turtlesim/srv/detail/teleport_absolute__type_support.cpp
[0.912s] -- Up-to-date: /home/yifu/ros2_ws/install/turtlesim/include/turtlesim/srv/detail/spawn__rosidl_typesupport_introspection_cpp.hpp
[0.912s] -- Up-to-date: /home/yifu/ros2_ws/install/turtlesim/include/turtlesim/action
[0.912s] -- Up-to-date: /home/yifu/ros2_ws/install/turtlesim/include/turtlesim/action/detail
[0.912s] -- Up-to-date: /home/yifu/ros2_ws/install/turtlesim/include/turtlesim/action/detail/rotate_absolute__type_support.cpp
[0.912s] -- Up-to-date: /home/yifu/ros2_ws/install/turtlesim/include/turtlesim/action/detail/rotate_absolute__rosidl_typesupport_introspection_cpp.hpp
[0.912s] -- Up-to-date: /home/yifu/ros2_ws/install/turtlesim/include/turtlesim/msg
[0.912s] -- Up-to-date: /home/yifu/ros2_ws/install/turtlesim/include/turtlesim/msg/detail
[0.912s] -- Up-to-date: /home/yifu/ros2_ws/install/turtlesim/include/turtlesim/msg/detail/pose__type_support.cpp
[0.913s] -- Up-to-date: /home/yifu/ros2_ws/install/turtlesim/include/turtlesim/msg/detail/pose__rosidl_typesupport_introspection_cpp.hpp
[0.913s] -- Up-to-date: /home/yifu/ros2_ws/install/turtlesim/include/turtlesim/msg/detail/color__rosidl_typesupport_introspection_cpp.hpp
[0.913s] -- Up-to-date: /home/yifu/ros2_ws/install/turtlesim/include/turtlesim/msg/detail/color__type_support.cpp
[0.913s] -- Up-to-date: /home/yifu/ros2_ws/install/turtlesim/lib/libturtlesim__rosidl_typesupport_introspection_cpp.so
[0.913s] -- Up-to-date: /home/yifu/ros2_ws/install/turtlesim/lib/libturtlesim__rosidl_typesupport_cpp.so
[0.913s] -- Up-to-date: /home/yifu/ros2_ws/install/turtlesim/share/turtlesim/environment/pythonpath.sh
[0.913s] -- Up-to-date: /home/yifu/ros2_ws/install/turtlesim/share/turtlesim/environment/pythonpath.dsv
[0.913s] -- Up-to-date: /home/yifu/ros2_ws/install/turtlesim/lib/python3.8/site-packages/turtlesim/__init__.py
[0.943s] -- Up-to-date: /home/yifu/ros2_ws/install/turtlesim/lib/python3.8/site-packages/turtlesim/action
[0.943s] -- Up-to-date: /home/yifu/ros2_ws/install/turtlesim/lib/python3.8/site-packages/turtlesim/action/__init__.py
[0.944s] -- Up-to-date: /home/yifu/ros2_ws/install/turtlesim/lib/python3.8/site-packages/turtlesim/action/_rotate_absolute.py
[0.944s] -- Up-to-date: /home/yifu/ros2_ws/install/turtlesim/lib/python3.8/site-packages/turtlesim/action/_rotate_absolute_s.c
[0.944s] -- Up-to-date: /home/yifu/ros2_ws/install/turtlesim/lib/python3.8/site-packages/turtlesim/msg
[0.944s] -- Up-to-date: /home/yifu/ros2_ws/install/turtlesim/lib/python3.8/site-packages/turtlesim/msg/_pose.py
[0.944s] -- Up-to-date: /home/yifu/ros2_ws/install/turtlesim/lib/python3.8/site-packages/turtlesim/msg/_color_s.c
[0.944s] -- Up-to-date: /home/yifu/ros2_ws/install/turtlesim/lib/python3.8/site-packages/turtlesim/msg/__init__.py
[0.944s] -- Up-to-date: /home/yifu/ros2_ws/install/turtlesim/lib/python3.8/site-packages/turtlesim/msg/_color.py
[0.944s] -- Up-to-date: /home/yifu/ros2_ws/install/turtlesim/lib/python3.8/site-packages/turtlesim/msg/_pose_s.c
[0.944s] -- Up-to-date: /home/yifu/ros2_ws/install/turtlesim/lib/python3.8/site-packages/turtlesim/srv
[0.944s] -- Up-to-date: /home/yifu/ros2_ws/install/turtlesim/lib/python3.8/site-packages/turtlesim/srv/_kill.py
[0.944s] -- Up-to-date: /home/yifu/ros2_ws/install/turtlesim/lib/python3.8/site-packages/turtlesim/srv/_kill_s.c
[0.944s] -- Up-to-date: /home/yifu/ros2_ws/install/turtlesim/lib/python3.8/site-packages/turtlesim/srv/_teleport_absolute_s.c
[0.944s] -- Up-to-date: /home/yifu/ros2_ws/install/turtlesim/lib/python3.8/site-packages/turtlesim/srv/_teleport_absolute.py
[0.944s] -- Up-to-date: /home/yifu/ros2_ws/install/turtlesim/lib/python3.8/site-packages/turtlesim/srv/__init__.py
[0.944s] -- Up-to-date: /home/yifu/ros2_ws/install/turtlesim/lib/python3.8/site-packages/turtlesim/srv/_spawn_s.c
[0.944s] -- Up-to-date: /home/yifu/ros2_ws/install/turtlesim/lib/python3.8/site-packages/turtlesim/srv/_spawn.py
[0.944s] -- Up-to-date: /home/yifu/ros2_ws/install/turtlesim/lib/python3.8/site-packages/turtlesim/srv/_set_pen_s.c
[0.944s] -- Up-to-date: /home/yifu/ros2_ws/install/turtlesim/lib/python3.8/site-packages/turtlesim/srv/_teleport_relative_s.c
[0.944s] -- Up-to-date: /home/yifu/ros2_ws/install/turtlesim/lib/python3.8/site-packages/turtlesim/srv/_teleport_relative.py
[0.944s] -- Up-to-date: /home/yifu/ros2_ws/install/turtlesim/lib/python3.8/site-packages/turtlesim/srv/_set_pen.py
[0.944s] -- Up-to-date: /home/yifu/ros2_ws/install/turtlesim/lib/python3.8/site-packages/turtlesim/turtlesim_s__rosidl_typesupport_fastrtps_c.cpython-38-aarch64-linux-gnu.so
[0.944s] -- Up-to-date: /home/yifu/ros2_ws/install/turtlesim/lib/python3.8/site-packages/turtlesim/turtlesim_s__rosidl_typesupport_introspection_c.cpython-38-aarch64-linux-gnu.so
[0.945s] -- Up-to-date: /home/yifu/ros2_ws/install/turtlesim/lib/python3.8/site-packages/turtlesim/turtlesim_s__rosidl_typesupport_c.cpython-38-aarch64-linux-gnu.so
[0.945s] -- Up-to-date: /home/yifu/ros2_ws/install/turtlesim/lib/libturtlesim__python.so
[0.945s] -- Up-to-date: /home/yifu/ros2_ws/install/turtlesim/share/turtlesim/action/RotateAbsolute.idl
[0.945s] -- Up-to-date: /home/yifu/ros2_ws/install/turtlesim/share/turtlesim/msg/Color.idl
[0.945s] -- Up-to-date: /home/yifu/ros2_ws/install/turtlesim/share/turtlesim/msg/Pose.idl
[0.946s] -- Up-to-date: /home/yifu/ros2_ws/install/turtlesim/share/turtlesim/srv/Kill.idl
[0.946s] -- Up-to-date: /home/yifu/ros2_ws/install/turtlesim/share/turtlesim/srv/SetPen.idl
[0.946s] -- Up-to-date: /home/yifu/ros2_ws/install/turtlesim/share/turtlesim/srv/Spawn.idl
[0.946s] -- Up-to-date: /home/yifu/ros2_ws/install/turtlesim/share/turtlesim/srv/TeleportAbsolute.idl
[0.946s] -- Up-to-date: /home/yifu/ros2_ws/install/turtlesim/share/turtlesim/srv/TeleportRelative.idl
[0.949s] -- Up-to-date: /home/yifu/ros2_ws/install/turtlesim/share/turtlesim/action/RotateAbsolute.action
[0.949s] -- Up-to-date: /home/yifu/ros2_ws/install/turtlesim/share/turtlesim/msg/Color.msg
[0.949s] -- Up-to-date: /home/yifu/ros2_ws/install/turtlesim/share/turtlesim/msg/Pose.msg
[0.949s] -- Up-to-date: /home/yifu/ros2_ws/install/turtlesim/share/turtlesim/srv/Kill.srv
[0.949s] -- Up-to-date: /home/yifu/ros2_ws/install/turtlesim/share/turtlesim/srv/Kill_Request.msg
[0.949s] -- Up-to-date: /home/yifu/ros2_ws/install/turtlesim/share/turtlesim/srv/Kill_Response.msg
[0.949s] -- Up-to-date: /home/yifu/ros2_ws/install/turtlesim/share/turtlesim/srv/SetPen.srv
[0.949s] -- Up-to-date: /home/yifu/ros2_ws/install/turtlesim/share/turtlesim/srv/SetPen_Request.msg
[0.949s] -- Up-to-date: /home/yifu/ros2_ws/install/turtlesim/share/turtlesim/srv/SetPen_Response.msg
[0.950s] -- Up-to-date: /home/yifu/ros2_ws/install/turtlesim/share/turtlesim/srv/Spawn.srv
[0.950s] -- Up-to-date: /home/yifu/ros2_ws/install/turtlesim/share/turtlesim/srv/Spawn_Request.msg
[0.950s] -- Up-to-date: /home/yifu/ros2_ws/install/turtlesim/share/turtlesim/srv/Spawn_Response.msg
[0.950s] -- Up-to-date: /home/yifu/ros2_ws/install/turtlesim/share/turtlesim/srv/TeleportAbsolute.srv
[0.950s] -- Up-to-date: /home/yifu/ros2_ws/install/turtlesim/share/turtlesim/srv/TeleportAbsolute_Request.msg
[0.950s] -- Up-to-date: /home/yifu/ros2_ws/install/turtlesim/share/turtlesim/srv/TeleportAbsolute_Response.msg
[0.950s] -- Up-to-date: /home/yifu/ros2_ws/install/turtlesim/share/turtlesim/srv/TeleportRelative.srv
[0.950s] -- Up-to-date: /home/yifu/ros2_ws/install/turtlesim/share/turtlesim/srv/TeleportRelative_Request.msg
[0.950s] -- Up-to-date: /home/yifu/ros2_ws/install/turtlesim/share/turtlesim/srv/TeleportRelative_Response.msg
[0.950s] -- Up-to-date: /home/yifu/ros2_ws/install/turtlesim/lib/turtlesim/turtlesim_node
[0.950s] -- Up-to-date: /home/yifu/ros2_ws/install/turtlesim/lib/turtlesim/turtle_teleop_key
[0.950s] -- Up-to-date: /home/yifu/ros2_ws/install/turtlesim/lib/turtlesim/draw_square
[0.951s] -- Up-to-date: /home/yifu/ros2_ws/install/turtlesim/lib/turtlesim/mimic
[0.951s] -- Up-to-date: /home/yifu/ros2_ws/install/turtlesim/share/turtlesim/images
[0.951s] -- Up-to-date: /home/yifu/ros2_ws/install/turtlesim/share/turtlesim/images/ardent.png
[0.951s] -- Up-to-date: /home/yifu/ros2_ws/install/turtlesim/share/turtlesim/images/crystal.png
[0.951s] -- Up-to-date: /home/yifu/ros2_ws/install/turtlesim/share/turtlesim/images/bouncy.png
[0.951s] -- Up-to-date: /home/yifu/ros2_ws/install/turtlesim/share/turtlesim/images/galactic.png
[0.951s] -- Up-to-date: /home/yifu/ros2_ws/install/turtlesim/share/turtlesim/images/foxy.png
[0.951s] -- Up-to-date: /home/yifu/ros2_ws/install/turtlesim/share/turtlesim/images/eloquent.png
[0.951s] -- Up-to-date: /home/yifu/ros2_ws/install/turtlesim/share/turtlesim/images/dashing.png
[0.951s] -- Up-to-date: /home/yifu/ros2_ws/install/turtlesim/share/turtlesim/launch
[0.952s] -- Up-to-date: /home/yifu/ros2_ws/install/turtlesim/share/turtlesim/launch/multisim.launch.py
[0.952s] -- Up-to-date: /home/yifu/ros2_ws/install/turtlesim/share/ament_index/resource_index/package_run_dependencies/turtlesim
[0.952s] -- Up-to-date: /home/yifu/ros2_ws/install/turtlesim/share/ament_index/resource_index/parent_prefix_path/turtlesim
[0.952s] -- Up-to-date: /home/yifu/ros2_ws/install/turtlesim/share/turtlesim/environment/ament_prefix_path.sh
[0.952s] -- Up-to-date: /home/yifu/ros2_ws/install/turtlesim/share/turtlesim/environment/ament_prefix_path.dsv
[0.952s] -- Up-to-date: /home/yifu/ros2_ws/install/turtlesim/share/turtlesim/environment/path.sh
[0.952s] -- Up-to-date: /home/yifu/ros2_ws/install/turtlesim/share/turtlesim/environment/path.dsv
[0.952s] -- Up-to-date: /home/yifu/ros2_ws/install/turtlesim/share/turtlesim/local_setup.bash
[0.952s] -- Up-to-date: /home/yifu/ros2_ws/install/turtlesim/share/turtlesim/local_setup.sh
[0.952s] -- Up-to-date: /home/yifu/ros2_ws/install/turtlesim/share/turtlesim/local_setup.zsh
[0.952s] -- Up-to-date: /home/yifu/ros2_ws/install/turtlesim/share/turtlesim/local_setup.dsv
[0.952s] -- Installing: /home/yifu/ros2_ws/install/turtlesim/share/turtlesim/package.dsv
[0.952s] -- Up-to-date: /home/yifu/ros2_ws/install/turtlesim/share/ament_index/resource_index/packages/turtlesim
[0.952s] -- Up-to-date: /home/yifu/ros2_ws/install/turtlesim/share/turtlesim/cmake/turtlesim__rosidl_generator_cExport.cmake
[0.952s] -- Up-to-date: /home/yifu/ros2_ws/install/turtlesim/share/turtlesim/cmake/turtlesim__rosidl_generator_cExport-noconfig.cmake
[0.953s] -- Up-to-date: /home/yifu/ros2_ws/install/turtlesim/share/turtlesim/cmake/turtlesim__rosidl_typesupport_introspection_cExport.cmake
[0.953s] -- Up-to-date: /home/yifu/ros2_ws/install/turtlesim/share/turtlesim/cmake/turtlesim__rosidl_typesupport_introspection_cExport-noconfig.cmake
[0.953s] -- Up-to-date: /home/yifu/ros2_ws/install/turtlesim/share/turtlesim/cmake/turtlesim__rosidl_typesupport_cExport.cmake
[0.953s] -- Up-to-date: /home/yifu/ros2_ws/install/turtlesim/share/turtlesim/cmake/turtlesim__rosidl_typesupport_cExport-noconfig.cmake
[0.954s] -- Up-to-date: /home/yifu/ros2_ws/install/turtlesim/share/turtlesim/cmake/turtlesim__rosidl_generator_cppExport.cmake
[0.954s] -- Up-to-date: /home/yifu/ros2_ws/install/turtlesim/share/turtlesim/cmake/turtlesim__rosidl_typesupport_introspection_cppExport.cmake
[0.954s] -- Up-to-date: /home/yifu/ros2_ws/install/turtlesim/share/turtlesim/cmake/turtlesim__rosidl_typesupport_introspection_cppExport-noconfig.cmake
[0.955s] -- Up-to-date: /home/yifu/ros2_ws/install/turtlesim/share/turtlesim/cmake/turtlesim__rosidl_typesupport_cppExport.cmake
[0.955s] -- Up-to-date: /home/yifu/ros2_ws/install/turtlesim/share/turtlesim/cmake/turtlesim__rosidl_typesupport_cppExport-noconfig.cmake
[0.955s] -- Up-to-date: /home/yifu/ros2_ws/install/turtlesim/share/turtlesim/cmake/rosidl_cmake-extras.cmake
[0.955s] -- Up-to-date: /home/yifu/ros2_ws/install/turtlesim/share/turtlesim/cmake/ament_cmake_export_dependencies-extras.cmake
[0.955s] -- Up-to-date: /home/yifu/ros2_ws/install/turtlesim/share/turtlesim/cmake/ament_cmake_export_libraries-extras.cmake
[0.955s] -- Up-to-date: /home/yifu/ros2_ws/install/turtlesim/share/turtlesim/cmake/ament_cmake_export_targets-extras.cmake
[0.955s] -- Up-to-date: /home/yifu/ros2_ws/install/turtlesim/share/turtlesim/cmake/ament_cmake_export_include_directories-extras.cmake
[0.955s] -- Up-to-date: /home/yifu/ros2_ws/install/turtlesim/share/turtlesim/cmake/rosidl_cmake_export_typesupport_libraries-extras.cmake
[0.955s] -- Up-to-date: /home/yifu/ros2_ws/install/turtlesim/share/turtlesim/cmake/rosidl_cmake_export_typesupport_targets-extras.cmake
[0.955s] -- Up-to-date: /home/yifu/ros2_ws/install/turtlesim/share/turtlesim/cmake/turtlesimConfig.cmake
[0.955s] -- Up-to-date: /home/yifu/ros2_ws/install/turtlesim/share/turtlesim/cmake/turtlesimConfig-version.cmake
[0.955s] -- Up-to-date: /home/yifu/ros2_ws/install/turtlesim/share/turtlesim/package.xml
[0.957s] Invoked command in '/home/yifu/ros2_ws/build/turtlesim' returned '0': CMAKE_PREFIX_PATH=/opt/ros/galactic /usr/bin/cmake --install /home/yifu/ros2_ws/build/turtlesim
