[0.371s] Invoking command in '/home/yifu/ros2_ws/src/proxemic_detector_pkg': PYTHONPATH=/home/yifu/ros2_ws/install/proxemic_detector_pkg/lib/python3.8/site-packages:${PYTHONPATH} /usr/bin/python3 setup.py egg_info --egg-base ../../build/proxemic_detector_pkg build --build-base /home/yifu/ros2_ws/build/proxemic_detector_pkg/build install --prefix /home/yifu/ros2_ws/install/proxemic_detector_pkg --record /home/yifu/ros2_ws/build/proxemic_detector_pkg/install.log --single-version-externally-managed
[0.492s] running egg_info
[0.492s] writing ../../build/proxemic_detector_pkg/proxemic_detector_pkg.egg-info/PKG-INFO
[0.493s] writing dependency_links to ../../build/proxemic_detector_pkg/proxemic_detector_pkg.egg-info/dependency_links.txt
[0.493s] writing entry points to ../../build/proxemic_detector_pkg/proxemic_detector_pkg.egg-info/entry_points.txt
[0.493s] writing requirements to ../../build/proxemic_detector_pkg/proxemic_detector_pkg.egg-info/requires.txt
[0.493s] writing top-level names to ../../build/proxemic_detector_pkg/proxemic_detector_pkg.egg-info/top_level.txt
[0.512s] reading manifest file '../../build/proxemic_detector_pkg/proxemic_detector_pkg.egg-info/SOURCES.txt'
[0.513s] writing manifest file '../../build/proxemic_detector_pkg/proxemic_detector_pkg.egg-info/SOURCES.txt'
[0.513s] running build
[0.513s] running build_py
[0.513s] copying proxemic_detector_pkg/turtlebot_proxemic_detector_node.py -> /home/yifu/ros2_ws/build/proxemic_detector_pkg/build/lib/proxemic_detector_pkg
[0.513s] running install
[0.513s] running install_lib
[0.514s] copying /home/yifu/ros2_ws/build/proxemic_detector_pkg/build/lib/proxemic_detector_pkg/turtlebot_proxemic_detector_node.py -> /home/yifu/ros2_ws/install/proxemic_detector_pkg/lib/python3.8/site-packages/proxemic_detector_pkg
[0.514s] byte-compiling /home/yifu/ros2_ws/install/proxemic_detector_pkg/lib/python3.8/site-packages/proxemic_detector_pkg/turtlebot_proxemic_detector_node.py to turtlebot_proxemic_detector_node.cpython-38.pyc
[0.516s] running install_data
[0.517s] running install_egg_info
[0.518s] removing '/home/yifu/ros2_ws/install/proxemic_detector_pkg/lib/python3.8/site-packages/proxemic_detector_pkg-0.0.0-py3.8.egg-info' (and everything under it)
[0.518s] Copying ../../build/proxemic_detector_pkg/proxemic_detector_pkg.egg-info to /home/yifu/ros2_ws/install/proxemic_detector_pkg/lib/python3.8/site-packages/proxemic_detector_pkg-0.0.0-py3.8.egg-info
[0.518s] running install_scripts
[0.528s] Installing turtlebot_proxemic_detector_node script to /home/yifu/ros2_ws/install/proxemic_detector_pkg/lib/proxemic_detector_pkg
[0.528s] writing list of installed files to '/home/yifu/ros2_ws/build/proxemic_detector_pkg/install.log'
[0.549s] Invoked command in '/home/yifu/ros2_ws/src/proxemic_detector_pkg' returned '0': PYTHONPATH=/home/yifu/ros2_ws/install/proxemic_detector_pkg/lib/python3.8/site-packages:${PYTHONPATH} /usr/bin/python3 setup.py egg_info --egg-base ../../build/proxemic_detector_pkg build --build-base /home/yifu/ros2_ws/build/proxemic_detector_pkg/build install --prefix /home/yifu/ros2_ws/install/proxemic_detector_pkg --record /home/yifu/ros2_ws/build/proxemic_detector_pkg/install.log --single-version-externally-managed
