[0.012s] Invoking command in '/home/yifu/ros2_ws/build/turtlesim': CMAKE_PREFIX_PATH=/opt/ros/galactic /usr/bin/cmake /home/yifu/ros2_ws/src/ros_tutorials/turtlesim -DCMAKE_INSTALL_PREFIX=/home/yifu/ros2_ws/install/turtlesim
[0.149s] -- The C compiler identification is GNU 9.4.0
[0.244s] -- The CXX compiler identification is GNU 9.4.0
[0.251s] -- Check for working C compiler: /usr/bin/cc
[0.300s] -- Check for working C compiler: /usr/bin/cc -- works
[0.302s] -- Detecting C compiler ABI info
[0.343s] -- Detecting C compiler ABI info - done
[0.351s] -- Detecting C compile features
[0.351s] -- Detecting C compile features - done
[0.353s] -- Check for working CXX compiler: /usr/bin/c++
[0.399s] -- Check for working CXX compiler: /usr/bin/c++ -- works
[0.400s] -- Detecting CXX compiler ABI info
[0.448s] -- Detecting CXX compiler ABI info - done
[0.457s] -- Detecting CXX compile features
[0.457s] -- Detecting CXX compile features - done
[0.468s] -- Found ament_cmake: 1.1.5 (/opt/ros/galactic/share/ament_cmake/cmake)
[0.494s] -- Found PythonInterp: /usr/bin/python3 (found suitable version "3.8.10", minimum required is "3") 
[0.494s] -- Using PYTHON_EXECUTABLE: /usr/bin/python3
[0.578s] -- Found ament_index_cpp: 1.2.0 (/opt/ros/galactic/share/ament_index_cpp/cmake)
[0.583s] -- Found geometry_msgs: 2.2.4 (/opt/ros/galactic/share/geometry_msgs/cmake)
[0.623s] -- Using all available rosidl_typesupport_c: rosidl_typesupport_fastrtps_c;rosidl_typesupport_introspection_c
[0.633s] -- Found rosidl_adapter: 2.2.2 (/opt/ros/galactic/share/rosidl_adapter/cmake)
[0.716s] -- Found OpenSSL: /usr/lib/aarch64-linux-gnu/libcrypto.so (found version "1.1.1f")  
[0.741s] -- Found FastRTPS: /opt/ros/galactic/include  
[0.811s] -- Using all available rosidl_typesupport_cpp: rosidl_typesupport_fastrtps_cpp;rosidl_typesupport_introspection_cpp
[0.903s] -- Found rclcpp: 9.2.1 (/opt/ros/galactic/share/rclcpp/cmake)
[0.951s] -- Found rmw_implementation_cmake: 3.3.1 (/opt/ros/galactic/share/rmw_implementation_cmake/cmake)
[0.954s] -- Found rmw_cyclonedds_cpp: 0.22.5 (/opt/ros/galactic/share/rmw_cyclonedds_cpp/cmake)
[0.974s] -- Using RMW implementation 'rmw_cyclonedds_cpp' as default
[0.976s] -- Looking for pthread.h
[1.027s] -- Looking for pthread.h - found
[1.027s] -- Performing Test CMAKE_HAVE_LIBC_PTHREAD
[1.073s] -- Performing Test CMAKE_HAVE_LIBC_PTHREAD - Failed
[1.073s] -- Looking for pthread_create in pthreads
[1.113s] -- Looking for pthread_create in pthreads - not found
[1.113s] -- Looking for pthread_create in pthread
[1.155s] -- Looking for pthread_create in pthread - found
[1.156s] -- Found Threads: TRUE  
[1.273s] -- Found rclcpp_action: 9.2.1 (/opt/ros/galactic/share/rclcpp_action/cmake)
[1.337s] -- Found rosidl_default_generators: 1.1.1 (/opt/ros/galactic/share/rosidl_default_generators/cmake)
[1.349s] -- Found std_srvs: 2.2.4 (/opt/ros/galactic/share/std_srvs/cmake)
[1.371s] -- Found PythonInterp: /usr/bin/python3 (found version "3.8.10") 
[1.485s] -- Found ament_cmake_ros: 0.9.2 (/opt/ros/galactic/share/ament_cmake_ros/cmake)
[1.580s] -- Using all available rosidl_typesupport_c: rosidl_typesupport_fastrtps_c;rosidl_typesupport_introspection_c
[1.598s] -- Using all available rosidl_typesupport_cpp: rosidl_typesupport_fastrtps_cpp;rosidl_typesupport_introspection_cpp
[1.614s] -- Found PythonInterp: /usr/bin/python3 (found suitable version "3.8.10", minimum required is "3.5") 
[1.615s] -- Found python_cmake_module: 0.8.1 (/opt/ros/galactic/share/python_cmake_module/cmake)
[1.633s] -- Found PythonLibs: /usr/lib/aarch64-linux-gnu/libpython3.8.so (found suitable version "3.8.10", minimum required is "3.5") 
[1.633s] -- Using PYTHON_EXECUTABLE: /usr/bin/python3
[1.633s] -- Using PYTHON_INCLUDE_DIRS: /usr/include/python3.8
[1.634s] -- Using PYTHON_LIBRARIES: /usr/lib/aarch64-linux-gnu/libpython3.8.so
[1.645s] -- Found PythonExtra: .so  
[1.688s] -- Configuring done
[1.751s] -- Generating done
[1.754s] -- Build files have been written to: /home/yifu/ros2_ws/build/turtlesim
[1.759s] Invoked command in '/home/yifu/ros2_ws/build/turtlesim' returned '0': CMAKE_PREFIX_PATH=/opt/ros/galactic /usr/bin/cmake /home/yifu/ros2_ws/src/ros_tutorials/turtlesim -DCMAKE_INSTALL_PREFIX=/home/yifu/ros2_ws/install/turtlesim
[1.761s] Invoking command in '/home/yifu/ros2_ws/build/turtlesim': CMAKE_PREFIX_PATH=/opt/ros/galactic /usr/bin/cmake --build /home/yifu/ros2_ws/build/turtlesim -- -j4 -l4
[1.788s] [35m[1mScanning dependencies of target turtlesim__cpp[0m
[1.788s] [  1%] [34m[1mGenerating C code for ROS interfaces[0m
[1.802s] [  2%] [34m[1mGenerating C++ code for ROS interfaces[0m
[2.313s] [  2%] Built target turtlesim__cpp
[2.320s] [  3%] [34m[1mGenerating C++ type support dispatch for ROS interfaces[0m
[2.362s] [  4%] [34m[1mGenerating C++ introspection for ROS interfaces[0m
[2.364s] [  5%] [34m[1mGenerating C++ type support for eProsima Fast-RTPS[0m
[2.371s] [35m[1mScanning dependencies of target turtlesim__rosidl_generator_c[0m
[2.396s] [  6%] [32mBuilding C object CMakeFiles/turtlesim__rosidl_generator_c.dir/rosidl_generator_c/turtlesim/action/detail/rotate_absolute__functions.c.o[0m
[2.477s] [  7%] [32mBuilding C object CMakeFiles/turtlesim__rosidl_generator_c.dir/rosidl_generator_c/turtlesim/msg/detail/color__functions.c.o[0m
[2.507s] [  8%] [32mBuilding C object CMakeFiles/turtlesim__rosidl_generator_c.dir/rosidl_generator_c/turtlesim/msg/detail/pose__functions.c.o[0m
[2.532s] [  9%] [32mBuilding C object CMakeFiles/turtlesim__rosidl_generator_c.dir/rosidl_generator_c/turtlesim/srv/detail/kill__functions.c.o[0m
[2.563s] [ 10%] [32mBuilding C object CMakeFiles/turtlesim__rosidl_generator_c.dir/rosidl_generator_c/turtlesim/srv/detail/set_pen__functions.c.o[0m
[2.595s] [ 11%] [32mBuilding C object CMakeFiles/turtlesim__rosidl_generator_c.dir/rosidl_generator_c/turtlesim/srv/detail/spawn__functions.c.o[0m
[2.627s] [ 12%] [32mBuilding C object CMakeFiles/turtlesim__rosidl_generator_c.dir/rosidl_generator_c/turtlesim/srv/detail/teleport_absolute__functions.c.o[0m
[2.635s] [35m[1mScanning dependencies of target turtlesim__rosidl_typesupport_cpp[0m
[2.663s] [ 13%] [32mBuilding CXX object CMakeFiles/turtlesim__rosidl_typesupport_cpp.dir/rosidl_typesupport_cpp/turtlesim/action/rotate_absolute__type_support.cpp.o[0m
[2.664s] [ 14%] [32mBuilding C object CMakeFiles/turtlesim__rosidl_generator_c.dir/rosidl_generator_c/turtlesim/srv/detail/teleport_relative__functions.c.o[0m
[2.702s] [ 15%] [32m[1mLinking C shared library libturtlesim__rosidl_generator_c.so[0m
[2.741s] [ 15%] Built target turtlesim__rosidl_generator_c
[2.754s] [ 16%] [34m[1mGenerating C type support dispatch for ROS interfaces[0m
[2.778s] [35m[1mScanning dependencies of target turtlesim__rosidl_typesupport_introspection_cpp[0m
[2.796s] [ 17%] [32mBuilding CXX object CMakeFiles/turtlesim__rosidl_typesupport_introspection_cpp.dir/rosidl_typesupport_introspection_cpp/turtlesim/action/detail/rotate_absolute__type_support.cpp.o[0m
[2.874s] [35m[1mScanning dependencies of target turtlesim__rosidl_typesupport_fastrtps_cpp[0m
[2.913s] [ 18%] [32mBuilding CXX object CMakeFiles/turtlesim__rosidl_typesupport_fastrtps_cpp.dir/rosidl_typesupport_fastrtps_cpp/turtlesim/action/detail/dds_fastrtps/rotate_absolute__type_support.cpp.o[0m
[3.030s] [ 19%] [32mBuilding CXX object CMakeFiles/turtlesim__rosidl_typesupport_cpp.dir/rosidl_typesupport_cpp/turtlesim/msg/color__type_support.cpp.o[0m
[3.098s] [35m[1mScanning dependencies of target turtlesim__rosidl_typesupport_c[0m
[3.115s] [ 20%] [32mBuilding CXX object CMakeFiles/turtlesim__rosidl_typesupport_c.dir/rosidl_typesupport_c/turtlesim/action/rotate_absolute__type_support.cpp.o[0m
[3.133s] [ 21%] [32mBuilding CXX object CMakeFiles/turtlesim__rosidl_typesupport_introspection_cpp.dir/rosidl_typesupport_introspection_cpp/turtlesim/msg/detail/color__type_support.cpp.o[0m
[3.155s] [ 22%] [32mBuilding CXX object CMakeFiles/turtlesim__rosidl_typesupport_c.dir/rosidl_typesupport_c/turtlesim/msg/color__type_support.cpp.o[0m
[3.175s] [ 23%] [32mBuilding CXX object CMakeFiles/turtlesim__rosidl_typesupport_c.dir/rosidl_typesupport_c/turtlesim/msg/pose__type_support.cpp.o[0m
[3.193s] [ 24%] [32mBuilding CXX object CMakeFiles/turtlesim__rosidl_typesupport_cpp.dir/rosidl_typesupport_cpp/turtlesim/msg/pose__type_support.cpp.o[0m
[3.198s] [ 25%] [32mBuilding CXX object CMakeFiles/turtlesim__rosidl_typesupport_c.dir/rosidl_typesupport_c/turtlesim/srv/kill__type_support.cpp.o[0m
[3.223s] [ 26%] [32mBuilding CXX object CMakeFiles/turtlesim__rosidl_typesupport_c.dir/rosidl_typesupport_c/turtlesim/srv/set_pen__type_support.cpp.o[0m
[3.271s] [ 27%] [32mBuilding CXX object CMakeFiles/turtlesim__rosidl_typesupport_c.dir/rosidl_typesupport_c/turtlesim/srv/spawn__type_support.cpp.o[0m
[3.276s] [ 28%] [32mBuilding CXX object CMakeFiles/turtlesim__rosidl_typesupport_fastrtps_cpp.dir/rosidl_typesupport_fastrtps_cpp/turtlesim/msg/detail/dds_fastrtps/color__type_support.cpp.o[0m
[3.291s] [ 29%] [32mBuilding CXX object CMakeFiles/turtlesim__rosidl_typesupport_introspection_cpp.dir/rosidl_typesupport_introspection_cpp/turtlesim/msg/detail/pose__type_support.cpp.o[0m
[3.319s] [ 30%] [32mBuilding CXX object CMakeFiles/turtlesim__rosidl_typesupport_c.dir/rosidl_typesupport_c/turtlesim/srv/teleport_absolute__type_support.cpp.o[0m
[3.357s] [ 31%] [32mBuilding CXX object CMakeFiles/turtlesim__rosidl_typesupport_cpp.dir/rosidl_typesupport_cpp/turtlesim/srv/kill__type_support.cpp.o[0m
[3.362s] [ 32%] [32mBuilding CXX object CMakeFiles/turtlesim__rosidl_typesupport_c.dir/rosidl_typesupport_c/turtlesim/srv/teleport_relative__type_support.cpp.o[0m
[3.421s] [ 33%] [32m[1mLinking CXX shared library libturtlesim__rosidl_typesupport_c.so[0m
[3.465s] [ 34%] [32mBuilding CXX object CMakeFiles/turtlesim__rosidl_typesupport_introspection_cpp.dir/rosidl_typesupport_introspection_cpp/turtlesim/srv/detail/kill__type_support.cpp.o[0m
[3.471s] [ 34%] Built target turtlesim__rosidl_typesupport_c
[3.499s] [ 35%] [34m[1mGenerating C introspection for ROS interfaces[0m
[3.527s] [ 36%] [32mBuilding CXX object CMakeFiles/turtlesim__rosidl_typesupport_fastrtps_cpp.dir/rosidl_typesupport_fastrtps_cpp/turtlesim/msg/detail/dds_fastrtps/pose__type_support.cpp.o[0m
[3.536s] [ 37%] [32mBuilding CXX object CMakeFiles/turtlesim__rosidl_typesupport_cpp.dir/rosidl_typesupport_cpp/turtlesim/srv/set_pen__type_support.cpp.o[0m
[3.630s] [ 38%] [32mBuilding CXX object CMakeFiles/turtlesim__rosidl_typesupport_introspection_cpp.dir/rosidl_typesupport_introspection_cpp/turtlesim/srv/detail/set_pen__type_support.cpp.o[0m
[3.701s] [ 39%] [32mBuilding CXX object CMakeFiles/turtlesim__rosidl_typesupport_cpp.dir/rosidl_typesupport_cpp/turtlesim/srv/spawn__type_support.cpp.o[0m
[3.776s] [ 40%] [32mBuilding CXX object CMakeFiles/turtlesim__rosidl_typesupport_fastrtps_cpp.dir/rosidl_typesupport_fastrtps_cpp/turtlesim/srv/detail/dds_fastrtps/kill__type_support.cpp.o[0m
[3.811s] [ 41%] [32mBuilding CXX object CMakeFiles/turtlesim__rosidl_typesupport_introspection_cpp.dir/rosidl_typesupport_introspection_cpp/turtlesim/srv/detail/spawn__type_support.cpp.o[0m
[3.874s] [ 42%] [32mBuilding CXX object CMakeFiles/turtlesim__rosidl_typesupport_cpp.dir/rosidl_typesupport_cpp/turtlesim/srv/teleport_absolute__type_support.cpp.o[0m
[3.975s] [ 43%] [32mBuilding CXX object CMakeFiles/turtlesim__rosidl_typesupport_introspection_cpp.dir/rosidl_typesupport_introspection_cpp/turtlesim/srv/detail/teleport_absolute__type_support.cpp.o[0m
[4.017s] [ 44%] [32mBuilding CXX object CMakeFiles/turtlesim__rosidl_typesupport_fastrtps_cpp.dir/rosidl_typesupport_fastrtps_cpp/turtlesim/srv/detail/dds_fastrtps/set_pen__type_support.cpp.o[0m
[4.037s] [ 45%] [32mBuilding CXX object CMakeFiles/turtlesim__rosidl_typesupport_cpp.dir/rosidl_typesupport_cpp/turtlesim/srv/teleport_relative__type_support.cpp.o[0m
[4.042s] [35m[1mScanning dependencies of target turtlesim__rosidl_typesupport_introspection_c[0m
[4.059s] [ 46%] [32mBuilding C object CMakeFiles/turtlesim__rosidl_typesupport_introspection_c.dir/rosidl_typesupport_introspection_c/turtlesim/action/detail/rotate_absolute__type_support.c.o[0m
[4.089s] [ 47%] [32mBuilding C object CMakeFiles/turtlesim__rosidl_typesupport_introspection_c.dir/rosidl_typesupport_introspection_c/turtlesim/msg/detail/color__type_support.c.o[0m
[4.109s] [ 48%] [32mBuilding C object CMakeFiles/turtlesim__rosidl_typesupport_introspection_c.dir/rosidl_typesupport_introspection_c/turtlesim/msg/detail/pose__type_support.c.o[0m
[4.130s] [ 49%] [32mBuilding C object CMakeFiles/turtlesim__rosidl_typesupport_introspection_c.dir/rosidl_typesupport_introspection_c/turtlesim/srv/detail/kill__type_support.c.o[0m
[4.132s] [ 50%] [32mBuilding CXX object CMakeFiles/turtlesim__rosidl_typesupport_introspection_cpp.dir/rosidl_typesupport_introspection_cpp/turtlesim/srv/detail/teleport_relative__type_support.cpp.o[0m
[4.154s] [ 51%] [32mBuilding C object CMakeFiles/turtlesim__rosidl_typesupport_introspection_c.dir/rosidl_typesupport_introspection_c/turtlesim/srv/detail/set_pen__type_support.c.o[0m
[4.179s] [ 52%] [32mBuilding C object CMakeFiles/turtlesim__rosidl_typesupport_introspection_c.dir/rosidl_typesupport_introspection_c/turtlesim/srv/detail/spawn__type_support.c.o[0m
[4.201s] [ 53%] [32m[1mLinking CXX shared library libturtlesim__rosidl_typesupport_cpp.so[0m
[4.206s] [ 54%] [32mBuilding C object CMakeFiles/turtlesim__rosidl_typesupport_introspection_c.dir/rosidl_typesupport_introspection_c/turtlesim/srv/detail/teleport_absolute__type_support.c.o[0m
[4.235s] [ 54%] Built target turtlesim__rosidl_typesupport_cpp
[4.242s] [ 55%] [32mBuilding C object CMakeFiles/turtlesim__rosidl_typesupport_introspection_c.dir/rosidl_typesupport_introspection_c/turtlesim/srv/detail/teleport_relative__type_support.c.o[0m
[4.242s] [ 56%] [32mBuilding CXX object CMakeFiles/turtlesim__rosidl_typesupport_fastrtps_cpp.dir/rosidl_typesupport_fastrtps_cpp/turtlesim/srv/detail/dds_fastrtps/spawn__type_support.cpp.o[0m
[4.248s] [ 57%] [32mBuilding CXX object CMakeFiles/turtlesim__rosidl_typesupport_fastrtps_cpp.dir/rosidl_typesupport_fastrtps_cpp/turtlesim/srv/detail/dds_fastrtps/teleport_absolute__type_support.cpp.o[0m
[4.271s] [ 58%] [32m[1mLinking C shared library libturtlesim__rosidl_typesupport_introspection_c.so[0m
[4.299s] [ 59%] [32m[1mLinking CXX shared library libturtlesim__rosidl_typesupport_introspection_cpp.so[0m
[4.315s] [ 59%] Built target turtlesim__rosidl_typesupport_introspection_c
[4.339s] [ 60%] [32mBuilding CXX object CMakeFiles/turtlesim__rosidl_typesupport_fastrtps_cpp.dir/rosidl_typesupport_fastrtps_cpp/turtlesim/srv/detail/dds_fastrtps/teleport_relative__type_support.cpp.o[0m
[4.352s] [ 60%] Built target turtlesim__rosidl_typesupport_introspection_cpp
[4.581s] [ 61%] [32m[1mLinking CXX shared library libturtlesim__rosidl_typesupport_fastrtps_cpp.so[0m
[4.637s] [ 61%] Built target turtlesim__rosidl_typesupport_fastrtps_cpp
[4.644s] [ 62%] [34m[1mGenerating C type support for eProsima Fast-RTPS[0m
[5.061s] [35m[1mScanning dependencies of target turtlesim__rosidl_typesupport_fastrtps_c[0m
[5.083s] [ 63%] [32mBuilding CXX object CMakeFiles/turtlesim__rosidl_typesupport_fastrtps_c.dir/rosidl_typesupport_fastrtps_c/turtlesim/action/detail/rotate_absolute__type_support_c.cpp.o[0m
[5.083s] [ 65%] [32mBuilding CXX object CMakeFiles/turtlesim__rosidl_typesupport_fastrtps_c.dir/rosidl_typesupport_fastrtps_c/turtlesim/msg/detail/color__type_support_c.cpp.o[0m
[5.083s] [ 65%] [32mBuilding CXX object CMakeFiles/turtlesim__rosidl_typesupport_fastrtps_c.dir/rosidl_typesupport_fastrtps_c/turtlesim/msg/detail/pose__type_support_c.cpp.o[0m
[5.087s] [ 66%] [32mBuilding CXX object CMakeFiles/turtlesim__rosidl_typesupport_fastrtps_c.dir/rosidl_typesupport_fastrtps_c/turtlesim/srv/detail/kill__type_support_c.cpp.o[0m
[5.280s] [ 67%] [32mBuilding CXX object CMakeFiles/turtlesim__rosidl_typesupport_fastrtps_c.dir/rosidl_typesupport_fastrtps_c/turtlesim/srv/detail/set_pen__type_support_c.cpp.o[0m
[5.284s] [ 68%] [32mBuilding CXX object CMakeFiles/turtlesim__rosidl_typesupport_fastrtps_c.dir/rosidl_typesupport_fastrtps_c/turtlesim/srv/detail/spawn__type_support_c.cpp.o[0m
[5.291s] [ 69%] [32mBuilding CXX object CMakeFiles/turtlesim__rosidl_typesupport_fastrtps_c.dir/rosidl_typesupport_fastrtps_c/turtlesim/srv/detail/teleport_absolute__type_support_c.cpp.o[0m
[5.314s] [ 70%] [32mBuilding CXX object CMakeFiles/turtlesim__rosidl_typesupport_fastrtps_c.dir/rosidl_typesupport_fastrtps_c/turtlesim/srv/detail/teleport_relative__type_support_c.cpp.o[0m
[5.518s] [ 71%] [32m[1mLinking CXX shared library libturtlesim__rosidl_typesupport_fastrtps_c.so[0m
[5.564s] [ 71%] Built target turtlesim__rosidl_typesupport_fastrtps_c
[5.569s] [35m[1mScanning dependencies of target turtlesim[0m
[5.574s] [ 71%] Built target turtlesim
[5.580s] [35m[1mScanning dependencies of target draw_square[0m
[5.580s] [35m[1mScanning dependencies of target turtlesim__py[0m
[5.581s] [35m[1mScanning dependencies of target mimic[0m
[5.581s] [35m[1mScanning dependencies of target turtle_teleop_key[0m
[5.588s] [ 72%] [34m[1mGenerating Python code for ROS interfaces[0m
[5.678s] [ 73%] [32mBuilding CXX object CMakeFiles/mimic.dir/tutorials/mimic.cpp.o[0m
[5.679s] [ 74%] [32mBuilding CXX object CMakeFiles/draw_square.dir/tutorials/draw_square.cpp.o[0m
[5.680s] [ 75%] [32mBuilding CXX object CMakeFiles/turtle_teleop_key.dir/tutorials/teleop_turtle_key.cpp.o[0m
[6.822s] [ 75%] Built target turtlesim__py
[6.854s] [ 76%] [34m[1mGenerating include/turtlesim/moc_turtle_frame.cpp[0m
[6.960s] [35m[1mScanning dependencies of target turtlesim_node[0m
[7.039s] [ 77%] [32mBuilding CXX object CMakeFiles/turtlesim_node.dir/src/turtlesim.cpp.o[0m
[9.609s] [ 78%] [32m[1mLinking CXX executable turtle_teleop_key[0m
[9.830s] [ 78%] Built target turtle_teleop_key
[9.835s] [ 79%] [32mBuilding CXX object CMakeFiles/turtlesim_node.dir/src/turtle.cpp.o[0m
[9.849s] [35m[1mScanning dependencies of target turtlesim__python[0m
[9.911s] [ 80%] [32mBuilding C object CMakeFiles/turtlesim__python.dir/rosidl_generator_py/turtlesim/action/_rotate_absolute_s.c.o[0m
[10.027s] [ 81%] [32mBuilding C object CMakeFiles/turtlesim__python.dir/rosidl_generator_py/turtlesim/msg/_color_s.c.o[0m
[10.095s] [ 82%] [32mBuilding C object CMakeFiles/turtlesim__python.dir/rosidl_generator_py/turtlesim/msg/_pose_s.c.o[0m
[10.175s] [ 83%] [32mBuilding C object CMakeFiles/turtlesim__python.dir/rosidl_generator_py/turtlesim/srv/_kill_s.c.o[0m
[10.243s] [ 84%] [32mBuilding C object CMakeFiles/turtlesim__python.dir/rosidl_generator_py/turtlesim/srv/_set_pen_s.c.o[0m
[10.327s] [ 85%] [32mBuilding C object CMakeFiles/turtlesim__python.dir/rosidl_generator_py/turtlesim/srv/_spawn_s.c.o[0m
[10.393s] [ 86%] [32mBuilding C object CMakeFiles/turtlesim__python.dir/rosidl_generator_py/turtlesim/srv/_teleport_absolute_s.c.o[0m
[10.479s] [ 87%] [32mBuilding C object CMakeFiles/turtlesim__python.dir/rosidl_generator_py/turtlesim/srv/_teleport_relative_s.c.o[0m
[10.556s] [ 88%] [32m[1mLinking C shared library rosidl_generator_py/turtlesim/libturtlesim__python.so[0m
[10.603s] [ 88%] Built target turtlesim__python
[10.610s] [35m[1mScanning dependencies of target turtlesim__rosidl_typesupport_introspection_c__pyext[0m
[10.628s] [ 89%] [32mBuilding C object CMakeFiles/turtlesim__rosidl_typesupport_introspection_c__pyext.dir/rosidl_generator_py/turtlesim/_turtlesim_s.ep.rosidl_typesupport_introspection_c.c.o[0m
[10.715s] [ 90%] [32m[1mLinking C shared library rosidl_generator_py/turtlesim/turtlesim_s__rosidl_typesupport_introspection_c.cpython-38-aarch64-linux-gnu.so[0m
[10.740s] [ 90%] Built target turtlesim__rosidl_typesupport_introspection_c__pyext
[10.747s] [35m[1mScanning dependencies of target turtlesim__rosidl_typesupport_fastrtps_c__pyext[0m
[10.766s] [ 91%] [32mBuilding C object CMakeFiles/turtlesim__rosidl_typesupport_fastrtps_c__pyext.dir/rosidl_generator_py/turtlesim/_turtlesim_s.ep.rosidl_typesupport_fastrtps_c.c.o[0m
[10.830s] [ 92%] [32m[1mLinking CXX executable mimic[0m
[10.863s] [ 93%] [32m[1mLinking CXX shared library rosidl_generator_py/turtlesim/turtlesim_s__rosidl_typesupport_fastrtps_c.cpython-38-aarch64-linux-gnu.so[0m
[10.909s] [ 93%] Built target turtlesim__rosidl_typesupport_fastrtps_c__pyext
[10.915s] [35m[1mScanning dependencies of target turtlesim__rosidl_typesupport_c__pyext[0m
[10.932s] [ 94%] [32mBuilding C object CMakeFiles/turtlesim__rosidl_typesupport_c__pyext.dir/rosidl_generator_py/turtlesim/_turtlesim_s.ep.rosidl_typesupport_c.c.o[0m
[11.022s] [ 95%] [32m[1mLinking C shared library rosidl_generator_py/turtlesim/turtlesim_s__rosidl_typesupport_c.cpython-38-aarch64-linux-gnu.so[0m
[11.045s] [ 95%] Built target turtlesim__rosidl_typesupport_c__pyext
[11.052s] [ 96%] [32mBuilding CXX object CMakeFiles/turtlesim_node.dir/src/turtle_frame.cpp.o[0m
[11.067s] [ 96%] Built target mimic
[11.081s] [ 97%] [32mBuilding CXX object CMakeFiles/turtlesim_node.dir/include/turtlesim/moc_turtle_frame.cpp.o[0m
[11.091s] [ 98%] [32m[1mLinking CXX executable draw_square[0m
[11.348s] [ 98%] Built target draw_square
[15.924s] [100%] [32m[1mLinking CXX executable turtlesim_node[0m
[16.893s] [100%] Built target turtlesim_node
[16.907s] Invoked command in '/home/yifu/ros2_ws/build/turtlesim' returned '0': CMAKE_PREFIX_PATH=/opt/ros/galactic /usr/bin/cmake --build /home/yifu/ros2_ws/build/turtlesim -- -j4 -l4
[17.021s] Invoking command in '/home/yifu/ros2_ws/build/turtlesim': CMAKE_PREFIX_PATH=/opt/ros/galactic /usr/bin/cmake --install /home/yifu/ros2_ws/build/turtlesim
[17.026s] -- Install configuration: ""
[17.027s] -- Installing: /home/yifu/ros2_ws/install/turtlesim/share/ament_index/resource_index/rosidl_interfaces/turtlesim
[17.027s] -- Installing: /home/yifu/ros2_ws/install/turtlesim/include/turtlesim
[17.027s] -- Installing: /home/yifu/ros2_ws/install/turtlesim/include/turtlesim/srv
[17.027s] -- Installing: /home/yifu/ros2_ws/install/turtlesim/include/turtlesim/srv/detail
[17.027s] -- Installing: /home/yifu/ros2_ws/install/turtlesim/include/turtlesim/srv/detail/kill__functions.c
[17.027s] -- Installing: /home/yifu/ros2_ws/install/turtlesim/include/turtlesim/srv/detail/teleport_absolute__functions.h
[17.027s] -- Installing: /home/yifu/ros2_ws/install/turtlesim/include/turtlesim/srv/detail/teleport_absolute__type_support.h
[17.027s] -- Installing: /home/yifu/ros2_ws/install/turtlesim/include/turtlesim/srv/detail/teleport_absolute__functions.c
[17.027s] -- Installing: /home/yifu/ros2_ws/install/turtlesim/include/turtlesim/srv/detail/set_pen__type_support.h
[17.028s] -- Installing: /home/yifu/ros2_ws/install/turtlesim/include/turtlesim/srv/detail/spawn__struct.h
[17.028s] -- Installing: /home/yifu/ros2_ws/install/turtlesim/include/turtlesim/srv/detail/teleport_absolute__struct.h
[17.028s] -- Installing: /home/yifu/ros2_ws/install/turtlesim/include/turtlesim/srv/detail/kill__functions.h
[17.028s] -- Installing: /home/yifu/ros2_ws/install/turtlesim/include/turtlesim/srv/detail/set_pen__struct.h
[17.028s] -- Installing: /home/yifu/ros2_ws/install/turtlesim/include/turtlesim/srv/detail/teleport_relative__functions.c
[17.028s] -- Installing: /home/yifu/ros2_ws/install/turtlesim/include/turtlesim/srv/detail/spawn__type_support.h
[17.028s] -- Installing: /home/yifu/ros2_ws/install/turtlesim/include/turtlesim/srv/detail/teleport_relative__type_support.h
[17.028s] -- Installing: /home/yifu/ros2_ws/install/turtlesim/include/turtlesim/srv/detail/set_pen__functions.h
[17.028s] -- Installing: /home/yifu/ros2_ws/install/turtlesim/include/turtlesim/srv/detail/set_pen__functions.c
[17.028s] -- Installing: /home/yifu/ros2_ws/install/turtlesim/include/turtlesim/srv/detail/kill__type_support.h
[17.028s] -- Installing: /home/yifu/ros2_ws/install/turtlesim/include/turtlesim/srv/detail/spawn__functions.c
[17.028s] -- Installing: /home/yifu/ros2_ws/install/turtlesim/include/turtlesim/srv/detail/spawn__functions.h
[17.028s] -- Installing: /home/yifu/ros2_ws/install/turtlesim/include/turtlesim/srv/detail/teleport_relative__struct.h
[17.028s] -- Installing: /home/yifu/ros2_ws/install/turtlesim/include/turtlesim/srv/detail/kill__struct.h
[17.029s] -- Installing: /home/yifu/ros2_ws/install/turtlesim/include/turtlesim/srv/detail/teleport_relative__functions.h
[17.029s] -- Installing: /home/yifu/ros2_ws/install/turtlesim/include/turtlesim/srv/teleport_relative.h
[17.029s] -- Installing: /home/yifu/ros2_ws/install/turtlesim/include/turtlesim/srv/spawn.h
[17.029s] -- Installing: /home/yifu/ros2_ws/install/turtlesim/include/turtlesim/srv/set_pen.h
[17.029s] -- Installing: /home/yifu/ros2_ws/install/turtlesim/include/turtlesim/srv/teleport_absolute.h
[17.029s] -- Installing: /home/yifu/ros2_ws/install/turtlesim/include/turtlesim/srv/kill.h
[17.029s] -- Installing: /home/yifu/ros2_ws/install/turtlesim/include/turtlesim/action
[17.029s] -- Installing: /home/yifu/ros2_ws/install/turtlesim/include/turtlesim/action/detail
[17.029s] -- Installing: /home/yifu/ros2_ws/install/turtlesim/include/turtlesim/action/detail/rotate_absolute__struct.h
[17.029s] -- Installing: /home/yifu/ros2_ws/install/turtlesim/include/turtlesim/action/detail/rotate_absolute__functions.c
[17.029s] -- Installing: /home/yifu/ros2_ws/install/turtlesim/include/turtlesim/action/detail/rotate_absolute__type_support.h
[17.029s] -- Installing: /home/yifu/ros2_ws/install/turtlesim/include/turtlesim/action/detail/rotate_absolute__functions.h
[17.030s] -- Installing: /home/yifu/ros2_ws/install/turtlesim/include/turtlesim/action/rotate_absolute.h
[17.030s] -- Installing: /home/yifu/ros2_ws/install/turtlesim/include/turtlesim/msg
[17.030s] -- Installing: /home/yifu/ros2_ws/install/turtlesim/include/turtlesim/msg/detail
[17.030s] -- Installing: /home/yifu/ros2_ws/install/turtlesim/include/turtlesim/msg/detail/pose__type_support.h
[17.030s] -- Installing: /home/yifu/ros2_ws/install/turtlesim/include/turtlesim/msg/detail/pose__struct.h
[17.030s] -- Installing: /home/yifu/ros2_ws/install/turtlesim/include/turtlesim/msg/detail/pose__functions.h
[17.030s] -- Installing: /home/yifu/ros2_ws/install/turtlesim/include/turtlesim/msg/detail/color__functions.c
[17.030s] -- Installing: /home/yifu/ros2_ws/install/turtlesim/include/turtlesim/msg/detail/pose__functions.c
[17.030s] -- Installing: /home/yifu/ros2_ws/install/turtlesim/include/turtlesim/msg/detail/color__functions.h
[17.030s] -- Installing: /home/yifu/ros2_ws/install/turtlesim/include/turtlesim/msg/detail/color__type_support.h
[17.030s] -- Installing: /home/yifu/ros2_ws/install/turtlesim/include/turtlesim/msg/detail/color__struct.h
[17.030s] -- Installing: /home/yifu/ros2_ws/install/turtlesim/include/turtlesim/msg/pose.h
[17.030s] -- Installing: /home/yifu/ros2_ws/install/turtlesim/include/turtlesim/msg/color.h
[17.030s] -- Installing: /home/yifu/ros2_ws/install/turtlesim/include/turtlesim/msg/rosidl_generator_c__visibility_control.h
[17.031s] -- Installing: /home/yifu/ros2_ws/install/turtlesim/share/turtlesim/environment/library_path.sh
[17.031s] -- Installing: /home/yifu/ros2_ws/install/turtlesim/share/turtlesim/environment/library_path.dsv
[17.031s] -- Installing: /home/yifu/ros2_ws/install/turtlesim/lib/libturtlesim__rosidl_generator_c.so
[17.031s] -- Set runtime path of "/home/yifu/ros2_ws/install/turtlesim/lib/libturtlesim__rosidl_generator_c.so" to ""
[17.031s] -- Up-to-date: /home/yifu/ros2_ws/install/turtlesim/include/turtlesim
[17.031s] -- Up-to-date: /home/yifu/ros2_ws/install/turtlesim/include/turtlesim/srv
[17.031s] -- Up-to-date: /home/yifu/ros2_ws/install/turtlesim/include/turtlesim/srv/detail
[17.031s] -- Installing: /home/yifu/ros2_ws/install/turtlesim/include/turtlesim/srv/detail/teleport_relative__rosidl_typesupport_fastrtps_c.h
[17.031s] -- Installing: /home/yifu/ros2_ws/install/turtlesim/include/turtlesim/srv/detail/set_pen__rosidl_typesupport_fastrtps_c.h
[17.031s] -- Installing: /home/yifu/ros2_ws/install/turtlesim/include/turtlesim/srv/detail/kill__rosidl_typesupport_fastrtps_c.h
[17.032s] -- Installing: /home/yifu/ros2_ws/install/turtlesim/include/turtlesim/srv/detail/spawn__rosidl_typesupport_fastrtps_c.h
[17.032s] -- Installing: /home/yifu/ros2_ws/install/turtlesim/include/turtlesim/srv/detail/teleport_absolute__rosidl_typesupport_fastrtps_c.h
[17.032s] -- Up-to-date: /home/yifu/ros2_ws/install/turtlesim/include/turtlesim/action
[17.032s] -- Up-to-date: /home/yifu/ros2_ws/install/turtlesim/include/turtlesim/action/detail
[17.032s] -- Installing: /home/yifu/ros2_ws/install/turtlesim/include/turtlesim/action/detail/rotate_absolute__rosidl_typesupport_fastrtps_c.h
[17.032s] -- Up-to-date: /home/yifu/ros2_ws/install/turtlesim/include/turtlesim/msg
[17.032s] -- Up-to-date: /home/yifu/ros2_ws/install/turtlesim/include/turtlesim/msg/detail
[17.032s] -- Installing: /home/yifu/ros2_ws/install/turtlesim/include/turtlesim/msg/detail/pose__rosidl_typesupport_fastrtps_c.h
[17.032s] -- Installing: /home/yifu/ros2_ws/install/turtlesim/include/turtlesim/msg/detail/color__rosidl_typesupport_fastrtps_c.h
[17.032s] -- Installing: /home/yifu/ros2_ws/install/turtlesim/include/turtlesim/msg/rosidl_typesupport_fastrtps_c__visibility_control.h
[17.032s] -- Installing: /home/yifu/ros2_ws/install/turtlesim/lib/libturtlesim__rosidl_typesupport_fastrtps_c.so
[17.032s] -- Set runtime path of "/home/yifu/ros2_ws/install/turtlesim/lib/libturtlesim__rosidl_typesupport_fastrtps_c.so" to ""
[17.032s] -- Up-to-date: /home/yifu/ros2_ws/install/turtlesim/include/turtlesim
[17.032s] -- Up-to-date: /home/yifu/ros2_ws/install/turtlesim/include/turtlesim/srv
[17.033s] -- Up-to-date: /home/yifu/ros2_ws/install/turtlesim/include/turtlesim/srv/detail
[17.033s] -- Installing: /home/yifu/ros2_ws/install/turtlesim/include/turtlesim/srv/detail/kill__rosidl_typesupport_fastrtps_cpp.hpp
[17.033s] -- Installing: /home/yifu/ros2_ws/install/turtlesim/include/turtlesim/srv/detail/teleport_relative__rosidl_typesupport_fastrtps_cpp.hpp
[17.033s] -- Installing: /home/yifu/ros2_ws/install/turtlesim/include/turtlesim/srv/detail/dds_fastrtps
[17.033s] -- Installing: /home/yifu/ros2_ws/install/turtlesim/include/turtlesim/srv/detail/set_pen__rosidl_typesupport_fastrtps_cpp.hpp
[17.033s] -- Installing: /home/yifu/ros2_ws/install/turtlesim/include/turtlesim/srv/detail/teleport_absolute__rosidl_typesupport_fastrtps_cpp.hpp
[17.033s] -- Installing: /home/yifu/ros2_ws/install/turtlesim/include/turtlesim/srv/detail/spawn__rosidl_typesupport_fastrtps_cpp.hpp
[17.033s] -- Up-to-date: /home/yifu/ros2_ws/install/turtlesim/include/turtlesim/action
[17.033s] -- Up-to-date: /home/yifu/ros2_ws/install/turtlesim/include/turtlesim/action/detail
[17.033s] -- Installing: /home/yifu/ros2_ws/install/turtlesim/include/turtlesim/action/detail/dds_fastrtps
[17.033s] -- Installing: /home/yifu/ros2_ws/install/turtlesim/include/turtlesim/action/detail/rotate_absolute__rosidl_typesupport_fastrtps_cpp.hpp
[17.033s] -- Up-to-date: /home/yifu/ros2_ws/install/turtlesim/include/turtlesim/msg
[17.033s] -- Up-to-date: /home/yifu/ros2_ws/install/turtlesim/include/turtlesim/msg/detail
[17.033s] -- Installing: /home/yifu/ros2_ws/install/turtlesim/include/turtlesim/msg/detail/color__rosidl_typesupport_fastrtps_cpp.hpp
[17.033s] -- Installing: /home/yifu/ros2_ws/install/turtlesim/include/turtlesim/msg/detail/dds_fastrtps
[17.033s] -- Installing: /home/yifu/ros2_ws/install/turtlesim/include/turtlesim/msg/detail/pose__rosidl_typesupport_fastrtps_cpp.hpp
[17.033s] -- Installing: /home/yifu/ros2_ws/install/turtlesim/include/turtlesim/msg/rosidl_typesupport_fastrtps_cpp__visibility_control.h
[17.034s] -- Installing: /home/yifu/ros2_ws/install/turtlesim/lib/libturtlesim__rosidl_typesupport_fastrtps_cpp.so
[17.034s] -- Set runtime path of "/home/yifu/ros2_ws/install/turtlesim/lib/libturtlesim__rosidl_typesupport_fastrtps_cpp.so" to ""
[17.034s] -- Up-to-date: /home/yifu/ros2_ws/install/turtlesim/include/turtlesim
[17.034s] -- Up-to-date: /home/yifu/ros2_ws/install/turtlesim/include/turtlesim/srv
[17.034s] -- Up-to-date: /home/yifu/ros2_ws/install/turtlesim/include/turtlesim/srv/detail
[17.034s] -- Installing: /home/yifu/ros2_ws/install/turtlesim/include/turtlesim/srv/detail/teleport_relative__rosidl_typesupport_introspection_c.h
[17.034s] -- Installing: /home/yifu/ros2_ws/install/turtlesim/include/turtlesim/srv/detail/spawn__type_support.c
[17.034s] -- Installing: /home/yifu/ros2_ws/install/turtlesim/include/turtlesim/srv/detail/set_pen__type_support.c
[17.034s] -- Installing: /home/yifu/ros2_ws/install/turtlesim/include/turtlesim/srv/detail/kill__type_support.c
[17.034s] -- Installing: /home/yifu/ros2_ws/install/turtlesim/include/turtlesim/srv/detail/set_pen__rosidl_typesupport_introspection_c.h
[17.034s] -- Installing: /home/yifu/ros2_ws/install/turtlesim/include/turtlesim/srv/detail/spawn__rosidl_typesupport_introspection_c.h
[17.035s] -- Installing: /home/yifu/ros2_ws/install/turtlesim/include/turtlesim/srv/detail/teleport_absolute__type_support.c
[17.035s] -- Installing: /home/yifu/ros2_ws/install/turtlesim/include/turtlesim/srv/detail/teleport_relative__type_support.c
[17.035s] -- Installing: /home/yifu/ros2_ws/install/turtlesim/include/turtlesim/srv/detail/kill__rosidl_typesupport_introspection_c.h
[17.035s] -- Installing: /home/yifu/ros2_ws/install/turtlesim/include/turtlesim/srv/detail/teleport_absolute__rosidl_typesupport_introspection_c.h
[17.035s] -- Up-to-date: /home/yifu/ros2_ws/install/turtlesim/include/turtlesim/action
[17.035s] -- Up-to-date: /home/yifu/ros2_ws/install/turtlesim/include/turtlesim/action/detail
[17.035s] -- Installing: /home/yifu/ros2_ws/install/turtlesim/include/turtlesim/action/detail/rotate_absolute__rosidl_typesupport_introspection_c.h
[17.035s] -- Installing: /home/yifu/ros2_ws/install/turtlesim/include/turtlesim/action/detail/rotate_absolute__type_support.c
[17.035s] -- Up-to-date: /home/yifu/ros2_ws/install/turtlesim/include/turtlesim/msg
[17.035s] -- Up-to-date: /home/yifu/ros2_ws/install/turtlesim/include/turtlesim/msg/detail
[17.035s] -- Installing: /home/yifu/ros2_ws/install/turtlesim/include/turtlesim/msg/detail/pose__type_support.c
[17.035s] -- Installing: /home/yifu/ros2_ws/install/turtlesim/include/turtlesim/msg/detail/pose__rosidl_typesupport_introspection_c.h
[17.035s] -- Installing: /home/yifu/ros2_ws/install/turtlesim/include/turtlesim/msg/detail/color__rosidl_typesupport_introspection_c.h
[17.035s] -- Installing: /home/yifu/ros2_ws/install/turtlesim/include/turtlesim/msg/detail/color__type_support.c
[17.035s] -- Installing: /home/yifu/ros2_ws/install/turtlesim/include/turtlesim/msg/rosidl_typesupport_introspection_c__visibility_control.h
[17.036s] -- Installing: /home/yifu/ros2_ws/install/turtlesim/lib/libturtlesim__rosidl_typesupport_introspection_c.so
[17.036s] -- Set runtime path of "/home/yifu/ros2_ws/install/turtlesim/lib/libturtlesim__rosidl_typesupport_introspection_c.so" to ""
[17.036s] -- Installing: /home/yifu/ros2_ws/install/turtlesim/lib/libturtlesim__rosidl_typesupport_c.so
[17.036s] -- Set runtime path of "/home/yifu/ros2_ws/install/turtlesim/lib/libturtlesim__rosidl_typesupport_c.so" to ""
[17.036s] -- Up-to-date: /home/yifu/ros2_ws/install/turtlesim/include/turtlesim
[17.036s] -- Up-to-date: /home/yifu/ros2_ws/install/turtlesim/include/turtlesim/srv
[17.036s] -- Up-to-date: /home/yifu/ros2_ws/install/turtlesim/include/turtlesim/srv/detail
[17.036s] -- Installing: /home/yifu/ros2_ws/install/turtlesim/include/turtlesim/srv/detail/teleport_absolute__traits.hpp
[17.036s] -- Installing: /home/yifu/ros2_ws/install/turtlesim/include/turtlesim/srv/detail/spawn__struct.hpp
[17.037s] -- Installing: /home/yifu/ros2_ws/install/turtlesim/include/turtlesim/srv/detail/teleport_relative__builder.hpp
[17.037s] -- Installing: /home/yifu/ros2_ws/install/turtlesim/include/turtlesim/srv/detail/teleport_relative__struct.hpp
[17.037s] -- Installing: /home/yifu/ros2_ws/install/turtlesim/include/turtlesim/srv/detail/set_pen__struct.hpp
[17.037s] -- Installing: /home/yifu/ros2_ws/install/turtlesim/include/turtlesim/srv/detail/teleport_absolute__struct.hpp
[17.037s] -- Installing: /home/yifu/ros2_ws/install/turtlesim/include/turtlesim/srv/detail/teleport_relative__traits.hpp
[17.037s] -- Installing: /home/yifu/ros2_ws/install/turtlesim/include/turtlesim/srv/detail/spawn__builder.hpp
[17.037s] -- Installing: /home/yifu/ros2_ws/install/turtlesim/include/turtlesim/srv/detail/teleport_absolute__builder.hpp
[17.037s] -- Installing: /home/yifu/ros2_ws/install/turtlesim/include/turtlesim/srv/detail/spawn__traits.hpp
[17.037s] -- Installing: /home/yifu/ros2_ws/install/turtlesim/include/turtlesim/srv/detail/set_pen__builder.hpp
[17.037s] -- Installing: /home/yifu/ros2_ws/install/turtlesim/include/turtlesim/srv/detail/kill__struct.hpp
[17.037s] -- Installing: /home/yifu/ros2_ws/install/turtlesim/include/turtlesim/srv/detail/kill__builder.hpp
[17.037s] -- Installing: /home/yifu/ros2_ws/install/turtlesim/include/turtlesim/srv/detail/kill__traits.hpp
[17.038s] -- Installing: /home/yifu/ros2_ws/install/turtlesim/include/turtlesim/srv/detail/set_pen__traits.hpp
[17.038s] -- Installing: /home/yifu/ros2_ws/install/turtlesim/include/turtlesim/srv/teleport_relative.hpp
[17.038s] -- Installing: /home/yifu/ros2_ws/install/turtlesim/include/turtlesim/srv/spawn.hpp
[17.038s] -- Installing: /home/yifu/ros2_ws/install/turtlesim/include/turtlesim/srv/set_pen.hpp
[17.038s] -- Installing: /home/yifu/ros2_ws/install/turtlesim/include/turtlesim/srv/teleport_absolute.hpp
[17.038s] -- Installing: /home/yifu/ros2_ws/install/turtlesim/include/turtlesim/srv/kill.hpp
[17.038s] -- Up-to-date: /home/yifu/ros2_ws/install/turtlesim/include/turtlesim/action
[17.038s] -- Up-to-date: /home/yifu/ros2_ws/install/turtlesim/include/turtlesim/action/detail
[17.038s] -- Installing: /home/yifu/ros2_ws/install/turtlesim/include/turtlesim/action/detail/rotate_absolute__struct.hpp
[17.038s] -- Installing: /home/yifu/ros2_ws/install/turtlesim/include/turtlesim/action/detail/rotate_absolute__traits.hpp
[17.038s] -- Installing: /home/yifu/ros2_ws/install/turtlesim/include/turtlesim/action/detail/rotate_absolute__builder.hpp
[17.038s] -- Installing: /home/yifu/ros2_ws/install/turtlesim/include/turtlesim/action/rotate_absolute.hpp
[17.038s] -- Up-to-date: /home/yifu/ros2_ws/install/turtlesim/include/turtlesim/msg
[17.038s] -- Up-to-date: /home/yifu/ros2_ws/install/turtlesim/include/turtlesim/msg/detail
[17.038s] -- Installing: /home/yifu/ros2_ws/install/turtlesim/include/turtlesim/msg/detail/pose__builder.hpp
[17.038s] -- Installing: /home/yifu/ros2_ws/install/turtlesim/include/turtlesim/msg/detail/pose__struct.hpp
[17.038s] -- Installing: /home/yifu/ros2_ws/install/turtlesim/include/turtlesim/msg/detail/color__traits.hpp
[17.039s] -- Installing: /home/yifu/ros2_ws/install/turtlesim/include/turtlesim/msg/detail/color__builder.hpp
[17.039s] -- Installing: /home/yifu/ros2_ws/install/turtlesim/include/turtlesim/msg/detail/color__struct.hpp
[17.039s] -- Installing: /home/yifu/ros2_ws/install/turtlesim/include/turtlesim/msg/detail/pose__traits.hpp
[17.039s] -- Installing: /home/yifu/ros2_ws/install/turtlesim/include/turtlesim/msg/pose.hpp
[17.039s] -- Installing: /home/yifu/ros2_ws/install/turtlesim/include/turtlesim/msg/color.hpp
[17.039s] -- Up-to-date: /home/yifu/ros2_ws/install/turtlesim/include/turtlesim
[17.039s] -- Up-to-date: /home/yifu/ros2_ws/install/turtlesim/include/turtlesim/srv
[17.039s] -- Up-to-date: /home/yifu/ros2_ws/install/turtlesim/include/turtlesim/srv/detail
[17.039s] -- Installing: /home/yifu/ros2_ws/install/turtlesim/include/turtlesim/srv/detail/set_pen__type_support.cpp
[17.039s] -- Installing: /home/yifu/ros2_ws/install/turtlesim/include/turtlesim/srv/detail/teleport_relative__type_support.cpp
[17.039s] -- Installing: /home/yifu/ros2_ws/install/turtlesim/include/turtlesim/srv/detail/kill__rosidl_typesupport_introspection_cpp.hpp
[17.039s] -- Installing: /home/yifu/ros2_ws/install/turtlesim/include/turtlesim/srv/detail/teleport_absolute__rosidl_typesupport_introspection_cpp.hpp
[17.039s] -- Installing: /home/yifu/ros2_ws/install/turtlesim/include/turtlesim/srv/detail/teleport_relative__rosidl_typesupport_introspection_cpp.hpp
[17.039s] -- Installing: /home/yifu/ros2_ws/install/turtlesim/include/turtlesim/srv/detail/spawn__type_support.cpp
[17.039s] -- Installing: /home/yifu/ros2_ws/install/turtlesim/include/turtlesim/srv/detail/set_pen__rosidl_typesupport_introspection_cpp.hpp
[17.040s] -- Installing: /home/yifu/ros2_ws/install/turtlesim/include/turtlesim/srv/detail/kill__type_support.cpp
[17.040s] -- Installing: /home/yifu/ros2_ws/install/turtlesim/include/turtlesim/srv/detail/teleport_absolute__type_support.cpp
[17.040s] -- Installing: /home/yifu/ros2_ws/install/turtlesim/include/turtlesim/srv/detail/spawn__rosidl_typesupport_introspection_cpp.hpp
[17.040s] -- Up-to-date: /home/yifu/ros2_ws/install/turtlesim/include/turtlesim/action
[17.040s] -- Up-to-date: /home/yifu/ros2_ws/install/turtlesim/include/turtlesim/action/detail
[17.040s] -- Installing: /home/yifu/ros2_ws/install/turtlesim/include/turtlesim/action/detail/rotate_absolute__type_support.cpp
[17.040s] -- Installing: /home/yifu/ros2_ws/install/turtlesim/include/turtlesim/action/detail/rotate_absolute__rosidl_typesupport_introspection_cpp.hpp
[17.040s] -- Up-to-date: /home/yifu/ros2_ws/install/turtlesim/include/turtlesim/msg
[17.040s] -- Up-to-date: /home/yifu/ros2_ws/install/turtlesim/include/turtlesim/msg/detail
[17.040s] -- Installing: /home/yifu/ros2_ws/install/turtlesim/include/turtlesim/msg/detail/pose__type_support.cpp
[17.040s] -- Installing: /home/yifu/ros2_ws/install/turtlesim/include/turtlesim/msg/detail/pose__rosidl_typesupport_introspection_cpp.hpp
[17.040s] -- Installing: /home/yifu/ros2_ws/install/turtlesim/include/turtlesim/msg/detail/color__rosidl_typesupport_introspection_cpp.hpp
[17.040s] -- Installing: /home/yifu/ros2_ws/install/turtlesim/include/turtlesim/msg/detail/color__type_support.cpp
[17.040s] -- Installing: /home/yifu/ros2_ws/install/turtlesim/lib/libturtlesim__rosidl_typesupport_introspection_cpp.so
[17.040s] -- Set runtime path of "/home/yifu/ros2_ws/install/turtlesim/lib/libturtlesim__rosidl_typesupport_introspection_cpp.so" to ""
[17.040s] -- Installing: /home/yifu/ros2_ws/install/turtlesim/lib/libturtlesim__rosidl_typesupport_cpp.so
[17.041s] -- Set runtime path of "/home/yifu/ros2_ws/install/turtlesim/lib/libturtlesim__rosidl_typesupport_cpp.so" to ""
[17.041s] -- Installing: /home/yifu/ros2_ws/install/turtlesim/share/turtlesim/environment/pythonpath.sh
[17.041s] -- Installing: /home/yifu/ros2_ws/install/turtlesim/share/turtlesim/environment/pythonpath.dsv
[17.041s] -- Installing: /home/yifu/ros2_ws/install/turtlesim/lib/python3.8/site-packages/turtlesim/__init__.py
[17.061s] Compiling '/home/yifu/ros2_ws/install/turtlesim/lib/python3.8/site-packages/turtlesim/__init__.py'...
[17.064s] -- Installing: /home/yifu/ros2_ws/install/turtlesim/lib/python3.8/site-packages/turtlesim/action
[17.064s] -- Installing: /home/yifu/ros2_ws/install/turtlesim/lib/python3.8/site-packages/turtlesim/action/__init__.py
[17.064s] -- Installing: /home/yifu/ros2_ws/install/turtlesim/lib/python3.8/site-packages/turtlesim/action/_rotate_absolute.py
[17.064s] -- Installing: /home/yifu/ros2_ws/install/turtlesim/lib/python3.8/site-packages/turtlesim/action/_rotate_absolute_s.c
[17.064s] -- Installing: /home/yifu/ros2_ws/install/turtlesim/lib/python3.8/site-packages/turtlesim/msg
[17.064s] -- Installing: /home/yifu/ros2_ws/install/turtlesim/lib/python3.8/site-packages/turtlesim/msg/_pose.py
[17.064s] -- Installing: /home/yifu/ros2_ws/install/turtlesim/lib/python3.8/site-packages/turtlesim/msg/_color_s.c
[17.064s] -- Installing: /home/yifu/ros2_ws/install/turtlesim/lib/python3.8/site-packages/turtlesim/msg/__init__.py
[17.064s] -- Installing: /home/yifu/ros2_ws/install/turtlesim/lib/python3.8/site-packages/turtlesim/msg/_color.py
[17.064s] -- Installing: /home/yifu/ros2_ws/install/turtlesim/lib/python3.8/site-packages/turtlesim/msg/_pose_s.c
[17.064s] -- Installing: /home/yifu/ros2_ws/install/turtlesim/lib/python3.8/site-packages/turtlesim/srv
[17.065s] -- Installing: /home/yifu/ros2_ws/install/turtlesim/lib/python3.8/site-packages/turtlesim/srv/_kill.py
[17.065s] -- Installing: /home/yifu/ros2_ws/install/turtlesim/lib/python3.8/site-packages/turtlesim/srv/_kill_s.c
[17.065s] -- Installing: /home/yifu/ros2_ws/install/turtlesim/lib/python3.8/site-packages/turtlesim/srv/_teleport_absolute_s.c
[17.065s] -- Installing: /home/yifu/ros2_ws/install/turtlesim/lib/python3.8/site-packages/turtlesim/srv/_teleport_absolute.py
[17.065s] -- Installing: /home/yifu/ros2_ws/install/turtlesim/lib/python3.8/site-packages/turtlesim/srv/__init__.py
[17.065s] -- Installing: /home/yifu/ros2_ws/install/turtlesim/lib/python3.8/site-packages/turtlesim/srv/_spawn_s.c
[17.065s] -- Installing: /home/yifu/ros2_ws/install/turtlesim/lib/python3.8/site-packages/turtlesim/srv/_spawn.py
[17.065s] -- Installing: /home/yifu/ros2_ws/install/turtlesim/lib/python3.8/site-packages/turtlesim/srv/_set_pen_s.c
[17.066s] -- Installing: /home/yifu/ros2_ws/install/turtlesim/lib/python3.8/site-packages/turtlesim/srv/_teleport_relative_s.c
[17.066s] -- Installing: /home/yifu/ros2_ws/install/turtlesim/lib/python3.8/site-packages/turtlesim/srv/_teleport_relative.py
[17.066s] -- Installing: /home/yifu/ros2_ws/install/turtlesim/lib/python3.8/site-packages/turtlesim/srv/_set_pen.py
[17.066s] -- Installing: /home/yifu/ros2_ws/install/turtlesim/lib/python3.8/site-packages/turtlesim/turtlesim_s__rosidl_typesupport_fastrtps_c.cpython-38-aarch64-linux-gnu.so
[17.066s] -- Set runtime path of "/home/yifu/ros2_ws/install/turtlesim/lib/python3.8/site-packages/turtlesim/turtlesim_s__rosidl_typesupport_fastrtps_c.cpython-38-aarch64-linux-gnu.so" to ""
[17.066s] -- Installing: /home/yifu/ros2_ws/install/turtlesim/lib/python3.8/site-packages/turtlesim/turtlesim_s__rosidl_typesupport_introspection_c.cpython-38-aarch64-linux-gnu.so
[17.067s] -- Set runtime path of "/home/yifu/ros2_ws/install/turtlesim/lib/python3.8/site-packages/turtlesim/turtlesim_s__rosidl_typesupport_introspection_c.cpython-38-aarch64-linux-gnu.so" to ""
[17.067s] -- Installing: /home/yifu/ros2_ws/install/turtlesim/lib/python3.8/site-packages/turtlesim/turtlesim_s__rosidl_typesupport_c.cpython-38-aarch64-linux-gnu.so
[17.067s] -- Set runtime path of "/home/yifu/ros2_ws/install/turtlesim/lib/python3.8/site-packages/turtlesim/turtlesim_s__rosidl_typesupport_c.cpython-38-aarch64-linux-gnu.so" to ""
[17.067s] -- Installing: /home/yifu/ros2_ws/install/turtlesim/lib/libturtlesim__python.so
[17.067s] -- Set runtime path of "/home/yifu/ros2_ws/install/turtlesim/lib/libturtlesim__python.so" to ""
[17.068s] -- Installing: /home/yifu/ros2_ws/install/turtlesim/share/turtlesim/action/RotateAbsolute.idl
[17.068s] -- Installing: /home/yifu/ros2_ws/install/turtlesim/share/turtlesim/msg/Color.idl
[17.068s] -- Installing: /home/yifu/ros2_ws/install/turtlesim/share/turtlesim/msg/Pose.idl
[17.068s] -- Installing: /home/yifu/ros2_ws/install/turtlesim/share/turtlesim/srv/Kill.idl
[17.068s] -- Installing: /home/yifu/ros2_ws/install/turtlesim/share/turtlesim/srv/SetPen.idl
[17.068s] -- Installing: /home/yifu/ros2_ws/install/turtlesim/share/turtlesim/srv/Spawn.idl
[17.068s] -- Installing: /home/yifu/ros2_ws/install/turtlesim/share/turtlesim/srv/TeleportAbsolute.idl
[17.068s] -- Installing: /home/yifu/ros2_ws/install/turtlesim/share/turtlesim/srv/TeleportRelative.idl
[17.068s] -- Installing: /home/yifu/ros2_ws/install/turtlesim/share/turtlesim/action/RotateAbsolute.action
[17.068s] -- Installing: /home/yifu/ros2_ws/install/turtlesim/share/turtlesim/msg/Color.msg
[17.068s] -- Installing: /home/yifu/ros2_ws/install/turtlesim/share/turtlesim/msg/Pose.msg
[17.068s] -- Installing: /home/yifu/ros2_ws/install/turtlesim/share/turtlesim/srv/Kill.srv
[17.069s] -- Installing: /home/yifu/ros2_ws/install/turtlesim/share/turtlesim/srv/Kill_Request.msg
[17.069s] -- Installing: /home/yifu/ros2_ws/install/turtlesim/share/turtlesim/srv/Kill_Response.msg
[17.069s] -- Installing: /home/yifu/ros2_ws/install/turtlesim/share/turtlesim/srv/SetPen.srv
[17.069s] -- Installing: /home/yifu/ros2_ws/install/turtlesim/share/turtlesim/srv/SetPen_Request.msg
[17.069s] -- Installing: /home/yifu/ros2_ws/install/turtlesim/share/turtlesim/srv/SetPen_Response.msg
[17.069s] -- Installing: /home/yifu/ros2_ws/install/turtlesim/share/turtlesim/srv/Spawn.srv
[17.069s] -- Installing: /home/yifu/ros2_ws/install/turtlesim/share/turtlesim/srv/Spawn_Request.msg
[17.069s] -- Installing: /home/yifu/ros2_ws/install/turtlesim/share/turtlesim/srv/Spawn_Response.msg
[17.069s] -- Installing: /home/yifu/ros2_ws/install/turtlesim/share/turtlesim/srv/TeleportAbsolute.srv
[17.069s] -- Installing: /home/yifu/ros2_ws/install/turtlesim/share/turtlesim/srv/TeleportAbsolute_Request.msg
[17.070s] -- Installing: /home/yifu/ros2_ws/install/turtlesim/share/turtlesim/srv/TeleportAbsolute_Response.msg
[17.070s] -- Installing: /home/yifu/ros2_ws/install/turtlesim/share/turtlesim/srv/TeleportRelative.srv
[17.070s] -- Installing: /home/yifu/ros2_ws/install/turtlesim/share/turtlesim/srv/TeleportRelative_Request.msg
[17.070s] -- Installing: /home/yifu/ros2_ws/install/turtlesim/share/turtlesim/srv/TeleportRelative_Response.msg
[17.070s] -- Installing: /home/yifu/ros2_ws/install/turtlesim/lib/turtlesim/turtlesim_node
[17.073s] -- Set runtime path of "/home/yifu/ros2_ws/install/turtlesim/lib/turtlesim/turtlesim_node" to ""
[17.073s] -- Installing: /home/yifu/ros2_ws/install/turtlesim/lib/turtlesim/turtle_teleop_key
[17.075s] -- Set runtime path of "/home/yifu/ros2_ws/install/turtlesim/lib/turtlesim/turtle_teleop_key" to ""
[17.075s] -- Installing: /home/yifu/ros2_ws/install/turtlesim/lib/turtlesim/draw_square
[17.077s] -- Set runtime path of "/home/yifu/ros2_ws/install/turtlesim/lib/turtlesim/draw_square" to ""
[17.077s] -- Installing: /home/yifu/ros2_ws/install/turtlesim/lib/turtlesim/mimic
[17.079s] -- Set runtime path of "/home/yifu/ros2_ws/install/turtlesim/lib/turtlesim/mimic" to ""
[17.079s] -- Installing: /home/yifu/ros2_ws/install/turtlesim/share/turtlesim/images
[17.079s] -- Installing: /home/yifu/ros2_ws/install/turtlesim/share/turtlesim/images/ardent.png
[17.079s] -- Installing: /home/yifu/ros2_ws/install/turtlesim/share/turtlesim/images/crystal.png
[17.079s] -- Installing: /home/yifu/ros2_ws/install/turtlesim/share/turtlesim/images/bouncy.png
[17.080s] -- Installing: /home/yifu/ros2_ws/install/turtlesim/share/turtlesim/images/galactic.png
[17.080s] -- Installing: /home/yifu/ros2_ws/install/turtlesim/share/turtlesim/images/foxy.png
[17.080s] -- Installing: /home/yifu/ros2_ws/install/turtlesim/share/turtlesim/images/eloquent.png
[17.080s] -- Installing: /home/yifu/ros2_ws/install/turtlesim/share/turtlesim/images/dashing.png
[17.080s] -- Installing: /home/yifu/ros2_ws/install/turtlesim/share/turtlesim/launch
[17.080s] -- Installing: /home/yifu/ros2_ws/install/turtlesim/share/turtlesim/launch/multisim.launch.py
[17.080s] -- Installing: /home/yifu/ros2_ws/install/turtlesim/share/ament_index/resource_index/package_run_dependencies/turtlesim
[17.080s] -- Installing: /home/yifu/ros2_ws/install/turtlesim/share/ament_index/resource_index/parent_prefix_path/turtlesim
[17.080s] -- Installing: /home/yifu/ros2_ws/install/turtlesim/share/turtlesim/environment/ament_prefix_path.sh
[17.080s] -- Installing: /home/yifu/ros2_ws/install/turtlesim/share/turtlesim/environment/ament_prefix_path.dsv
[17.081s] -- Installing: /home/yifu/ros2_ws/install/turtlesim/share/turtlesim/environment/path.sh
[17.081s] -- Installing: /home/yifu/ros2_ws/install/turtlesim/share/turtlesim/environment/path.dsv
[17.081s] -- Installing: /home/yifu/ros2_ws/install/turtlesim/share/turtlesim/local_setup.bash
[17.081s] -- Installing: /home/yifu/ros2_ws/install/turtlesim/share/turtlesim/local_setup.sh
[17.081s] -- Installing: /home/yifu/ros2_ws/install/turtlesim/share/turtlesim/local_setup.zsh
[17.081s] -- Installing: /home/yifu/ros2_ws/install/turtlesim/share/turtlesim/local_setup.dsv
[17.081s] -- Installing: /home/yifu/ros2_ws/install/turtlesim/share/turtlesim/package.dsv
[17.081s] -- Installing: /home/yifu/ros2_ws/install/turtlesim/share/ament_index/resource_index/packages/turtlesim
[17.081s] -- Installing: /home/yifu/ros2_ws/install/turtlesim/share/turtlesim/cmake/turtlesim__rosidl_generator_cExport.cmake
[17.081s] -- Installing: /home/yifu/ros2_ws/install/turtlesim/share/turtlesim/cmake/turtlesim__rosidl_generator_cExport-noconfig.cmake
[17.081s] -- Installing: /home/yifu/ros2_ws/install/turtlesim/share/turtlesim/cmake/turtlesim__rosidl_typesupport_introspection_cExport.cmake
[17.081s] -- Installing: /home/yifu/ros2_ws/install/turtlesim/share/turtlesim/cmake/turtlesim__rosidl_typesupport_introspection_cExport-noconfig.cmake
[17.082s] -- Installing: /home/yifu/ros2_ws/install/turtlesim/share/turtlesim/cmake/turtlesim__rosidl_typesupport_cExport.cmake
[17.082s] -- Installing: /home/yifu/ros2_ws/install/turtlesim/share/turtlesim/cmake/turtlesim__rosidl_typesupport_cExport-noconfig.cmake
[17.082s] -- Installing: /home/yifu/ros2_ws/install/turtlesim/share/turtlesim/cmake/turtlesim__rosidl_generator_cppExport.cmake
[17.082s] -- Installing: /home/yifu/ros2_ws/install/turtlesim/share/turtlesim/cmake/turtlesim__rosidl_typesupport_introspection_cppExport.cmake
[17.082s] -- Installing: /home/yifu/ros2_ws/install/turtlesim/share/turtlesim/cmake/turtlesim__rosidl_typesupport_introspection_cppExport-noconfig.cmake
[17.082s] -- Installing: /home/yifu/ros2_ws/install/turtlesim/share/turtlesim/cmake/turtlesim__rosidl_typesupport_cppExport.cmake
[17.082s] -- Installing: /home/yifu/ros2_ws/install/turtlesim/share/turtlesim/cmake/turtlesim__rosidl_typesupport_cppExport-noconfig.cmake
[17.082s] -- Installing: /home/yifu/ros2_ws/install/turtlesim/share/turtlesim/cmake/rosidl_cmake-extras.cmake
[17.083s] -- Installing: /home/yifu/ros2_ws/install/turtlesim/share/turtlesim/cmake/ament_cmake_export_dependencies-extras.cmake
[17.083s] -- Installing: /home/yifu/ros2_ws/install/turtlesim/share/turtlesim/cmake/ament_cmake_export_libraries-extras.cmake
[17.083s] -- Installing: /home/yifu/ros2_ws/install/turtlesim/share/turtlesim/cmake/ament_cmake_export_targets-extras.cmake
[17.083s] -- Installing: /home/yifu/ros2_ws/install/turtlesim/share/turtlesim/cmake/ament_cmake_export_include_directories-extras.cmake
[17.083s] -- Installing: /home/yifu/ros2_ws/install/turtlesim/share/turtlesim/cmake/rosidl_cmake_export_typesupport_libraries-extras.cmake
[17.083s] -- Installing: /home/yifu/ros2_ws/install/turtlesim/share/turtlesim/cmake/rosidl_cmake_export_typesupport_targets-extras.cmake
[17.083s] -- Installing: /home/yifu/ros2_ws/install/turtlesim/share/turtlesim/cmake/turtlesimConfig.cmake
[17.083s] -- Installing: /home/yifu/ros2_ws/install/turtlesim/share/turtlesim/cmake/turtlesimConfig-version.cmake
[17.083s] -- Installing: /home/yifu/ros2_ws/install/turtlesim/share/turtlesim/package.xml
[17.086s] Invoked command in '/home/yifu/ros2_ws/build/turtlesim' returned '0': CMAKE_PREFIX_PATH=/opt/ros/galactic /usr/bin/cmake --install /home/yifu/ros2_ws/build/turtlesim
