[0.537s] Invoking command in '/home/yifu/ros2_ws/src/proxemic_detector_pkg': PYTHONPATH=/home/yifu/ros2_ws/install/proxemic_detector_pkg/lib/python3.8/site-packages:${PYTHONPATH} /usr/bin/python3 setup.py egg_info --egg-base ../../build/proxemic_detector_pkg build --build-base /home/yifu/ros2_ws/build/proxemic_detector_pkg/build install --prefix /home/yifu/ros2_ws/install/proxemic_detector_pkg --record /home/yifu/ros2_ws/build/proxemic_detector_pkg/install.log --single-version-externally-managed
[0.713s] running egg_info
[0.713s] creating ../../build/proxemic_detector_pkg/proxemic_detector_pkg.egg-info
[0.713s] writing ../../build/proxemic_detector_pkg/proxemic_detector_pkg.egg-info/PKG-INFO
[0.714s] writing dependency_links to ../../build/proxemic_detector_pkg/proxemic_detector_pkg.egg-info/dependency_links.txt
[0.714s] writing entry points to ../../build/proxemic_detector_pkg/proxemic_detector_pkg.egg-info/entry_points.txt
[0.714s] writing requirements to ../../build/proxemic_detector_pkg/proxemic_detector_pkg.egg-info/requires.txt
[0.714s] writing top-level names to ../../build/proxemic_detector_pkg/proxemic_detector_pkg.egg-info/top_level.txt
[0.715s] writing manifest file '../../build/proxemic_detector_pkg/proxemic_detector_pkg.egg-info/SOURCES.txt'
[0.734s] reading manifest file '../../build/proxemic_detector_pkg/proxemic_detector_pkg.egg-info/SOURCES.txt'
[0.734s] writing manifest file '../../build/proxemic_detector_pkg/proxemic_detector_pkg.egg-info/SOURCES.txt'
[0.734s] running build
[0.734s] running build_py
[0.734s] creating /home/yifu/ros2_ws/build/proxemic_detector_pkg/build
[0.734s] creating /home/yifu/ros2_ws/build/proxemic_detector_pkg/build/lib
[0.734s] creating /home/yifu/ros2_ws/build/proxemic_detector_pkg/build/lib/proxemic_detector_pkg
[0.734s] copying proxemic_detector_pkg/turtlebot_proxemic_detector_node.py -> /home/yifu/ros2_ws/build/proxemic_detector_pkg/build/lib/proxemic_detector_pkg
[0.734s] copying proxemic_detector_pkg/__init__.py -> /home/yifu/ros2_ws/build/proxemic_detector_pkg/build/lib/proxemic_detector_pkg
[0.735s] running install
[0.735s] running install_lib
[0.736s] creating /home/yifu/ros2_ws/install/proxemic_detector_pkg/lib/python3.8/site-packages/proxemic_detector_pkg
[0.736s] copying /home/yifu/ros2_ws/build/proxemic_detector_pkg/build/lib/proxemic_detector_pkg/turtlebot_proxemic_detector_node.py -> /home/yifu/ros2_ws/install/proxemic_detector_pkg/lib/python3.8/site-packages/proxemic_detector_pkg
[0.736s] copying /home/yifu/ros2_ws/build/proxemic_detector_pkg/build/lib/proxemic_detector_pkg/__init__.py -> /home/yifu/ros2_ws/install/proxemic_detector_pkg/lib/python3.8/site-packages/proxemic_detector_pkg
[0.736s] byte-compiling /home/yifu/ros2_ws/install/proxemic_detector_pkg/lib/python3.8/site-packages/proxemic_detector_pkg/turtlebot_proxemic_detector_node.py to turtlebot_proxemic_detector_node.cpython-38.pyc
[0.738s] byte-compiling /home/yifu/ros2_ws/install/proxemic_detector_pkg/lib/python3.8/site-packages/proxemic_detector_pkg/__init__.py to __init__.cpython-38.pyc
[0.738s] running install_data
[0.738s] creating /home/yifu/ros2_ws/install/proxemic_detector_pkg/share
[0.738s] creating /home/yifu/ros2_ws/install/proxemic_detector_pkg/share/ament_index
[0.738s] creating /home/yifu/ros2_ws/install/proxemic_detector_pkg/share/ament_index/resource_index
[0.739s] creating /home/yifu/ros2_ws/install/proxemic_detector_pkg/share/ament_index/resource_index/packages
[0.739s] copying resource/proxemic_detector_pkg -> /home/yifu/ros2_ws/install/proxemic_detector_pkg/share/ament_index/resource_index/packages
[0.739s] creating /home/yifu/ros2_ws/install/proxemic_detector_pkg/share/proxemic_detector_pkg
[0.739s] copying package.xml -> /home/yifu/ros2_ws/install/proxemic_detector_pkg/share/proxemic_detector_pkg
[0.739s] running install_egg_info
[0.739s] Copying ../../build/proxemic_detector_pkg/proxemic_detector_pkg.egg-info to /home/yifu/ros2_ws/install/proxemic_detector_pkg/lib/python3.8/site-packages/proxemic_detector_pkg-0.0.0-py3.8.egg-info
[0.740s] running install_scripts
[0.750s] Installing turtlebot_proxemic_detector_node script to /home/yifu/ros2_ws/install/proxemic_detector_pkg/lib/proxemic_detector_pkg
[0.751s] writing list of installed files to '/home/yifu/ros2_ws/build/proxemic_detector_pkg/install.log'
[0.764s] Invoked command in '/home/yifu/ros2_ws/src/proxemic_detector_pkg' returned '0': PYTHONPATH=/home/yifu/ros2_ws/install/proxemic_detector_pkg/lib/python3.8/site-packages:${PYTHONPATH} /usr/bin/python3 setup.py egg_info --egg-base ../../build/proxemic_detector_pkg build --build-base /home/yifu/ros2_ws/build/proxemic_detector_pkg/build install --prefix /home/yifu/ros2_ws/install/proxemic_detector_pkg --record /home/yifu/ros2_ws/build/proxemic_detector_pkg/install.log --single-version-externally-managed
