[0.388s] Invoking command in '/home/yifu/ros2_ws/src/proxemic_detector_pkg': PYTHONPATH=/home/yifu/ros2_ws/src/install/proxemic_detector_pkg/lib/python3.8/site-packages:${PYTHONPATH} /usr/bin/python3 setup.py egg_info --egg-base ../build/proxemic_detector_pkg build --build-base /home/yifu/ros2_ws/src/build/proxemic_detector_pkg/build install --prefix /home/yifu/ros2_ws/src/install/proxemic_detector_pkg --record /home/yifu/ros2_ws/src/build/proxemic_detector_pkg/install.log --single-version-externally-managed
[0.503s] running egg_info
[0.503s] writing ../build/proxemic_detector_pkg/proxemic_detector_pkg.egg-info/PKG-INFO
[0.504s] writing dependency_links to ../build/proxemic_detector_pkg/proxemic_detector_pkg.egg-info/dependency_links.txt
[0.504s] writing entry points to ../build/proxemic_detector_pkg/proxemic_detector_pkg.egg-info/entry_points.txt
[0.504s] writing requirements to ../build/proxemic_detector_pkg/proxemic_detector_pkg.egg-info/requires.txt
[0.504s] writing top-level names to ../build/proxemic_detector_pkg/proxemic_detector_pkg.egg-info/top_level.txt
[0.524s] reading manifest file '../build/proxemic_detector_pkg/proxemic_detector_pkg.egg-info/SOURCES.txt'
[0.524s] writing manifest file '../build/proxemic_detector_pkg/proxemic_detector_pkg.egg-info/SOURCES.txt'
[0.524s] running build
[0.524s] running build_py
[0.525s] running install
[0.525s] running install_lib
[0.527s] running install_data
[0.527s] copying package.xml -> /home/yifu/ros2_ws/src/install/proxemic_detector_pkg/share/proxemic_detector_pkg
[0.527s] running install_egg_info
[0.528s] removing '/home/yifu/ros2_ws/src/install/proxemic_detector_pkg/lib/python3.8/site-packages/proxemic_detector_pkg-0.0.0-py3.8.egg-info' (and everything under it)
[0.528s] Copying ../build/proxemic_detector_pkg/proxemic_detector_pkg.egg-info to /home/yifu/ros2_ws/src/install/proxemic_detector_pkg/lib/python3.8/site-packages/proxemic_detector_pkg-0.0.0-py3.8.egg-info
[0.529s] running install_scripts
[0.540s] Installing turtlebot_proxemic_detector_node script to /home/yifu/ros2_ws/src/install/proxemic_detector_pkg/lib/proxemic_detector_pkg
[0.540s] writing list of installed files to '/home/yifu/ros2_ws/src/build/proxemic_detector_pkg/install.log'
[0.554s] Invoked command in '/home/yifu/ros2_ws/src/proxemic_detector_pkg' returned '0': PYTHONPATH=/home/yifu/ros2_ws/src/install/proxemic_detector_pkg/lib/python3.8/site-packages:${PYTHONPATH} /usr/bin/python3 setup.py egg_info --egg-base ../build/proxemic_detector_pkg build --build-base /home/yifu/ros2_ws/src/build/proxemic_detector_pkg/build install --prefix /home/yifu/ros2_ws/src/install/proxemic_detector_pkg --record /home/yifu/ros2_ws/src/build/proxemic_detector_pkg/install.log --single-version-externally-managed
